ARM GAS  /var/folders/vr/85797ndx6jd_r3n_lsprlrj40000gn/T//cc2nYlJh.s 			page 1


   1              		.cpu cortex-m0
   2              		.eabi_attribute 20, 1
   3              		.eabi_attribute 21, 1
   4              		.eabi_attribute 23, 3
   5              		.eabi_attribute 24, 1
   6              		.eabi_attribute 25, 1
   7              		.eabi_attribute 26, 1
   8              		.eabi_attribute 30, 2
   9              		.eabi_attribute 34, 0
  10              		.eabi_attribute 18, 4
  11              		.file	"dma.c"
  12              		.text
  13              	.Ltext0:
  14              		.cfi_sections	.debug_frame
  15              		.section	.text.MX_DMA_Init,"ax",%progbits
  16              		.align	1
  17              		.p2align 2,,3
  18              		.global	MX_DMA_Init
  19              		.arch armv6s-m
  20              		.syntax unified
  21              		.code	16
  22              		.thumb_func
  23              		.fpu softvfp
  25              	MX_DMA_Init:
  26              	.LFB37:
  27              		.file 1 "Core/Src/dma.c"
   1:Core/Src/dma.c **** /**
   2:Core/Src/dma.c ****   ******************************************************************************
   3:Core/Src/dma.c ****   * File Name          : dma.c
   4:Core/Src/dma.c ****   * Description        : This file provides code for the configuration
   5:Core/Src/dma.c ****   *                      of all the requested memory to memory DMA transfers.
   6:Core/Src/dma.c ****   ******************************************************************************
   7:Core/Src/dma.c ****   * @attention
   8:Core/Src/dma.c ****   *
   9:Core/Src/dma.c ****   * <h2><center>&copy; Copyright (c) 2019 STMicroelectronics.
  10:Core/Src/dma.c ****   * All rights reserved.</center></h2>
  11:Core/Src/dma.c ****   *
  12:Core/Src/dma.c ****   * This software component is licensed by ST under BSD 3-Clause license,
  13:Core/Src/dma.c ****   * the "License"; You may not use this file except in compliance with the
  14:Core/Src/dma.c ****   * License. You may obtain a copy of the License at:
  15:Core/Src/dma.c ****   *                        opensource.org/licenses/BSD-3-Clause
  16:Core/Src/dma.c ****   *
  17:Core/Src/dma.c ****   ******************************************************************************
  18:Core/Src/dma.c ****   */
  19:Core/Src/dma.c **** /* Includes ------------------------------------------------------------------*/
  20:Core/Src/dma.c **** #include "dma.h"
  21:Core/Src/dma.c **** 
  22:Core/Src/dma.c **** /* USER CODE BEGIN 0 */
  23:Core/Src/dma.c **** 
  24:Core/Src/dma.c **** /* USER CODE END 0 */
  25:Core/Src/dma.c **** 
  26:Core/Src/dma.c **** /*----------------------------------------------------------------------------*/
  27:Core/Src/dma.c **** /* Configure DMA                                                              */
  28:Core/Src/dma.c **** /*----------------------------------------------------------------------------*/
  29:Core/Src/dma.c **** 
  30:Core/Src/dma.c **** /* USER CODE BEGIN 1 */
  31:Core/Src/dma.c **** 
ARM GAS  /var/folders/vr/85797ndx6jd_r3n_lsprlrj40000gn/T//cc2nYlJh.s 			page 2


  32:Core/Src/dma.c **** /* USER CODE END 1 */
  33:Core/Src/dma.c **** 
  34:Core/Src/dma.c **** /** 
  35:Core/Src/dma.c ****   * Enable DMA controller clock
  36:Core/Src/dma.c ****   */
  37:Core/Src/dma.c **** void MX_DMA_Init(void) 
  38:Core/Src/dma.c **** {
  28              		.loc 1 38 1 view -0
  29              		.cfi_startproc
  30              		@ args = 0, pretend = 0, frame = 8
  31              		@ frame_needed = 0, uses_anonymous_args = 0
  39:Core/Src/dma.c ****   /* DMA controller clock enable */
  40:Core/Src/dma.c ****   __HAL_RCC_DMA1_CLK_ENABLE();
  32              		.loc 1 40 3 view .LVU1
  33              	.LBB2:
  34              		.loc 1 40 3 view .LVU2
  35              		.loc 1 40 3 view .LVU3
  36 0000 0123     		movs	r3, #1
  37 0002 0E4A     		ldr	r2, .L3
  38              	.LBE2:
  38:Core/Src/dma.c ****   /* DMA controller clock enable */
  39              		.loc 1 38 1 is_stmt 0 view .LVU4
  40 0004 00B5     		push	{lr}
  41              	.LCFI0:
  42              		.cfi_def_cfa_offset 4
  43              		.cfi_offset 14, -4
  44              	.LBB3:
  45              		.loc 1 40 3 view .LVU5
  46 0006 5169     		ldr	r1, [r2, #20]
  47              	.LBE3:
  38:Core/Src/dma.c ****   /* DMA controller clock enable */
  48              		.loc 1 38 1 view .LVU6
  49 0008 83B0     		sub	sp, sp, #12
  50              	.LCFI1:
  51              		.cfi_def_cfa_offset 16
  52              	.LBB4:
  53              		.loc 1 40 3 view .LVU7
  54 000a 1943     		orrs	r1, r3
  55 000c 5161     		str	r1, [r2, #20]
  56              		.loc 1 40 3 is_stmt 1 view .LVU8
  57 000e 5269     		ldr	r2, [r2, #20]
  58              	.LBE4:
  41:Core/Src/dma.c **** 
  42:Core/Src/dma.c ****   /* DMA interrupt init */
  43:Core/Src/dma.c ****   /* DMA1_Channel2_3_IRQn interrupt configuration */
  44:Core/Src/dma.c ****   HAL_NVIC_SetPriority(DMA1_Channel2_3_IRQn, 0, 0);
  59              		.loc 1 44 3 is_stmt 0 view .LVU9
  60 0010 0021     		movs	r1, #0
  61              	.LBB5:
  40:Core/Src/dma.c **** 
  62              		.loc 1 40 3 view .LVU10
  63 0012 1340     		ands	r3, r2
  64 0014 0193     		str	r3, [sp, #4]
  40:Core/Src/dma.c **** 
  65              		.loc 1 40 3 is_stmt 1 view .LVU11
  66              	.LBE5:
  67              		.loc 1 44 3 is_stmt 0 view .LVU12
ARM GAS  /var/folders/vr/85797ndx6jd_r3n_lsprlrj40000gn/T//cc2nYlJh.s 			page 3


  68 0016 0022     		movs	r2, #0
  69 0018 0A20     		movs	r0, #10
  70              	.LBB6:
  40:Core/Src/dma.c **** 
  71              		.loc 1 40 3 view .LVU13
  72 001a 019B     		ldr	r3, [sp, #4]
  73              	.LBE6:
  74              		.loc 1 44 3 is_stmt 1 view .LVU14
  75 001c FFF7FEFF 		bl	HAL_NVIC_SetPriority
  76              	.LVL0:
  45:Core/Src/dma.c ****   HAL_NVIC_EnableIRQ(DMA1_Channel2_3_IRQn);
  77              		.loc 1 45 3 view .LVU15
  78 0020 0A20     		movs	r0, #10
  79 0022 FFF7FEFF 		bl	HAL_NVIC_EnableIRQ
  80              	.LVL1:
  46:Core/Src/dma.c ****   /* DMA1_Channel4_5_IRQn interrupt configuration */
  47:Core/Src/dma.c ****   HAL_NVIC_SetPriority(DMA1_Channel4_5_IRQn, 0, 0);
  81              		.loc 1 47 3 view .LVU16
  82 0026 0022     		movs	r2, #0
  83 0028 0021     		movs	r1, #0
  84 002a 0B20     		movs	r0, #11
  85 002c FFF7FEFF 		bl	HAL_NVIC_SetPriority
  86              	.LVL2:
  48:Core/Src/dma.c ****   HAL_NVIC_EnableIRQ(DMA1_Channel4_5_IRQn);
  87              		.loc 1 48 3 view .LVU17
  88 0030 0B20     		movs	r0, #11
  89 0032 FFF7FEFF 		bl	HAL_NVIC_EnableIRQ
  90              	.LVL3:
  49:Core/Src/dma.c **** 
  50:Core/Src/dma.c **** }
  91              		.loc 1 50 1 is_stmt 0 view .LVU18
  92 0036 03B0     		add	sp, sp, #12
  93              		@ sp needed
  94 0038 00BD     		pop	{pc}
  95              	.L4:
  96 003a C046     		.align	2
  97              	.L3:
  98 003c 00100240 		.word	1073876992
  99              		.cfi_endproc
 100              	.LFE37:
 102              		.text
 103              	.Letext0:
 104              		.file 2 "/usr/local/Cellar/arm-gcc-bin/8-2018-q4-major/arm-none-eabi/include/machine/_default_type
 105              		.file 3 "/usr/local/Cellar/arm-gcc-bin/8-2018-q4-major/arm-none-eabi/include/sys/_stdint.h"
 106              		.file 4 "Drivers/CMSIS/Device/ST/STM32F0xx/Include/system_stm32f0xx.h"
 107              		.file 5 "Drivers/CMSIS/Device/ST/STM32F0xx/Include/stm32f030xc.h"
 108              		.file 6 "/usr/local/Cellar/arm-gcc-bin/8-2018-q4-major/arm-none-eabi/include/sys/lock.h"
 109              		.file 7 "/usr/local/Cellar/arm-gcc-bin/8-2018-q4-major/arm-none-eabi/include/sys/_types.h"
 110              		.file 8 "/usr/local/Cellar/arm-gcc-bin/8-2018-q4-major/lib/gcc/arm-none-eabi/8.2.1/include/stddef.
 111              		.file 9 "/usr/local/Cellar/arm-gcc-bin/8-2018-q4-major/arm-none-eabi/include/sys/reent.h"
 112              		.file 10 "Drivers/STM32F0xx_HAL_Driver/Inc/stm32f0xx_hal_cortex.h"
ARM GAS  /var/folders/vr/85797ndx6jd_r3n_lsprlrj40000gn/T//cc2nYlJh.s 			page 4


DEFINED SYMBOLS
                            *ABS*:0000000000000000 dma.c
/var/folders/vr/85797ndx6jd_r3n_lsprlrj40000gn/T//cc2nYlJh.s:16     .text.MX_DMA_Init:0000000000000000 $t
/var/folders/vr/85797ndx6jd_r3n_lsprlrj40000gn/T//cc2nYlJh.s:25     .text.MX_DMA_Init:0000000000000000 MX_DMA_Init
/var/folders/vr/85797ndx6jd_r3n_lsprlrj40000gn/T//cc2nYlJh.s:98     .text.MX_DMA_Init:000000000000003c $d

UNDEFINED SYMBOLS
HAL_NVIC_SetPriority
HAL_NVIC_EnableIRQ
