ARM GAS  /var/folders/vr/85797ndx6jd_r3n_lsprlrj40000gn/T//cc3jCYIi.s 			page 1


   1              		.cpu cortex-m0
   2              		.eabi_attribute 20, 1
   3              		.eabi_attribute 21, 1
   4              		.eabi_attribute 23, 3
   5              		.eabi_attribute 24, 1
   6              		.eabi_attribute 25, 1
   7              		.eabi_attribute 26, 1
   8              		.eabi_attribute 30, 2
   9              		.eabi_attribute 34, 0
  10              		.eabi_attribute 18, 4
  11              		.file	"stm32f0xx_hal_spi_ex.c"
  12              		.text
  13              	.Ltext0:
  14              		.cfi_sections	.debug_frame
  15              		.section	.text.HAL_SPIEx_FlushRxFifo,"ax",%progbits
  16              		.align	1
  17              		.p2align 2,,3
  18              		.global	HAL_SPIEx_FlushRxFifo
  19              		.arch armv6s-m
  20              		.syntax unified
  21              		.code	16
  22              		.thumb_func
  23              		.fpu softvfp
  25              	HAL_SPIEx_FlushRxFifo:
  26              	.LVL0:
  27              	.LFB37:
  28              		.file 1 "Drivers/STM32F0xx_HAL_Driver/Src/stm32f0xx_hal_spi_ex.c"
   1:Drivers/STM32F0xx_HAL_Driver/Src/stm32f0xx_hal_spi_ex.c **** /**
   2:Drivers/STM32F0xx_HAL_Driver/Src/stm32f0xx_hal_spi_ex.c ****   ******************************************************************************
   3:Drivers/STM32F0xx_HAL_Driver/Src/stm32f0xx_hal_spi_ex.c ****   * @file    stm32f0xx_hal_spi_ex.c
   4:Drivers/STM32F0xx_HAL_Driver/Src/stm32f0xx_hal_spi_ex.c ****   * @author  MCD Application Team
   5:Drivers/STM32F0xx_HAL_Driver/Src/stm32f0xx_hal_spi_ex.c ****   * @brief   Extended SPI HAL module driver.
   6:Drivers/STM32F0xx_HAL_Driver/Src/stm32f0xx_hal_spi_ex.c ****   *          This file provides firmware functions to manage the following
   7:Drivers/STM32F0xx_HAL_Driver/Src/stm32f0xx_hal_spi_ex.c ****   *          SPI peripheral extended functionalities :
   8:Drivers/STM32F0xx_HAL_Driver/Src/stm32f0xx_hal_spi_ex.c ****   *           + IO operation functions
   9:Drivers/STM32F0xx_HAL_Driver/Src/stm32f0xx_hal_spi_ex.c ****   *
  10:Drivers/STM32F0xx_HAL_Driver/Src/stm32f0xx_hal_spi_ex.c ****   ******************************************************************************
  11:Drivers/STM32F0xx_HAL_Driver/Src/stm32f0xx_hal_spi_ex.c ****   * @attention
  12:Drivers/STM32F0xx_HAL_Driver/Src/stm32f0xx_hal_spi_ex.c ****   *
  13:Drivers/STM32F0xx_HAL_Driver/Src/stm32f0xx_hal_spi_ex.c ****   * <h2><center>&copy; COPYRIGHT(c) 2016 STMicroelectronics</center></h2>
  14:Drivers/STM32F0xx_HAL_Driver/Src/stm32f0xx_hal_spi_ex.c ****   *
  15:Drivers/STM32F0xx_HAL_Driver/Src/stm32f0xx_hal_spi_ex.c ****   * Redistribution and use in source and binary forms, with or without modification,
  16:Drivers/STM32F0xx_HAL_Driver/Src/stm32f0xx_hal_spi_ex.c ****   * are permitted provided that the following conditions are met:
  17:Drivers/STM32F0xx_HAL_Driver/Src/stm32f0xx_hal_spi_ex.c ****   *   1. Redistributions of source code must retain the above copyright notice,
  18:Drivers/STM32F0xx_HAL_Driver/Src/stm32f0xx_hal_spi_ex.c ****   *      this list of conditions and the following disclaimer.
  19:Drivers/STM32F0xx_HAL_Driver/Src/stm32f0xx_hal_spi_ex.c ****   *   2. Redistributions in binary form must reproduce the above copyright notice,
  20:Drivers/STM32F0xx_HAL_Driver/Src/stm32f0xx_hal_spi_ex.c ****   *      this list of conditions and the following disclaimer in the documentation
  21:Drivers/STM32F0xx_HAL_Driver/Src/stm32f0xx_hal_spi_ex.c ****   *      and/or other materials provided with the distribution.
  22:Drivers/STM32F0xx_HAL_Driver/Src/stm32f0xx_hal_spi_ex.c ****   *   3. Neither the name of STMicroelectronics nor the names of its contributors
  23:Drivers/STM32F0xx_HAL_Driver/Src/stm32f0xx_hal_spi_ex.c ****   *      may be used to endorse or promote products derived from this software
  24:Drivers/STM32F0xx_HAL_Driver/Src/stm32f0xx_hal_spi_ex.c ****   *      without specific prior written permission.
  25:Drivers/STM32F0xx_HAL_Driver/Src/stm32f0xx_hal_spi_ex.c ****   *
  26:Drivers/STM32F0xx_HAL_Driver/Src/stm32f0xx_hal_spi_ex.c ****   * THIS SOFTWARE IS PROVIDED BY THE COPYRIGHT HOLDERS AND CONTRIBUTORS "AS IS"
  27:Drivers/STM32F0xx_HAL_Driver/Src/stm32f0xx_hal_spi_ex.c ****   * AND ANY EXPRESS OR IMPLIED WARRANTIES, INCLUDING, BUT NOT LIMITED TO, THE
  28:Drivers/STM32F0xx_HAL_Driver/Src/stm32f0xx_hal_spi_ex.c ****   * IMPLIED WARRANTIES OF MERCHANTABILITY AND FITNESS FOR A PARTICULAR PURPOSE ARE
  29:Drivers/STM32F0xx_HAL_Driver/Src/stm32f0xx_hal_spi_ex.c ****   * DISCLAIMED. IN NO EVENT SHALL THE COPYRIGHT HOLDER OR CONTRIBUTORS BE LIABLE
  30:Drivers/STM32F0xx_HAL_Driver/Src/stm32f0xx_hal_spi_ex.c ****   * FOR ANY DIRECT, INDIRECT, INCIDENTAL, SPECIAL, EXEMPLARY, OR CONSEQUENTIAL
ARM GAS  /var/folders/vr/85797ndx6jd_r3n_lsprlrj40000gn/T//cc3jCYIi.s 			page 2


  31:Drivers/STM32F0xx_HAL_Driver/Src/stm32f0xx_hal_spi_ex.c ****   * DAMAGES (INCLUDING, BUT NOT LIMITED TO, PROCUREMENT OF SUBSTITUTE GOODS OR
  32:Drivers/STM32F0xx_HAL_Driver/Src/stm32f0xx_hal_spi_ex.c ****   * SERVICES; LOSS OF USE, DATA, OR PROFITS; OR BUSINESS INTERRUPTION) HOWEVER
  33:Drivers/STM32F0xx_HAL_Driver/Src/stm32f0xx_hal_spi_ex.c ****   * CAUSED AND ON ANY THEORY OF LIABILITY, WHETHER IN CONTRACT, STRICT LIABILITY,
  34:Drivers/STM32F0xx_HAL_Driver/Src/stm32f0xx_hal_spi_ex.c ****   * OR TORT (INCLUDING NEGLIGENCE OR OTHERWISE) ARISING IN ANY WAY OUT OF THE USE
  35:Drivers/STM32F0xx_HAL_Driver/Src/stm32f0xx_hal_spi_ex.c ****   * OF THIS SOFTWARE, EVEN IF ADVISED OF THE POSSIBILITY OF SUCH DAMAGE.
  36:Drivers/STM32F0xx_HAL_Driver/Src/stm32f0xx_hal_spi_ex.c ****   *
  37:Drivers/STM32F0xx_HAL_Driver/Src/stm32f0xx_hal_spi_ex.c ****   ******************************************************************************
  38:Drivers/STM32F0xx_HAL_Driver/Src/stm32f0xx_hal_spi_ex.c ****   */
  39:Drivers/STM32F0xx_HAL_Driver/Src/stm32f0xx_hal_spi_ex.c **** 
  40:Drivers/STM32F0xx_HAL_Driver/Src/stm32f0xx_hal_spi_ex.c **** /* Includes ------------------------------------------------------------------*/
  41:Drivers/STM32F0xx_HAL_Driver/Src/stm32f0xx_hal_spi_ex.c **** #include "stm32f0xx_hal.h"
  42:Drivers/STM32F0xx_HAL_Driver/Src/stm32f0xx_hal_spi_ex.c **** 
  43:Drivers/STM32F0xx_HAL_Driver/Src/stm32f0xx_hal_spi_ex.c **** /** @addtogroup STM32F0xx_HAL_Driver
  44:Drivers/STM32F0xx_HAL_Driver/Src/stm32f0xx_hal_spi_ex.c ****   * @{
  45:Drivers/STM32F0xx_HAL_Driver/Src/stm32f0xx_hal_spi_ex.c ****   */
  46:Drivers/STM32F0xx_HAL_Driver/Src/stm32f0xx_hal_spi_ex.c **** 
  47:Drivers/STM32F0xx_HAL_Driver/Src/stm32f0xx_hal_spi_ex.c **** /** @defgroup SPIEx SPIEx
  48:Drivers/STM32F0xx_HAL_Driver/Src/stm32f0xx_hal_spi_ex.c ****   * @brief SPI Extended HAL module driver
  49:Drivers/STM32F0xx_HAL_Driver/Src/stm32f0xx_hal_spi_ex.c ****   * @{
  50:Drivers/STM32F0xx_HAL_Driver/Src/stm32f0xx_hal_spi_ex.c ****   */
  51:Drivers/STM32F0xx_HAL_Driver/Src/stm32f0xx_hal_spi_ex.c **** #ifdef HAL_SPI_MODULE_ENABLED
  52:Drivers/STM32F0xx_HAL_Driver/Src/stm32f0xx_hal_spi_ex.c **** 
  53:Drivers/STM32F0xx_HAL_Driver/Src/stm32f0xx_hal_spi_ex.c **** /* Private typedef -----------------------------------------------------------*/
  54:Drivers/STM32F0xx_HAL_Driver/Src/stm32f0xx_hal_spi_ex.c **** /* Private defines -----------------------------------------------------------*/
  55:Drivers/STM32F0xx_HAL_Driver/Src/stm32f0xx_hal_spi_ex.c **** /** @defgroup SPIEx_Private_Constants SPIEx Private Constants
  56:Drivers/STM32F0xx_HAL_Driver/Src/stm32f0xx_hal_spi_ex.c ****   * @{
  57:Drivers/STM32F0xx_HAL_Driver/Src/stm32f0xx_hal_spi_ex.c ****   */
  58:Drivers/STM32F0xx_HAL_Driver/Src/stm32f0xx_hal_spi_ex.c **** #define SPI_FIFO_SIZE       4
  59:Drivers/STM32F0xx_HAL_Driver/Src/stm32f0xx_hal_spi_ex.c **** /**
  60:Drivers/STM32F0xx_HAL_Driver/Src/stm32f0xx_hal_spi_ex.c ****   * @}
  61:Drivers/STM32F0xx_HAL_Driver/Src/stm32f0xx_hal_spi_ex.c ****   */
  62:Drivers/STM32F0xx_HAL_Driver/Src/stm32f0xx_hal_spi_ex.c **** 
  63:Drivers/STM32F0xx_HAL_Driver/Src/stm32f0xx_hal_spi_ex.c **** /* Private macros ------------------------------------------------------------*/
  64:Drivers/STM32F0xx_HAL_Driver/Src/stm32f0xx_hal_spi_ex.c **** /* Private variables ---------------------------------------------------------*/
  65:Drivers/STM32F0xx_HAL_Driver/Src/stm32f0xx_hal_spi_ex.c **** /* Private function prototypes -----------------------------------------------*/
  66:Drivers/STM32F0xx_HAL_Driver/Src/stm32f0xx_hal_spi_ex.c **** /* Exported functions ---------------------------------------------------------*/
  67:Drivers/STM32F0xx_HAL_Driver/Src/stm32f0xx_hal_spi_ex.c **** 
  68:Drivers/STM32F0xx_HAL_Driver/Src/stm32f0xx_hal_spi_ex.c **** /** @defgroup SPIEx_Exported_Functions SPIEx Exported Functions
  69:Drivers/STM32F0xx_HAL_Driver/Src/stm32f0xx_hal_spi_ex.c ****   * @{
  70:Drivers/STM32F0xx_HAL_Driver/Src/stm32f0xx_hal_spi_ex.c ****   */
  71:Drivers/STM32F0xx_HAL_Driver/Src/stm32f0xx_hal_spi_ex.c **** 
  72:Drivers/STM32F0xx_HAL_Driver/Src/stm32f0xx_hal_spi_ex.c **** /** @defgroup SPIEx_Exported_Functions_Group1 IO operation functions
  73:Drivers/STM32F0xx_HAL_Driver/Src/stm32f0xx_hal_spi_ex.c ****   *  @brief   Data transfers functions
  74:Drivers/STM32F0xx_HAL_Driver/Src/stm32f0xx_hal_spi_ex.c ****   *
  75:Drivers/STM32F0xx_HAL_Driver/Src/stm32f0xx_hal_spi_ex.c **** @verbatim
  76:Drivers/STM32F0xx_HAL_Driver/Src/stm32f0xx_hal_spi_ex.c ****   ==============================================================================
  77:Drivers/STM32F0xx_HAL_Driver/Src/stm32f0xx_hal_spi_ex.c ****                       ##### IO operation functions #####
  78:Drivers/STM32F0xx_HAL_Driver/Src/stm32f0xx_hal_spi_ex.c ****  ===============================================================================
  79:Drivers/STM32F0xx_HAL_Driver/Src/stm32f0xx_hal_spi_ex.c ****  [..]
  80:Drivers/STM32F0xx_HAL_Driver/Src/stm32f0xx_hal_spi_ex.c ****     This subsection provides a set of extended functions to manage the SPI
  81:Drivers/STM32F0xx_HAL_Driver/Src/stm32f0xx_hal_spi_ex.c ****     data transfers.
  82:Drivers/STM32F0xx_HAL_Driver/Src/stm32f0xx_hal_spi_ex.c **** 
  83:Drivers/STM32F0xx_HAL_Driver/Src/stm32f0xx_hal_spi_ex.c ****     (#) Rx data flush function:
  84:Drivers/STM32F0xx_HAL_Driver/Src/stm32f0xx_hal_spi_ex.c ****         (++) HAL_SPIEx_FlushRxFifo()
  85:Drivers/STM32F0xx_HAL_Driver/Src/stm32f0xx_hal_spi_ex.c **** 
  86:Drivers/STM32F0xx_HAL_Driver/Src/stm32f0xx_hal_spi_ex.c **** @endverbatim
  87:Drivers/STM32F0xx_HAL_Driver/Src/stm32f0xx_hal_spi_ex.c ****   * @{
ARM GAS  /var/folders/vr/85797ndx6jd_r3n_lsprlrj40000gn/T//cc3jCYIi.s 			page 3


  88:Drivers/STM32F0xx_HAL_Driver/Src/stm32f0xx_hal_spi_ex.c ****   */
  89:Drivers/STM32F0xx_HAL_Driver/Src/stm32f0xx_hal_spi_ex.c **** 
  90:Drivers/STM32F0xx_HAL_Driver/Src/stm32f0xx_hal_spi_ex.c **** /**
  91:Drivers/STM32F0xx_HAL_Driver/Src/stm32f0xx_hal_spi_ex.c ****   * @brief Flush the RX fifo.
  92:Drivers/STM32F0xx_HAL_Driver/Src/stm32f0xx_hal_spi_ex.c ****   * @param  hspi pointer to a SPI_HandleTypeDef structure that contains
  93:Drivers/STM32F0xx_HAL_Driver/Src/stm32f0xx_hal_spi_ex.c ****   *               the configuration information for the specified SPI module.
  94:Drivers/STM32F0xx_HAL_Driver/Src/stm32f0xx_hal_spi_ex.c ****   * @retval HAL status
  95:Drivers/STM32F0xx_HAL_Driver/Src/stm32f0xx_hal_spi_ex.c ****   */
  96:Drivers/STM32F0xx_HAL_Driver/Src/stm32f0xx_hal_spi_ex.c **** HAL_StatusTypeDef HAL_SPIEx_FlushRxFifo(SPI_HandleTypeDef *hspi)
  97:Drivers/STM32F0xx_HAL_Driver/Src/stm32f0xx_hal_spi_ex.c **** {
  29              		.loc 1 97 1 view -0
  30              		.cfi_startproc
  31              		@ args = 0, pretend = 0, frame = 8
  32              		@ frame_needed = 0, uses_anonymous_args = 0
  33              		@ link register save eliminated.
  98:Drivers/STM32F0xx_HAL_Driver/Src/stm32f0xx_hal_spi_ex.c ****   __IO uint32_t tmpreg;
  34              		.loc 1 98 3 view .LVU1
  99:Drivers/STM32F0xx_HAL_Driver/Src/stm32f0xx_hal_spi_ex.c ****   uint8_t  count = 0U;
  35              		.loc 1 99 3 view .LVU2
 100:Drivers/STM32F0xx_HAL_Driver/Src/stm32f0xx_hal_spi_ex.c ****   while ((hspi->Instance->SR & SPI_FLAG_FRLVL) !=  SPI_FRLVL_EMPTY)
  36              		.loc 1 100 3 view .LVU3
  37              		.loc 1 100 15 is_stmt 0 view .LVU4
  38 0000 0268     		ldr	r2, [r0]
  39              		.loc 1 100 30 view .LVU5
  40 0002 C020     		movs	r0, #192
  41              	.LVL1:
  42              		.loc 1 100 9 view .LVU6
  43 0004 0423     		movs	r3, #4
  97:Drivers/STM32F0xx_HAL_Driver/Src/stm32f0xx_hal_spi_ex.c ****   __IO uint32_t tmpreg;
  44              		.loc 1 97 1 view .LVU7
  45 0006 82B0     		sub	sp, sp, #8
  46              	.LCFI0:
  47              		.cfi_def_cfa_offset 8
  48              		.loc 1 100 30 view .LVU8
  49 0008 C000     		lsls	r0, r0, #3
  50              	.LVL2:
  51              	.L2:
  52              		.loc 1 100 25 view .LVU9
  53 000a 9168     		ldr	r1, [r2, #8]
  54              		.loc 1 100 9 view .LVU10
  55 000c 0142     		tst	r1, r0
  56 000e 09D0     		beq	.L7
 101:Drivers/STM32F0xx_HAL_Driver/Src/stm32f0xx_hal_spi_ex.c ****   {
 102:Drivers/STM32F0xx_HAL_Driver/Src/stm32f0xx_hal_spi_ex.c ****     count++;
  57              		.loc 1 102 5 is_stmt 1 view .LVU11
  58              	.LVL3:
 103:Drivers/STM32F0xx_HAL_Driver/Src/stm32f0xx_hal_spi_ex.c ****     tmpreg = hspi->Instance->DR;
  59              		.loc 1 103 5 view .LVU12
  60              		.loc 1 103 28 is_stmt 0 view .LVU13
  61 0010 D168     		ldr	r1, [r2, #12]
  62 0012 013B     		subs	r3, r3, #1
  63              	.LVL4:
  64              		.loc 1 103 12 view .LVU14
  65 0014 0191     		str	r1, [sp, #4]
 104:Drivers/STM32F0xx_HAL_Driver/Src/stm32f0xx_hal_spi_ex.c ****     UNUSED(tmpreg); /* To avoid GCC warning */
  66              		.loc 1 104 5 is_stmt 1 view .LVU15
  67 0016 DBB2     		uxtb	r3, r3
ARM GAS  /var/folders/vr/85797ndx6jd_r3n_lsprlrj40000gn/T//cc3jCYIi.s 			page 4


  68 0018 0199     		ldr	r1, [sp, #4]
 105:Drivers/STM32F0xx_HAL_Driver/Src/stm32f0xx_hal_spi_ex.c ****     if (count == SPI_FIFO_SIZE)
  69              		.loc 1 105 5 view .LVU16
  70              		.loc 1 105 8 is_stmt 0 view .LVU17
  71 001a 002B     		cmp	r3, #0
  72 001c F5D1     		bne	.L2
 106:Drivers/STM32F0xx_HAL_Driver/Src/stm32f0xx_hal_spi_ex.c ****     {
 107:Drivers/STM32F0xx_HAL_Driver/Src/stm32f0xx_hal_spi_ex.c ****       return HAL_TIMEOUT;
  73              		.loc 1 107 14 view .LVU18
  74 001e 0320     		movs	r0, #3
  75              	.L3:
 108:Drivers/STM32F0xx_HAL_Driver/Src/stm32f0xx_hal_spi_ex.c ****     }
 109:Drivers/STM32F0xx_HAL_Driver/Src/stm32f0xx_hal_spi_ex.c ****   }
 110:Drivers/STM32F0xx_HAL_Driver/Src/stm32f0xx_hal_spi_ex.c ****   return HAL_OK;
 111:Drivers/STM32F0xx_HAL_Driver/Src/stm32f0xx_hal_spi_ex.c **** }
  76              		.loc 1 111 1 view .LVU19
  77 0020 02B0     		add	sp, sp, #8
  78              		@ sp needed
  79 0022 7047     		bx	lr
  80              	.LVL5:
  81              	.L7:
 110:Drivers/STM32F0xx_HAL_Driver/Src/stm32f0xx_hal_spi_ex.c **** }
  82              		.loc 1 110 10 view .LVU20
  83 0024 0020     		movs	r0, #0
  84 0026 FBE7     		b	.L3
  85              		.cfi_endproc
  86              	.LFE37:
  88              		.text
  89              	.Letext0:
  90              		.file 2 "/usr/local/Cellar/arm-gcc-bin/8-2018-q4-major/arm-none-eabi/include/machine/_default_type
  91              		.file 3 "/usr/local/Cellar/arm-gcc-bin/8-2018-q4-major/arm-none-eabi/include/sys/_stdint.h"
  92              		.file 4 "Drivers/CMSIS/Device/ST/STM32F0xx/Include/system_stm32f0xx.h"
  93              		.file 5 "Drivers/CMSIS/Device/ST/STM32F0xx/Include/stm32f030xc.h"
  94              		.file 6 "/usr/local/Cellar/arm-gcc-bin/8-2018-q4-major/arm-none-eabi/include/sys/lock.h"
  95              		.file 7 "/usr/local/Cellar/arm-gcc-bin/8-2018-q4-major/arm-none-eabi/include/sys/_types.h"
  96              		.file 8 "/usr/local/Cellar/arm-gcc-bin/8-2018-q4-major/lib/gcc/arm-none-eabi/8.2.1/include/stddef.
  97              		.file 9 "/usr/local/Cellar/arm-gcc-bin/8-2018-q4-major/arm-none-eabi/include/sys/reent.h"
  98              		.file 10 "Drivers/STM32F0xx_HAL_Driver/Inc/stm32f0xx_hal_def.h"
  99              		.file 11 "Drivers/STM32F0xx_HAL_Driver/Inc/stm32f0xx_hal_dma.h"
 100              		.file 12 "Drivers/STM32F0xx_HAL_Driver/Inc/stm32f0xx_hal_spi.h"
ARM GAS  /var/folders/vr/85797ndx6jd_r3n_lsprlrj40000gn/T//cc3jCYIi.s 			page 5


DEFINED SYMBOLS
                            *ABS*:0000000000000000 stm32f0xx_hal_spi_ex.c
/var/folders/vr/85797ndx6jd_r3n_lsprlrj40000gn/T//cc3jCYIi.s:16     .text.HAL_SPIEx_FlushRxFifo:0000000000000000 $t
/var/folders/vr/85797ndx6jd_r3n_lsprlrj40000gn/T//cc3jCYIi.s:25     .text.HAL_SPIEx_FlushRxFifo:0000000000000000 HAL_SPIEx_FlushRxFifo

NO UNDEFINED SYMBOLS
