ARM GAS  /var/folders/vr/85797ndx6jd_r3n_lsprlrj40000gn/T//cc3Bs3r8.s 			page 1


   1              		.cpu cortex-m0
   2              		.eabi_attribute 20, 1
   3              		.eabi_attribute 21, 1
   4              		.eabi_attribute 23, 3
   5              		.eabi_attribute 24, 1
   6              		.eabi_attribute 25, 1
   7              		.eabi_attribute 26, 1
   8              		.eabi_attribute 30, 2
   9              		.eabi_attribute 34, 0
  10              		.eabi_attribute 18, 4
  11              		.file	"stm32f0xx_hal_uart_ex.c"
  12              		.text
  13              	.Ltext0:
  14              		.cfi_sections	.debug_frame
  15              		.section	.text.HAL_RS485Ex_Init,"ax",%progbits
  16              		.align	1
  17              		.p2align 2,,3
  18              		.global	HAL_RS485Ex_Init
  19              		.arch armv6s-m
  20              		.syntax unified
  21              		.code	16
  22              		.thumb_func
  23              		.fpu softvfp
  25              	HAL_RS485Ex_Init:
  26              	.LVL0:
  27              	.LFB37:
  28              		.file 1 "Drivers/STM32F0xx_HAL_Driver/Src/stm32f0xx_hal_uart_ex.c"
   1:Drivers/STM32F0xx_HAL_Driver/Src/stm32f0xx_hal_uart_ex.c **** /**
   2:Drivers/STM32F0xx_HAL_Driver/Src/stm32f0xx_hal_uart_ex.c ****   ******************************************************************************
   3:Drivers/STM32F0xx_HAL_Driver/Src/stm32f0xx_hal_uart_ex.c ****   * @file    stm32f0xx_hal_uart_ex.c
   4:Drivers/STM32F0xx_HAL_Driver/Src/stm32f0xx_hal_uart_ex.c ****   * @author  MCD Application Team
   5:Drivers/STM32F0xx_HAL_Driver/Src/stm32f0xx_hal_uart_ex.c ****   * @brief   Extended UART HAL module driver.
   6:Drivers/STM32F0xx_HAL_Driver/Src/stm32f0xx_hal_uart_ex.c ****   *          This file provides firmware functions to manage the following extended
   7:Drivers/STM32F0xx_HAL_Driver/Src/stm32f0xx_hal_uart_ex.c ****   *          functionalities of the Universal Asynchronous Receiver Transmitter Peripheral (UART).
   8:Drivers/STM32F0xx_HAL_Driver/Src/stm32f0xx_hal_uart_ex.c ****   *           + Initialization and de-initialization functions
   9:Drivers/STM32F0xx_HAL_Driver/Src/stm32f0xx_hal_uart_ex.c ****   *           + Peripheral Control functions
  10:Drivers/STM32F0xx_HAL_Driver/Src/stm32f0xx_hal_uart_ex.c ****   *
  11:Drivers/STM32F0xx_HAL_Driver/Src/stm32f0xx_hal_uart_ex.c ****   *
  12:Drivers/STM32F0xx_HAL_Driver/Src/stm32f0xx_hal_uart_ex.c ****   @verbatim
  13:Drivers/STM32F0xx_HAL_Driver/Src/stm32f0xx_hal_uart_ex.c ****   ==============================================================================
  14:Drivers/STM32F0xx_HAL_Driver/Src/stm32f0xx_hal_uart_ex.c ****                ##### UART peripheral extended features  #####
  15:Drivers/STM32F0xx_HAL_Driver/Src/stm32f0xx_hal_uart_ex.c ****   ==============================================================================
  16:Drivers/STM32F0xx_HAL_Driver/Src/stm32f0xx_hal_uart_ex.c **** 
  17:Drivers/STM32F0xx_HAL_Driver/Src/stm32f0xx_hal_uart_ex.c ****     (#) Declare a UART_HandleTypeDef handle structure.
  18:Drivers/STM32F0xx_HAL_Driver/Src/stm32f0xx_hal_uart_ex.c **** 
  19:Drivers/STM32F0xx_HAL_Driver/Src/stm32f0xx_hal_uart_ex.c ****     (#) For the UART RS485 Driver Enable mode, initialize the UART registers
  20:Drivers/STM32F0xx_HAL_Driver/Src/stm32f0xx_hal_uart_ex.c ****         by calling the HAL_RS485Ex_Init() API.
  21:Drivers/STM32F0xx_HAL_Driver/Src/stm32f0xx_hal_uart_ex.c **** 
  22:Drivers/STM32F0xx_HAL_Driver/Src/stm32f0xx_hal_uart_ex.c **** 
  23:Drivers/STM32F0xx_HAL_Driver/Src/stm32f0xx_hal_uart_ex.c ****   @endverbatim
  24:Drivers/STM32F0xx_HAL_Driver/Src/stm32f0xx_hal_uart_ex.c ****   ******************************************************************************
  25:Drivers/STM32F0xx_HAL_Driver/Src/stm32f0xx_hal_uart_ex.c ****   * @attention
  26:Drivers/STM32F0xx_HAL_Driver/Src/stm32f0xx_hal_uart_ex.c ****   *
  27:Drivers/STM32F0xx_HAL_Driver/Src/stm32f0xx_hal_uart_ex.c ****   * <h2><center>&copy; COPYRIGHT(c) 2016 STMicroelectronics</center></h2>
  28:Drivers/STM32F0xx_HAL_Driver/Src/stm32f0xx_hal_uart_ex.c ****   *
  29:Drivers/STM32F0xx_HAL_Driver/Src/stm32f0xx_hal_uart_ex.c ****   * Redistribution and use in source and binary forms, with or without modification,
  30:Drivers/STM32F0xx_HAL_Driver/Src/stm32f0xx_hal_uart_ex.c ****   * are permitted provided that the following conditions are met:
ARM GAS  /var/folders/vr/85797ndx6jd_r3n_lsprlrj40000gn/T//cc3Bs3r8.s 			page 2


  31:Drivers/STM32F0xx_HAL_Driver/Src/stm32f0xx_hal_uart_ex.c ****   *   1. Redistributions of source code must retain the above copyright notice,
  32:Drivers/STM32F0xx_HAL_Driver/Src/stm32f0xx_hal_uart_ex.c ****   *      this list of conditions and the following disclaimer.
  33:Drivers/STM32F0xx_HAL_Driver/Src/stm32f0xx_hal_uart_ex.c ****   *   2. Redistributions in binary form must reproduce the above copyright notice,
  34:Drivers/STM32F0xx_HAL_Driver/Src/stm32f0xx_hal_uart_ex.c ****   *      this list of conditions and the following disclaimer in the documentation
  35:Drivers/STM32F0xx_HAL_Driver/Src/stm32f0xx_hal_uart_ex.c ****   *      and/or other materials provided with the distribution.
  36:Drivers/STM32F0xx_HAL_Driver/Src/stm32f0xx_hal_uart_ex.c ****   *   3. Neither the name of STMicroelectronics nor the names of its contributors
  37:Drivers/STM32F0xx_HAL_Driver/Src/stm32f0xx_hal_uart_ex.c ****   *      may be used to endorse or promote products derived from this software
  38:Drivers/STM32F0xx_HAL_Driver/Src/stm32f0xx_hal_uart_ex.c ****   *      without specific prior written permission.
  39:Drivers/STM32F0xx_HAL_Driver/Src/stm32f0xx_hal_uart_ex.c ****   *
  40:Drivers/STM32F0xx_HAL_Driver/Src/stm32f0xx_hal_uart_ex.c ****   * THIS SOFTWARE IS PROVIDED BY THE COPYRIGHT HOLDERS AND CONTRIBUTORS "AS IS"
  41:Drivers/STM32F0xx_HAL_Driver/Src/stm32f0xx_hal_uart_ex.c ****   * AND ANY EXPRESS OR IMPLIED WARRANTIES, INCLUDING, BUT NOT LIMITED TO, THE
  42:Drivers/STM32F0xx_HAL_Driver/Src/stm32f0xx_hal_uart_ex.c ****   * IMPLIED WARRANTIES OF MERCHANTABILITY AND FITNESS FOR A PARTICULAR PURPOSE ARE
  43:Drivers/STM32F0xx_HAL_Driver/Src/stm32f0xx_hal_uart_ex.c ****   * DISCLAIMED. IN NO EVENT SHALL THE COPYRIGHT HOLDER OR CONTRIBUTORS BE LIABLE
  44:Drivers/STM32F0xx_HAL_Driver/Src/stm32f0xx_hal_uart_ex.c ****   * FOR ANY DIRECT, INDIRECT, INCIDENTAL, SPECIAL, EXEMPLARY, OR CONSEQUENTIAL
  45:Drivers/STM32F0xx_HAL_Driver/Src/stm32f0xx_hal_uart_ex.c ****   * DAMAGES (INCLUDING, BUT NOT LIMITED TO, PROCUREMENT OF SUBSTITUTE GOODS OR
  46:Drivers/STM32F0xx_HAL_Driver/Src/stm32f0xx_hal_uart_ex.c ****   * SERVICES; LOSS OF USE, DATA, OR PROFITS; OR BUSINESS INTERRUPTION) HOWEVER
  47:Drivers/STM32F0xx_HAL_Driver/Src/stm32f0xx_hal_uart_ex.c ****   * CAUSED AND ON ANY THEORY OF LIABILITY, WHETHER IN CONTRACT, STRICT LIABILITY,
  48:Drivers/STM32F0xx_HAL_Driver/Src/stm32f0xx_hal_uart_ex.c ****   * OR TORT (INCLUDING NEGLIGENCE OR OTHERWISE) ARISING IN ANY WAY OUT OF THE USE
  49:Drivers/STM32F0xx_HAL_Driver/Src/stm32f0xx_hal_uart_ex.c ****   * OF THIS SOFTWARE, EVEN IF ADVISED OF THE POSSIBILITY OF SUCH DAMAGE.
  50:Drivers/STM32F0xx_HAL_Driver/Src/stm32f0xx_hal_uart_ex.c ****   *
  51:Drivers/STM32F0xx_HAL_Driver/Src/stm32f0xx_hal_uart_ex.c ****   ******************************************************************************
  52:Drivers/STM32F0xx_HAL_Driver/Src/stm32f0xx_hal_uart_ex.c ****   */
  53:Drivers/STM32F0xx_HAL_Driver/Src/stm32f0xx_hal_uart_ex.c **** 
  54:Drivers/STM32F0xx_HAL_Driver/Src/stm32f0xx_hal_uart_ex.c **** /* Includes ------------------------------------------------------------------*/
  55:Drivers/STM32F0xx_HAL_Driver/Src/stm32f0xx_hal_uart_ex.c **** #include "stm32f0xx_hal.h"
  56:Drivers/STM32F0xx_HAL_Driver/Src/stm32f0xx_hal_uart_ex.c **** 
  57:Drivers/STM32F0xx_HAL_Driver/Src/stm32f0xx_hal_uart_ex.c **** /** @addtogroup STM32F0xx_HAL_Driver
  58:Drivers/STM32F0xx_HAL_Driver/Src/stm32f0xx_hal_uart_ex.c ****   * @{
  59:Drivers/STM32F0xx_HAL_Driver/Src/stm32f0xx_hal_uart_ex.c ****   */
  60:Drivers/STM32F0xx_HAL_Driver/Src/stm32f0xx_hal_uart_ex.c **** 
  61:Drivers/STM32F0xx_HAL_Driver/Src/stm32f0xx_hal_uart_ex.c **** /** @defgroup UARTEx UARTEx
  62:Drivers/STM32F0xx_HAL_Driver/Src/stm32f0xx_hal_uart_ex.c ****   * @brief UART Extended HAL module driver
  63:Drivers/STM32F0xx_HAL_Driver/Src/stm32f0xx_hal_uart_ex.c ****   * @{
  64:Drivers/STM32F0xx_HAL_Driver/Src/stm32f0xx_hal_uart_ex.c ****   */
  65:Drivers/STM32F0xx_HAL_Driver/Src/stm32f0xx_hal_uart_ex.c **** 
  66:Drivers/STM32F0xx_HAL_Driver/Src/stm32f0xx_hal_uart_ex.c **** #ifdef HAL_UART_MODULE_ENABLED
  67:Drivers/STM32F0xx_HAL_Driver/Src/stm32f0xx_hal_uart_ex.c **** 
  68:Drivers/STM32F0xx_HAL_Driver/Src/stm32f0xx_hal_uart_ex.c **** /* Private typedef -----------------------------------------------------------*/
  69:Drivers/STM32F0xx_HAL_Driver/Src/stm32f0xx_hal_uart_ex.c **** /* Private define ------------------------------------------------------------*/
  70:Drivers/STM32F0xx_HAL_Driver/Src/stm32f0xx_hal_uart_ex.c **** /* Private macros ------------------------------------------------------------*/
  71:Drivers/STM32F0xx_HAL_Driver/Src/stm32f0xx_hal_uart_ex.c **** /* Private variables ---------------------------------------------------------*/
  72:Drivers/STM32F0xx_HAL_Driver/Src/stm32f0xx_hal_uart_ex.c **** /* Private function prototypes -----------------------------------------------*/
  73:Drivers/STM32F0xx_HAL_Driver/Src/stm32f0xx_hal_uart_ex.c **** /** @defgroup UARTEx_Private_Functions UARTEx Private Functions
  74:Drivers/STM32F0xx_HAL_Driver/Src/stm32f0xx_hal_uart_ex.c ****   * @{
  75:Drivers/STM32F0xx_HAL_Driver/Src/stm32f0xx_hal_uart_ex.c ****   */
  76:Drivers/STM32F0xx_HAL_Driver/Src/stm32f0xx_hal_uart_ex.c **** #if !defined(STM32F030x6) && !defined(STM32F030x8)&& !defined(STM32F070xB)&& !defined(STM32F070x6)&
  77:Drivers/STM32F0xx_HAL_Driver/Src/stm32f0xx_hal_uart_ex.c **** static void UARTEx_Wakeup_AddressConfig(UART_HandleTypeDef *huart, UART_WakeUpTypeDef WakeUpSelecti
  78:Drivers/STM32F0xx_HAL_Driver/Src/stm32f0xx_hal_uart_ex.c **** #endif /* !defined(STM32F030x6) && !defined(STM32F030x8)&& !defined(STM32F070xB)&& !defined(STM32F0
  79:Drivers/STM32F0xx_HAL_Driver/Src/stm32f0xx_hal_uart_ex.c **** 
  80:Drivers/STM32F0xx_HAL_Driver/Src/stm32f0xx_hal_uart_ex.c **** /**
  81:Drivers/STM32F0xx_HAL_Driver/Src/stm32f0xx_hal_uart_ex.c ****   * @}
  82:Drivers/STM32F0xx_HAL_Driver/Src/stm32f0xx_hal_uart_ex.c ****   */
  83:Drivers/STM32F0xx_HAL_Driver/Src/stm32f0xx_hal_uart_ex.c **** 
  84:Drivers/STM32F0xx_HAL_Driver/Src/stm32f0xx_hal_uart_ex.c **** /* Exported functions ---------------------------------------------------------*/
  85:Drivers/STM32F0xx_HAL_Driver/Src/stm32f0xx_hal_uart_ex.c **** 
  86:Drivers/STM32F0xx_HAL_Driver/Src/stm32f0xx_hal_uart_ex.c **** /** @defgroup UARTEx_Exported_Functions UARTEx Exported Functions
  87:Drivers/STM32F0xx_HAL_Driver/Src/stm32f0xx_hal_uart_ex.c ****   * @{
ARM GAS  /var/folders/vr/85797ndx6jd_r3n_lsprlrj40000gn/T//cc3Bs3r8.s 			page 3


  88:Drivers/STM32F0xx_HAL_Driver/Src/stm32f0xx_hal_uart_ex.c ****   */
  89:Drivers/STM32F0xx_HAL_Driver/Src/stm32f0xx_hal_uart_ex.c **** 
  90:Drivers/STM32F0xx_HAL_Driver/Src/stm32f0xx_hal_uart_ex.c **** /** @defgroup UARTEx_Exported_Functions_Group1 Extended Initialization and de-initialization functi
  91:Drivers/STM32F0xx_HAL_Driver/Src/stm32f0xx_hal_uart_ex.c ****   * @brief    Extended Initialization and Configuration Functions
  92:Drivers/STM32F0xx_HAL_Driver/Src/stm32f0xx_hal_uart_ex.c ****   *
  93:Drivers/STM32F0xx_HAL_Driver/Src/stm32f0xx_hal_uart_ex.c **** @verbatim
  94:Drivers/STM32F0xx_HAL_Driver/Src/stm32f0xx_hal_uart_ex.c **** ===============================================================================
  95:Drivers/STM32F0xx_HAL_Driver/Src/stm32f0xx_hal_uart_ex.c ****             ##### Initialization and Configuration functions #####
  96:Drivers/STM32F0xx_HAL_Driver/Src/stm32f0xx_hal_uart_ex.c ****  ==============================================================================
  97:Drivers/STM32F0xx_HAL_Driver/Src/stm32f0xx_hal_uart_ex.c ****     [..]
  98:Drivers/STM32F0xx_HAL_Driver/Src/stm32f0xx_hal_uart_ex.c ****     This subsection provides a set of functions allowing to initialize the USARTx or the UARTy
  99:Drivers/STM32F0xx_HAL_Driver/Src/stm32f0xx_hal_uart_ex.c ****     in asynchronous mode.
 100:Drivers/STM32F0xx_HAL_Driver/Src/stm32f0xx_hal_uart_ex.c ****       (+) For the asynchronous mode the parameters below can be configured:
 101:Drivers/STM32F0xx_HAL_Driver/Src/stm32f0xx_hal_uart_ex.c ****         (++) Baud Rate
 102:Drivers/STM32F0xx_HAL_Driver/Src/stm32f0xx_hal_uart_ex.c ****         (++) Word Length (Fixed to 8-bits only for LIN mode)
 103:Drivers/STM32F0xx_HAL_Driver/Src/stm32f0xx_hal_uart_ex.c ****         (++) Stop Bit
 104:Drivers/STM32F0xx_HAL_Driver/Src/stm32f0xx_hal_uart_ex.c ****         (++) Parity
 105:Drivers/STM32F0xx_HAL_Driver/Src/stm32f0xx_hal_uart_ex.c ****         (++) Hardware flow control
 106:Drivers/STM32F0xx_HAL_Driver/Src/stm32f0xx_hal_uart_ex.c ****         (++) Receiver/transmitter modes
 107:Drivers/STM32F0xx_HAL_Driver/Src/stm32f0xx_hal_uart_ex.c ****         (++) Over Sampling Method
 108:Drivers/STM32F0xx_HAL_Driver/Src/stm32f0xx_hal_uart_ex.c ****         (++) One-Bit Sampling Method
 109:Drivers/STM32F0xx_HAL_Driver/Src/stm32f0xx_hal_uart_ex.c ****       (+) For the asynchronous mode, the following advanced features can be configured as well:
 110:Drivers/STM32F0xx_HAL_Driver/Src/stm32f0xx_hal_uart_ex.c ****         (++) TX and/or RX pin level inversion
 111:Drivers/STM32F0xx_HAL_Driver/Src/stm32f0xx_hal_uart_ex.c ****         (++) data logical level inversion
 112:Drivers/STM32F0xx_HAL_Driver/Src/stm32f0xx_hal_uart_ex.c ****         (++) RX and TX pins swap
 113:Drivers/STM32F0xx_HAL_Driver/Src/stm32f0xx_hal_uart_ex.c ****         (++) RX overrun detection disabling
 114:Drivers/STM32F0xx_HAL_Driver/Src/stm32f0xx_hal_uart_ex.c ****         (++) DMA disabling on RX error
 115:Drivers/STM32F0xx_HAL_Driver/Src/stm32f0xx_hal_uart_ex.c ****         (++) MSB first on communication line
 116:Drivers/STM32F0xx_HAL_Driver/Src/stm32f0xx_hal_uart_ex.c ****         (++) auto Baud rate detection
 117:Drivers/STM32F0xx_HAL_Driver/Src/stm32f0xx_hal_uart_ex.c ****     [..]
 118:Drivers/STM32F0xx_HAL_Driver/Src/stm32f0xx_hal_uart_ex.c ****     The HAL_LIN_Init() and HAL_RS485Ex_Init() APIs follows respectively the LIN and 
 119:Drivers/STM32F0xx_HAL_Driver/Src/stm32f0xx_hal_uart_ex.c ****     the UART RS485 mode configuration procedures (details for the procedures are 
 120:Drivers/STM32F0xx_HAL_Driver/Src/stm32f0xx_hal_uart_ex.c ****     available in reference manual).
 121:Drivers/STM32F0xx_HAL_Driver/Src/stm32f0xx_hal_uart_ex.c **** 
 122:Drivers/STM32F0xx_HAL_Driver/Src/stm32f0xx_hal_uart_ex.c **** @endverbatim
 123:Drivers/STM32F0xx_HAL_Driver/Src/stm32f0xx_hal_uart_ex.c ****   * @{
 124:Drivers/STM32F0xx_HAL_Driver/Src/stm32f0xx_hal_uart_ex.c ****   */
 125:Drivers/STM32F0xx_HAL_Driver/Src/stm32f0xx_hal_uart_ex.c **** 
 126:Drivers/STM32F0xx_HAL_Driver/Src/stm32f0xx_hal_uart_ex.c **** /*
 127:Drivers/STM32F0xx_HAL_Driver/Src/stm32f0xx_hal_uart_ex.c ****   Additional Table:  If the parity is enabled, then the MSB bit of the data written
 128:Drivers/STM32F0xx_HAL_Driver/Src/stm32f0xx_hal_uart_ex.c ****                      in the data register is transmitted but is changed by the parity bit.
 129:Drivers/STM32F0xx_HAL_Driver/Src/stm32f0xx_hal_uart_ex.c ****                      According to device capability (support or not of 7-bit word length),
 130:Drivers/STM32F0xx_HAL_Driver/Src/stm32f0xx_hal_uart_ex.c ****                      frame length is either defined by the M bit (8-bits or 9-bits)
 131:Drivers/STM32F0xx_HAL_Driver/Src/stm32f0xx_hal_uart_ex.c ****                      or by the M1 and M0 bits (7-bit, 8-bit or 9-bit).
 132:Drivers/STM32F0xx_HAL_Driver/Src/stm32f0xx_hal_uart_ex.c ****                      Possible UART frame formats are as listed in the following table:
 133:Drivers/STM32F0xx_HAL_Driver/Src/stm32f0xx_hal_uart_ex.c ****             
 134:Drivers/STM32F0xx_HAL_Driver/Src/stm32f0xx_hal_uart_ex.c ****       Table 1. UART frame format.             
 135:Drivers/STM32F0xx_HAL_Driver/Src/stm32f0xx_hal_uart_ex.c ****       +-----------------------------------------------------------------------+
 136:Drivers/STM32F0xx_HAL_Driver/Src/stm32f0xx_hal_uart_ex.c ****       |       M bit       |  PCE bit  |             UART frame                |
 137:Drivers/STM32F0xx_HAL_Driver/Src/stm32f0xx_hal_uart_ex.c ****       |-------------------|-----------|---------------------------------------|
 138:Drivers/STM32F0xx_HAL_Driver/Src/stm32f0xx_hal_uart_ex.c ****       |         0         |     0     |    | SB |    8-bit data   | STB |     |
 139:Drivers/STM32F0xx_HAL_Driver/Src/stm32f0xx_hal_uart_ex.c ****       |-------------------|-----------|---------------------------------------|
 140:Drivers/STM32F0xx_HAL_Driver/Src/stm32f0xx_hal_uart_ex.c ****       |         0         |     1     |    | SB | 7-bit data | PB | STB |     |
 141:Drivers/STM32F0xx_HAL_Driver/Src/stm32f0xx_hal_uart_ex.c ****       |-------------------|-----------|---------------------------------------|
 142:Drivers/STM32F0xx_HAL_Driver/Src/stm32f0xx_hal_uart_ex.c ****       |         1         |     0     |    | SB |    9-bit data   | STB |     |
 143:Drivers/STM32F0xx_HAL_Driver/Src/stm32f0xx_hal_uart_ex.c ****       |-------------------|-----------|---------------------------------------|
 144:Drivers/STM32F0xx_HAL_Driver/Src/stm32f0xx_hal_uart_ex.c ****       |         1         |     1     |    | SB | 8-bit data | PB | STB |     |
ARM GAS  /var/folders/vr/85797ndx6jd_r3n_lsprlrj40000gn/T//cc3Bs3r8.s 			page 4


 145:Drivers/STM32F0xx_HAL_Driver/Src/stm32f0xx_hal_uart_ex.c ****       +-----------------------------------------------------------------------+
 146:Drivers/STM32F0xx_HAL_Driver/Src/stm32f0xx_hal_uart_ex.c ****       |  M1 bit |  M0 bit |  PCE bit  |             UART frame                |
 147:Drivers/STM32F0xx_HAL_Driver/Src/stm32f0xx_hal_uart_ex.c ****       |---------|---------|-----------|---------------------------------------|
 148:Drivers/STM32F0xx_HAL_Driver/Src/stm32f0xx_hal_uart_ex.c ****       |    0    |    0    |     0     |    | SB |    8 bit data   | STB |     |
 149:Drivers/STM32F0xx_HAL_Driver/Src/stm32f0xx_hal_uart_ex.c ****       |---------|---------|-----------|---------------------------------------|
 150:Drivers/STM32F0xx_HAL_Driver/Src/stm32f0xx_hal_uart_ex.c ****       |    0    |    0    |     1     |    | SB | 7 bit data | PB | STB |     |
 151:Drivers/STM32F0xx_HAL_Driver/Src/stm32f0xx_hal_uart_ex.c ****       |---------|---------|-----------|---------------------------------------|
 152:Drivers/STM32F0xx_HAL_Driver/Src/stm32f0xx_hal_uart_ex.c ****       |    0    |    1    |     0     |    | SB |    9 bit data   | STB |     |
 153:Drivers/STM32F0xx_HAL_Driver/Src/stm32f0xx_hal_uart_ex.c ****       |---------|---------|-----------|---------------------------------------|
 154:Drivers/STM32F0xx_HAL_Driver/Src/stm32f0xx_hal_uart_ex.c ****       |    0    |    1    |     1     |    | SB | 8 bit data | PB | STB |     |
 155:Drivers/STM32F0xx_HAL_Driver/Src/stm32f0xx_hal_uart_ex.c ****       |---------|---------|-----------|---------------------------------------|
 156:Drivers/STM32F0xx_HAL_Driver/Src/stm32f0xx_hal_uart_ex.c ****       |    1    |    0    |     0     |    | SB |    7 bit data   | STB |     |
 157:Drivers/STM32F0xx_HAL_Driver/Src/stm32f0xx_hal_uart_ex.c ****       |---------|---------|-----------|---------------------------------------|
 158:Drivers/STM32F0xx_HAL_Driver/Src/stm32f0xx_hal_uart_ex.c ****       |    1    |    0    |     1     |    | SB | 6 bit data | PB | STB |     |
 159:Drivers/STM32F0xx_HAL_Driver/Src/stm32f0xx_hal_uart_ex.c ****       +-----------------------------------------------------------------------+
 160:Drivers/STM32F0xx_HAL_Driver/Src/stm32f0xx_hal_uart_ex.c **** 
 161:Drivers/STM32F0xx_HAL_Driver/Src/stm32f0xx_hal_uart_ex.c **** */
 162:Drivers/STM32F0xx_HAL_Driver/Src/stm32f0xx_hal_uart_ex.c **** 
 163:Drivers/STM32F0xx_HAL_Driver/Src/stm32f0xx_hal_uart_ex.c **** /**
 164:Drivers/STM32F0xx_HAL_Driver/Src/stm32f0xx_hal_uart_ex.c ****   * @brief Initialize the RS485 Driver enable feature according to the specified
 165:Drivers/STM32F0xx_HAL_Driver/Src/stm32f0xx_hal_uart_ex.c ****   *         parameters in the UART_InitTypeDef and creates the associated handle.
 166:Drivers/STM32F0xx_HAL_Driver/Src/stm32f0xx_hal_uart_ex.c ****   * @param huart UART handle.
 167:Drivers/STM32F0xx_HAL_Driver/Src/stm32f0xx_hal_uart_ex.c ****   * @param Polarity select the driver enable polarity.
 168:Drivers/STM32F0xx_HAL_Driver/Src/stm32f0xx_hal_uart_ex.c ****   *        This parameter can be one of the following values:
 169:Drivers/STM32F0xx_HAL_Driver/Src/stm32f0xx_hal_uart_ex.c ****   *          @arg @ref UART_DE_POLARITY_HIGH DE signal is active high
 170:Drivers/STM32F0xx_HAL_Driver/Src/stm32f0xx_hal_uart_ex.c ****   *          @arg @ref UART_DE_POLARITY_LOW  DE signal is active low
 171:Drivers/STM32F0xx_HAL_Driver/Src/stm32f0xx_hal_uart_ex.c ****   * @param AssertionTime Driver Enable assertion time:
 172:Drivers/STM32F0xx_HAL_Driver/Src/stm32f0xx_hal_uart_ex.c ****   *                         5-bit value defining the time between the activation of the DE (Driver 
 173:Drivers/STM32F0xx_HAL_Driver/Src/stm32f0xx_hal_uart_ex.c ****   *                         signal and the beginning of the start bit. It is expressed in sample ti
 174:Drivers/STM32F0xx_HAL_Driver/Src/stm32f0xx_hal_uart_ex.c ****   *                         units (1/8 or 1/16 bit time, depending on the oversampling rate)
 175:Drivers/STM32F0xx_HAL_Driver/Src/stm32f0xx_hal_uart_ex.c ****   * @param DeassertionTime Driver Enable deassertion time:
 176:Drivers/STM32F0xx_HAL_Driver/Src/stm32f0xx_hal_uart_ex.c ****   *                         5-bit value defining the time between the end of the last stop bit, in 
 177:Drivers/STM32F0xx_HAL_Driver/Src/stm32f0xx_hal_uart_ex.c ****   *                         transmitted message, and the de-activation of the DE (Driver Enable) si
 178:Drivers/STM32F0xx_HAL_Driver/Src/stm32f0xx_hal_uart_ex.c ****   *                         It is expressed in sample time units (1/8 or 1/16 bit time, depending o
 179:Drivers/STM32F0xx_HAL_Driver/Src/stm32f0xx_hal_uart_ex.c ****   *                         oversampling rate).
 180:Drivers/STM32F0xx_HAL_Driver/Src/stm32f0xx_hal_uart_ex.c ****   * @retval HAL status
 181:Drivers/STM32F0xx_HAL_Driver/Src/stm32f0xx_hal_uart_ex.c ****   */
 182:Drivers/STM32F0xx_HAL_Driver/Src/stm32f0xx_hal_uart_ex.c **** HAL_StatusTypeDef HAL_RS485Ex_Init(UART_HandleTypeDef *huart, uint32_t Polarity, uint32_t Assertion
 183:Drivers/STM32F0xx_HAL_Driver/Src/stm32f0xx_hal_uart_ex.c **** {
  29              		.loc 1 183 1 view -0
  30              		.cfi_startproc
  31              		@ args = 0, pretend = 0, frame = 0
  32              		@ frame_needed = 0, uses_anonymous_args = 0
 184:Drivers/STM32F0xx_HAL_Driver/Src/stm32f0xx_hal_uart_ex.c ****   uint32_t temp = 0x0U;
  33              		.loc 1 184 3 view .LVU1
 185:Drivers/STM32F0xx_HAL_Driver/Src/stm32f0xx_hal_uart_ex.c **** 
 186:Drivers/STM32F0xx_HAL_Driver/Src/stm32f0xx_hal_uart_ex.c ****   /* Check the UART handle allocation */
 187:Drivers/STM32F0xx_HAL_Driver/Src/stm32f0xx_hal_uart_ex.c ****   if(huart == NULL)
  34              		.loc 1 187 3 view .LVU2
 183:Drivers/STM32F0xx_HAL_Driver/Src/stm32f0xx_hal_uart_ex.c ****   uint32_t temp = 0x0U;
  35              		.loc 1 183 1 is_stmt 0 view .LVU3
  36 0000 F8B5     		push	{r3, r4, r5, r6, r7, lr}
  37              	.LCFI0:
  38              		.cfi_def_cfa_offset 24
  39              		.cfi_offset 3, -24
  40              		.cfi_offset 4, -20
  41              		.cfi_offset 5, -16
ARM GAS  /var/folders/vr/85797ndx6jd_r3n_lsprlrj40000gn/T//cc3Bs3r8.s 			page 5


  42              		.cfi_offset 6, -12
  43              		.cfi_offset 7, -8
  44              		.cfi_offset 14, -4
 183:Drivers/STM32F0xx_HAL_Driver/Src/stm32f0xx_hal_uart_ex.c ****   uint32_t temp = 0x0U;
  45              		.loc 1 183 1 view .LVU4
  46 0002 0400     		movs	r4, r0
  47 0004 0F00     		movs	r7, r1
  48 0006 1600     		movs	r6, r2
  49 0008 1D00     		movs	r5, r3
  50              		.loc 1 187 5 view .LVU5
  51 000a 0028     		cmp	r0, #0
  52 000c 33D0     		beq	.L5
 188:Drivers/STM32F0xx_HAL_Driver/Src/stm32f0xx_hal_uart_ex.c ****   {
 189:Drivers/STM32F0xx_HAL_Driver/Src/stm32f0xx_hal_uart_ex.c ****     return HAL_ERROR;
 190:Drivers/STM32F0xx_HAL_Driver/Src/stm32f0xx_hal_uart_ex.c ****   }
 191:Drivers/STM32F0xx_HAL_Driver/Src/stm32f0xx_hal_uart_ex.c ****   /* Check the Driver Enable UART instance */
 192:Drivers/STM32F0xx_HAL_Driver/Src/stm32f0xx_hal_uart_ex.c ****   assert_param(IS_UART_DRIVER_ENABLE_INSTANCE(huart->Instance));
  53              		.loc 1 192 3 is_stmt 1 view .LVU6
 193:Drivers/STM32F0xx_HAL_Driver/Src/stm32f0xx_hal_uart_ex.c **** 
 194:Drivers/STM32F0xx_HAL_Driver/Src/stm32f0xx_hal_uart_ex.c ****   /* Check the Driver Enable polarity */
 195:Drivers/STM32F0xx_HAL_Driver/Src/stm32f0xx_hal_uart_ex.c ****   assert_param(IS_UART_DE_POLARITY(Polarity));
  54              		.loc 1 195 3 view .LVU7
 196:Drivers/STM32F0xx_HAL_Driver/Src/stm32f0xx_hal_uart_ex.c **** 
 197:Drivers/STM32F0xx_HAL_Driver/Src/stm32f0xx_hal_uart_ex.c ****   /* Check the Driver Enable assertion time */
 198:Drivers/STM32F0xx_HAL_Driver/Src/stm32f0xx_hal_uart_ex.c ****   assert_param(IS_UART_ASSERTIONTIME(AssertionTime));
  55              		.loc 1 198 3 view .LVU8
 199:Drivers/STM32F0xx_HAL_Driver/Src/stm32f0xx_hal_uart_ex.c **** 
 200:Drivers/STM32F0xx_HAL_Driver/Src/stm32f0xx_hal_uart_ex.c ****   /* Check the Driver Enable deassertion time */
 201:Drivers/STM32F0xx_HAL_Driver/Src/stm32f0xx_hal_uart_ex.c ****   assert_param(IS_UART_DEASSERTIONTIME(DeassertionTime));
  56              		.loc 1 201 3 view .LVU9
 202:Drivers/STM32F0xx_HAL_Driver/Src/stm32f0xx_hal_uart_ex.c **** 
 203:Drivers/STM32F0xx_HAL_Driver/Src/stm32f0xx_hal_uart_ex.c ****   if(huart->gState == HAL_UART_STATE_RESET)
  57              		.loc 1 203 3 view .LVU10
  58              		.loc 1 203 11 is_stmt 0 view .LVU11
  59 000e 6923     		movs	r3, #105
  60              	.LVL1:
  61              		.loc 1 203 11 view .LVU12
  62 0010 C35C     		ldrb	r3, [r0, r3]
  63 0012 DBB2     		uxtb	r3, r3
  64              		.loc 1 203 5 view .LVU13
  65 0014 002B     		cmp	r3, #0
  66 0016 30D0     		beq	.L14
  67              	.LVL2:
  68              	.L4:
 204:Drivers/STM32F0xx_HAL_Driver/Src/stm32f0xx_hal_uart_ex.c ****   {
 205:Drivers/STM32F0xx_HAL_Driver/Src/stm32f0xx_hal_uart_ex.c ****     /* Allocate lock resource and initialize it */
 206:Drivers/STM32F0xx_HAL_Driver/Src/stm32f0xx_hal_uart_ex.c ****     huart->Lock = HAL_UNLOCKED;
 207:Drivers/STM32F0xx_HAL_Driver/Src/stm32f0xx_hal_uart_ex.c **** 
 208:Drivers/STM32F0xx_HAL_Driver/Src/stm32f0xx_hal_uart_ex.c ****     /* Init the low level hardware : GPIO, CLOCK, CORTEX */
 209:Drivers/STM32F0xx_HAL_Driver/Src/stm32f0xx_hal_uart_ex.c ****     HAL_UART_MspInit(huart);
 210:Drivers/STM32F0xx_HAL_Driver/Src/stm32f0xx_hal_uart_ex.c ****   }
 211:Drivers/STM32F0xx_HAL_Driver/Src/stm32f0xx_hal_uart_ex.c **** 
 212:Drivers/STM32F0xx_HAL_Driver/Src/stm32f0xx_hal_uart_ex.c ****   huart->gState = HAL_UART_STATE_BUSY;
  69              		.loc 1 212 3 is_stmt 1 view .LVU14
  70              		.loc 1 212 17 is_stmt 0 view .LVU15
  71 0018 6923     		movs	r3, #105
  72 001a 2422     		movs	r2, #36
ARM GAS  /var/folders/vr/85797ndx6jd_r3n_lsprlrj40000gn/T//cc3Bs3r8.s 			page 6


 213:Drivers/STM32F0xx_HAL_Driver/Src/stm32f0xx_hal_uart_ex.c **** 
 214:Drivers/STM32F0xx_HAL_Driver/Src/stm32f0xx_hal_uart_ex.c ****   /* Disable the Peripheral */
 215:Drivers/STM32F0xx_HAL_Driver/Src/stm32f0xx_hal_uart_ex.c ****   __HAL_UART_DISABLE(huart);
  73              		.loc 1 215 3 view .LVU16
  74 001c 0121     		movs	r1, #1
 212:Drivers/STM32F0xx_HAL_Driver/Src/stm32f0xx_hal_uart_ex.c **** 
  75              		.loc 1 212 17 view .LVU17
  76 001e E254     		strb	r2, [r4, r3]
  77              		.loc 1 215 3 is_stmt 1 view .LVU18
  78 0020 2268     		ldr	r2, [r4]
 216:Drivers/STM32F0xx_HAL_Driver/Src/stm32f0xx_hal_uart_ex.c **** 
 217:Drivers/STM32F0xx_HAL_Driver/Src/stm32f0xx_hal_uart_ex.c ****   /* Set the UART Communication parameters */
 218:Drivers/STM32F0xx_HAL_Driver/Src/stm32f0xx_hal_uart_ex.c ****   if (UART_SetConfig(huart) == HAL_ERROR)
  79              		.loc 1 218 7 is_stmt 0 view .LVU19
  80 0022 2000     		movs	r0, r4
 215:Drivers/STM32F0xx_HAL_Driver/Src/stm32f0xx_hal_uart_ex.c **** 
  81              		.loc 1 215 3 view .LVU20
  82 0024 1368     		ldr	r3, [r2]
  83 0026 8B43     		bics	r3, r1
  84 0028 1360     		str	r3, [r2]
  85              		.loc 1 218 3 is_stmt 1 view .LVU21
  86              		.loc 1 218 7 is_stmt 0 view .LVU22
  87 002a FFF7FEFF 		bl	UART_SetConfig
  88              	.LVL3:
  89              		.loc 1 218 6 view .LVU23
  90 002e 0128     		cmp	r0, #1
  91 0030 21D0     		beq	.L5
 219:Drivers/STM32F0xx_HAL_Driver/Src/stm32f0xx_hal_uart_ex.c ****   {
 220:Drivers/STM32F0xx_HAL_Driver/Src/stm32f0xx_hal_uart_ex.c ****     return HAL_ERROR;
 221:Drivers/STM32F0xx_HAL_Driver/Src/stm32f0xx_hal_uart_ex.c ****   }
 222:Drivers/STM32F0xx_HAL_Driver/Src/stm32f0xx_hal_uart_ex.c **** 
 223:Drivers/STM32F0xx_HAL_Driver/Src/stm32f0xx_hal_uart_ex.c ****   if(huart->AdvancedInit.AdvFeatureInit != UART_ADVFEATURE_NO_INIT)
  92              		.loc 1 223 3 is_stmt 1 view .LVU24
  93              		.loc 1 223 5 is_stmt 0 view .LVU25
  94 0032 636A     		ldr	r3, [r4, #36]
  95 0034 002B     		cmp	r3, #0
  96 0036 1AD1     		bne	.L15
  97              	.L6:
 224:Drivers/STM32F0xx_HAL_Driver/Src/stm32f0xx_hal_uart_ex.c ****   {
 225:Drivers/STM32F0xx_HAL_Driver/Src/stm32f0xx_hal_uart_ex.c ****     UART_AdvFeatureConfig(huart);
 226:Drivers/STM32F0xx_HAL_Driver/Src/stm32f0xx_hal_uart_ex.c ****   }
 227:Drivers/STM32F0xx_HAL_Driver/Src/stm32f0xx_hal_uart_ex.c **** 
 228:Drivers/STM32F0xx_HAL_Driver/Src/stm32f0xx_hal_uart_ex.c ****   /* Enable the Driver Enable mode by setting the DEM bit in the CR3 register */
 229:Drivers/STM32F0xx_HAL_Driver/Src/stm32f0xx_hal_uart_ex.c ****   SET_BIT(huart->Instance->CR3, USART_CR3_DEM);
  98              		.loc 1 229 3 is_stmt 1 view .LVU26
  99 0038 8023     		movs	r3, #128
 100 003a 2068     		ldr	r0, [r4]
 101 003c DB01     		lsls	r3, r3, #7
 102 003e 8268     		ldr	r2, [r0, #8]
 230:Drivers/STM32F0xx_HAL_Driver/Src/stm32f0xx_hal_uart_ex.c **** 
 231:Drivers/STM32F0xx_HAL_Driver/Src/stm32f0xx_hal_uart_ex.c ****   /* Set the Driver Enable polarity */
 232:Drivers/STM32F0xx_HAL_Driver/Src/stm32f0xx_hal_uart_ex.c ****   MODIFY_REG(huart->Instance->CR3, USART_CR3_DEP, Polarity);
 233:Drivers/STM32F0xx_HAL_Driver/Src/stm32f0xx_hal_uart_ex.c **** 
 234:Drivers/STM32F0xx_HAL_Driver/Src/stm32f0xx_hal_uart_ex.c ****   /* Set the Driver Enable assertion and deassertion times */
 235:Drivers/STM32F0xx_HAL_Driver/Src/stm32f0xx_hal_uart_ex.c ****   temp = (AssertionTime << UART_CR1_DEAT_ADDRESS_LSB_POS);
 103              		.loc 1 235 8 is_stmt 0 view .LVU27
 104 0040 7605     		lsls	r6, r6, #21
ARM GAS  /var/folders/vr/85797ndx6jd_r3n_lsprlrj40000gn/T//cc3Bs3r8.s 			page 7


 105              	.LVL4:
 229:Drivers/STM32F0xx_HAL_Driver/Src/stm32f0xx_hal_uart_ex.c **** 
 106              		.loc 1 229 3 view .LVU28
 107 0042 1343     		orrs	r3, r2
 108 0044 8360     		str	r3, [r0, #8]
 232:Drivers/STM32F0xx_HAL_Driver/Src/stm32f0xx_hal_uart_ex.c **** 
 109              		.loc 1 232 3 is_stmt 1 view .LVU29
 110 0046 8168     		ldr	r1, [r0, #8]
 111 0048 0E4B     		ldr	r3, .L16
 236:Drivers/STM32F0xx_HAL_Driver/Src/stm32f0xx_hal_uart_ex.c ****   temp |= (DeassertionTime << UART_CR1_DEDT_ADDRESS_LSB_POS);
 237:Drivers/STM32F0xx_HAL_Driver/Src/stm32f0xx_hal_uart_ex.c ****   MODIFY_REG(huart->Instance->CR1, (USART_CR1_DEDT|USART_CR1_DEAT), temp);
 112              		.loc 1 237 3 is_stmt 0 view .LVU30
 113 004a 0F4A     		ldr	r2, .L16+4
 232:Drivers/STM32F0xx_HAL_Driver/Src/stm32f0xx_hal_uart_ex.c **** 
 114              		.loc 1 232 3 view .LVU31
 115 004c 1940     		ands	r1, r3
 116 004e 3943     		orrs	r1, r7
 117 0050 8160     		str	r1, [r0, #8]
 235:Drivers/STM32F0xx_HAL_Driver/Src/stm32f0xx_hal_uart_ex.c ****   temp |= (DeassertionTime << UART_CR1_DEDT_ADDRESS_LSB_POS);
 118              		.loc 1 235 3 is_stmt 1 view .LVU32
 119              	.LVL5:
 236:Drivers/STM32F0xx_HAL_Driver/Src/stm32f0xx_hal_uart_ex.c ****   temp |= (DeassertionTime << UART_CR1_DEDT_ADDRESS_LSB_POS);
 120              		.loc 1 236 3 view .LVU33
 121              		.loc 1 237 3 view .LVU34
 122 0052 0368     		ldr	r3, [r0]
 236:Drivers/STM32F0xx_HAL_Driver/Src/stm32f0xx_hal_uart_ex.c ****   temp |= (DeassertionTime << UART_CR1_DEDT_ADDRESS_LSB_POS);
 123              		.loc 1 236 28 is_stmt 0 view .LVU35
 124 0054 2D04     		lsls	r5, r5, #16
 125              	.LVL6:
 126              		.loc 1 237 3 view .LVU36
 127 0056 1340     		ands	r3, r2
 238:Drivers/STM32F0xx_HAL_Driver/Src/stm32f0xx_hal_uart_ex.c **** 
 239:Drivers/STM32F0xx_HAL_Driver/Src/stm32f0xx_hal_uart_ex.c ****   /* Enable the Peripheral */
 240:Drivers/STM32F0xx_HAL_Driver/Src/stm32f0xx_hal_uart_ex.c ****   __HAL_UART_ENABLE(huart);
 128              		.loc 1 240 3 view .LVU37
 129 0058 0122     		movs	r2, #1
 236:Drivers/STM32F0xx_HAL_Driver/Src/stm32f0xx_hal_uart_ex.c ****   MODIFY_REG(huart->Instance->CR1, (USART_CR1_DEDT|USART_CR1_DEAT), temp);
 130              		.loc 1 236 8 view .LVU38
 131 005a 3543     		orrs	r5, r6
 132              	.LVL7:
 237:Drivers/STM32F0xx_HAL_Driver/Src/stm32f0xx_hal_uart_ex.c **** 
 133              		.loc 1 237 3 view .LVU39
 134 005c 1D43     		orrs	r5, r3
 135              	.LVL8:
 237:Drivers/STM32F0xx_HAL_Driver/Src/stm32f0xx_hal_uart_ex.c **** 
 136              		.loc 1 237 3 view .LVU40
 137 005e 0560     		str	r5, [r0]
 138              		.loc 1 240 3 is_stmt 1 view .LVU41
 139 0060 0368     		ldr	r3, [r0]
 140 0062 1343     		orrs	r3, r2
 141 0064 0360     		str	r3, [r0]
 241:Drivers/STM32F0xx_HAL_Driver/Src/stm32f0xx_hal_uart_ex.c **** 
 242:Drivers/STM32F0xx_HAL_Driver/Src/stm32f0xx_hal_uart_ex.c ****   /* TEACK and/or REACK to check before moving huart->gState and huart->RxState to Ready */
 243:Drivers/STM32F0xx_HAL_Driver/Src/stm32f0xx_hal_uart_ex.c ****   return (UART_CheckIdleState(huart));
 142              		.loc 1 243 3 view .LVU42
 143              		.loc 1 243 11 is_stmt 0 view .LVU43
 144 0066 2000     		movs	r0, r4
ARM GAS  /var/folders/vr/85797ndx6jd_r3n_lsprlrj40000gn/T//cc3Bs3r8.s 			page 8


 145 0068 FFF7FEFF 		bl	UART_CheckIdleState
 146              	.LVL9:
 147              	.L3:
 244:Drivers/STM32F0xx_HAL_Driver/Src/stm32f0xx_hal_uart_ex.c **** }
 148              		.loc 1 244 1 view .LVU44
 149              		@ sp needed
 150              	.LVL10:
 151              	.LVL11:
 152              		.loc 1 244 1 view .LVU45
 153 006c F8BD     		pop	{r3, r4, r5, r6, r7, pc}
 154              	.LVL12:
 155              	.L15:
 225:Drivers/STM32F0xx_HAL_Driver/Src/stm32f0xx_hal_uart_ex.c ****   }
 156              		.loc 1 225 5 is_stmt 1 view .LVU46
 157 006e 2000     		movs	r0, r4
 158 0070 FFF7FEFF 		bl	UART_AdvFeatureConfig
 159              	.LVL13:
 160 0074 E0E7     		b	.L6
 161              	.L5:
 189:Drivers/STM32F0xx_HAL_Driver/Src/stm32f0xx_hal_uart_ex.c ****   }
 162              		.loc 1 189 12 is_stmt 0 view .LVU47
 163 0076 0120     		movs	r0, #1
 164 0078 F8E7     		b	.L3
 165              	.LVL14:
 166              	.L14:
 206:Drivers/STM32F0xx_HAL_Driver/Src/stm32f0xx_hal_uart_ex.c **** 
 167              		.loc 1 206 5 is_stmt 1 view .LVU48
 206:Drivers/STM32F0xx_HAL_Driver/Src/stm32f0xx_hal_uart_ex.c **** 
 168              		.loc 1 206 17 is_stmt 0 view .LVU49
 169 007a 6822     		movs	r2, #104
 170              	.LVL15:
 206:Drivers/STM32F0xx_HAL_Driver/Src/stm32f0xx_hal_uart_ex.c **** 
 171              		.loc 1 206 17 view .LVU50
 172 007c 8354     		strb	r3, [r0, r2]
 209:Drivers/STM32F0xx_HAL_Driver/Src/stm32f0xx_hal_uart_ex.c ****   }
 173              		.loc 1 209 5 is_stmt 1 view .LVU51
 174 007e FFF7FEFF 		bl	HAL_UART_MspInit
 175              	.LVL16:
 209:Drivers/STM32F0xx_HAL_Driver/Src/stm32f0xx_hal_uart_ex.c ****   }
 176              		.loc 1 209 5 is_stmt 0 view .LVU52
 177 0082 C9E7     		b	.L4
 178              	.L17:
 179              		.align	2
 180              	.L16:
 181 0084 FF7FFFFF 		.word	-32769
 182 0088 FFFF00FC 		.word	-67043329
 183              		.cfi_endproc
 184              	.LFE37:
 186              		.section	.text.HAL_MultiProcessorEx_AddressLength_Set,"ax",%progbits
 187              		.align	1
 188              		.p2align 2,,3
 189              		.global	HAL_MultiProcessorEx_AddressLength_Set
 190              		.syntax unified
 191              		.code	16
 192              		.thumb_func
 193              		.fpu softvfp
 195              	HAL_MultiProcessorEx_AddressLength_Set:
ARM GAS  /var/folders/vr/85797ndx6jd_r3n_lsprlrj40000gn/T//cc3Bs3r8.s 			page 9


 196              	.LVL17:
 197              	.LFB38:
 245:Drivers/STM32F0xx_HAL_Driver/Src/stm32f0xx_hal_uart_ex.c **** 
 246:Drivers/STM32F0xx_HAL_Driver/Src/stm32f0xx_hal_uart_ex.c **** #if !defined(STM32F030x6) && !defined(STM32F030x8)&& !defined(STM32F070xB)&& !defined(STM32F070x6)&
 247:Drivers/STM32F0xx_HAL_Driver/Src/stm32f0xx_hal_uart_ex.c **** /**
 248:Drivers/STM32F0xx_HAL_Driver/Src/stm32f0xx_hal_uart_ex.c ****   * @brief Initialize the LIN mode according to the specified
 249:Drivers/STM32F0xx_HAL_Driver/Src/stm32f0xx_hal_uart_ex.c ****   *        parameters in the UART_InitTypeDef and creates the associated handle .
 250:Drivers/STM32F0xx_HAL_Driver/Src/stm32f0xx_hal_uart_ex.c ****   * @param huart UART handle.
 251:Drivers/STM32F0xx_HAL_Driver/Src/stm32f0xx_hal_uart_ex.c ****   * @param BreakDetectLength specifies the LIN break detection length.
 252:Drivers/STM32F0xx_HAL_Driver/Src/stm32f0xx_hal_uart_ex.c ****   *        This parameter can be one of the following values:
 253:Drivers/STM32F0xx_HAL_Driver/Src/stm32f0xx_hal_uart_ex.c ****   *          @arg @ref UART_LINBREAKDETECTLENGTH_10B 10-bit break detection
 254:Drivers/STM32F0xx_HAL_Driver/Src/stm32f0xx_hal_uart_ex.c ****   *          @arg @ref UART_LINBREAKDETECTLENGTH_11B 11-bit break detection
 255:Drivers/STM32F0xx_HAL_Driver/Src/stm32f0xx_hal_uart_ex.c ****   * @retval HAL status
 256:Drivers/STM32F0xx_HAL_Driver/Src/stm32f0xx_hal_uart_ex.c ****   */
 257:Drivers/STM32F0xx_HAL_Driver/Src/stm32f0xx_hal_uart_ex.c **** HAL_StatusTypeDef HAL_LIN_Init(UART_HandleTypeDef *huart, uint32_t BreakDetectLength)
 258:Drivers/STM32F0xx_HAL_Driver/Src/stm32f0xx_hal_uart_ex.c **** {
 259:Drivers/STM32F0xx_HAL_Driver/Src/stm32f0xx_hal_uart_ex.c ****   /* Check the UART handle allocation */
 260:Drivers/STM32F0xx_HAL_Driver/Src/stm32f0xx_hal_uart_ex.c ****   if(huart == NULL)
 261:Drivers/STM32F0xx_HAL_Driver/Src/stm32f0xx_hal_uart_ex.c ****   {
 262:Drivers/STM32F0xx_HAL_Driver/Src/stm32f0xx_hal_uart_ex.c ****     return HAL_ERROR;
 263:Drivers/STM32F0xx_HAL_Driver/Src/stm32f0xx_hal_uart_ex.c ****   }
 264:Drivers/STM32F0xx_HAL_Driver/Src/stm32f0xx_hal_uart_ex.c **** 
 265:Drivers/STM32F0xx_HAL_Driver/Src/stm32f0xx_hal_uart_ex.c ****   /* Check the LIN UART instance */
 266:Drivers/STM32F0xx_HAL_Driver/Src/stm32f0xx_hal_uart_ex.c ****   assert_param(IS_UART_LIN_INSTANCE(huart->Instance));
 267:Drivers/STM32F0xx_HAL_Driver/Src/stm32f0xx_hal_uart_ex.c ****   /* Check the Break detection length parameter */
 268:Drivers/STM32F0xx_HAL_Driver/Src/stm32f0xx_hal_uart_ex.c ****   assert_param(IS_UART_LIN_BREAK_DETECT_LENGTH(BreakDetectLength));
 269:Drivers/STM32F0xx_HAL_Driver/Src/stm32f0xx_hal_uart_ex.c **** 
 270:Drivers/STM32F0xx_HAL_Driver/Src/stm32f0xx_hal_uart_ex.c ****   /* LIN mode limited to 16-bit oversampling only */
 271:Drivers/STM32F0xx_HAL_Driver/Src/stm32f0xx_hal_uart_ex.c ****   if(huart->Init.OverSampling == UART_OVERSAMPLING_8)
 272:Drivers/STM32F0xx_HAL_Driver/Src/stm32f0xx_hal_uart_ex.c ****   {
 273:Drivers/STM32F0xx_HAL_Driver/Src/stm32f0xx_hal_uart_ex.c ****     return HAL_ERROR;
 274:Drivers/STM32F0xx_HAL_Driver/Src/stm32f0xx_hal_uart_ex.c ****   }
 275:Drivers/STM32F0xx_HAL_Driver/Src/stm32f0xx_hal_uart_ex.c ****   /* LIN mode limited to 8-bit data length */
 276:Drivers/STM32F0xx_HAL_Driver/Src/stm32f0xx_hal_uart_ex.c ****   if(huart->Init.WordLength != UART_WORDLENGTH_8B)
 277:Drivers/STM32F0xx_HAL_Driver/Src/stm32f0xx_hal_uart_ex.c ****   {
 278:Drivers/STM32F0xx_HAL_Driver/Src/stm32f0xx_hal_uart_ex.c ****     return HAL_ERROR;
 279:Drivers/STM32F0xx_HAL_Driver/Src/stm32f0xx_hal_uart_ex.c ****   }
 280:Drivers/STM32F0xx_HAL_Driver/Src/stm32f0xx_hal_uart_ex.c **** 
 281:Drivers/STM32F0xx_HAL_Driver/Src/stm32f0xx_hal_uart_ex.c ****   if(huart->gState == HAL_UART_STATE_RESET)
 282:Drivers/STM32F0xx_HAL_Driver/Src/stm32f0xx_hal_uart_ex.c ****   {
 283:Drivers/STM32F0xx_HAL_Driver/Src/stm32f0xx_hal_uart_ex.c ****     /* Allocate lock resource and initialize it */
 284:Drivers/STM32F0xx_HAL_Driver/Src/stm32f0xx_hal_uart_ex.c ****     huart->Lock = HAL_UNLOCKED;
 285:Drivers/STM32F0xx_HAL_Driver/Src/stm32f0xx_hal_uart_ex.c **** 
 286:Drivers/STM32F0xx_HAL_Driver/Src/stm32f0xx_hal_uart_ex.c ****     /* Init the low level hardware : GPIO, CLOCK */
 287:Drivers/STM32F0xx_HAL_Driver/Src/stm32f0xx_hal_uart_ex.c ****     HAL_UART_MspInit(huart);
 288:Drivers/STM32F0xx_HAL_Driver/Src/stm32f0xx_hal_uart_ex.c ****   }
 289:Drivers/STM32F0xx_HAL_Driver/Src/stm32f0xx_hal_uart_ex.c **** 
 290:Drivers/STM32F0xx_HAL_Driver/Src/stm32f0xx_hal_uart_ex.c ****   huart->gState = HAL_UART_STATE_BUSY;
 291:Drivers/STM32F0xx_HAL_Driver/Src/stm32f0xx_hal_uart_ex.c **** 
 292:Drivers/STM32F0xx_HAL_Driver/Src/stm32f0xx_hal_uart_ex.c ****   /* Disable the Peripheral */
 293:Drivers/STM32F0xx_HAL_Driver/Src/stm32f0xx_hal_uart_ex.c ****   __HAL_UART_DISABLE(huart);
 294:Drivers/STM32F0xx_HAL_Driver/Src/stm32f0xx_hal_uart_ex.c **** 
 295:Drivers/STM32F0xx_HAL_Driver/Src/stm32f0xx_hal_uart_ex.c ****   /* Set the UART Communication parameters */
 296:Drivers/STM32F0xx_HAL_Driver/Src/stm32f0xx_hal_uart_ex.c ****   if (UART_SetConfig(huart) == HAL_ERROR)
 297:Drivers/STM32F0xx_HAL_Driver/Src/stm32f0xx_hal_uart_ex.c ****   {
 298:Drivers/STM32F0xx_HAL_Driver/Src/stm32f0xx_hal_uart_ex.c ****     return HAL_ERROR;
 299:Drivers/STM32F0xx_HAL_Driver/Src/stm32f0xx_hal_uart_ex.c ****   }
ARM GAS  /var/folders/vr/85797ndx6jd_r3n_lsprlrj40000gn/T//cc3Bs3r8.s 			page 10


 300:Drivers/STM32F0xx_HAL_Driver/Src/stm32f0xx_hal_uart_ex.c **** 
 301:Drivers/STM32F0xx_HAL_Driver/Src/stm32f0xx_hal_uart_ex.c ****   if (huart->AdvancedInit.AdvFeatureInit != UART_ADVFEATURE_NO_INIT)
 302:Drivers/STM32F0xx_HAL_Driver/Src/stm32f0xx_hal_uart_ex.c ****   {
 303:Drivers/STM32F0xx_HAL_Driver/Src/stm32f0xx_hal_uart_ex.c ****     UART_AdvFeatureConfig(huart);
 304:Drivers/STM32F0xx_HAL_Driver/Src/stm32f0xx_hal_uart_ex.c ****   }
 305:Drivers/STM32F0xx_HAL_Driver/Src/stm32f0xx_hal_uart_ex.c **** 
 306:Drivers/STM32F0xx_HAL_Driver/Src/stm32f0xx_hal_uart_ex.c ****   /* In LIN mode, the following bits must be kept cleared:
 307:Drivers/STM32F0xx_HAL_Driver/Src/stm32f0xx_hal_uart_ex.c ****   - LINEN and CLKEN bits in the USART_CR2 register,
 308:Drivers/STM32F0xx_HAL_Driver/Src/stm32f0xx_hal_uart_ex.c ****   - SCEN and IREN bits in the USART_CR3 register.*/
 309:Drivers/STM32F0xx_HAL_Driver/Src/stm32f0xx_hal_uart_ex.c ****   CLEAR_BIT(huart->Instance->CR2, USART_CR2_CLKEN);
 310:Drivers/STM32F0xx_HAL_Driver/Src/stm32f0xx_hal_uart_ex.c ****   CLEAR_BIT(huart->Instance->CR3, (USART_CR3_HDSEL | USART_CR3_IREN | USART_CR3_SCEN));
 311:Drivers/STM32F0xx_HAL_Driver/Src/stm32f0xx_hal_uart_ex.c **** 
 312:Drivers/STM32F0xx_HAL_Driver/Src/stm32f0xx_hal_uart_ex.c ****   /* Enable the LIN mode by setting the LINEN bit in the CR2 register */
 313:Drivers/STM32F0xx_HAL_Driver/Src/stm32f0xx_hal_uart_ex.c ****   SET_BIT(huart->Instance->CR2, USART_CR2_LINEN);
 314:Drivers/STM32F0xx_HAL_Driver/Src/stm32f0xx_hal_uart_ex.c **** 
 315:Drivers/STM32F0xx_HAL_Driver/Src/stm32f0xx_hal_uart_ex.c ****   /* Set the USART LIN Break detection length. */
 316:Drivers/STM32F0xx_HAL_Driver/Src/stm32f0xx_hal_uart_ex.c ****   MODIFY_REG(huart->Instance->CR2, USART_CR2_LBDL, BreakDetectLength);
 317:Drivers/STM32F0xx_HAL_Driver/Src/stm32f0xx_hal_uart_ex.c **** 
 318:Drivers/STM32F0xx_HAL_Driver/Src/stm32f0xx_hal_uart_ex.c ****   /* Enable the Peripheral */
 319:Drivers/STM32F0xx_HAL_Driver/Src/stm32f0xx_hal_uart_ex.c ****   __HAL_UART_ENABLE(huart);
 320:Drivers/STM32F0xx_HAL_Driver/Src/stm32f0xx_hal_uart_ex.c **** 
 321:Drivers/STM32F0xx_HAL_Driver/Src/stm32f0xx_hal_uart_ex.c ****   /* TEACK and/or REACK to check before moving huart->gState and huart->RxState to Ready */
 322:Drivers/STM32F0xx_HAL_Driver/Src/stm32f0xx_hal_uart_ex.c ****   return (UART_CheckIdleState(huart));
 323:Drivers/STM32F0xx_HAL_Driver/Src/stm32f0xx_hal_uart_ex.c **** }
 324:Drivers/STM32F0xx_HAL_Driver/Src/stm32f0xx_hal_uart_ex.c **** #endif /* !defined(STM32F030x6) && !defined(STM32F030x8)&& !defined(STM32F070xB)&& !defined(STM32F0
 325:Drivers/STM32F0xx_HAL_Driver/Src/stm32f0xx_hal_uart_ex.c **** 
 326:Drivers/STM32F0xx_HAL_Driver/Src/stm32f0xx_hal_uart_ex.c **** /**
 327:Drivers/STM32F0xx_HAL_Driver/Src/stm32f0xx_hal_uart_ex.c ****   * @}
 328:Drivers/STM32F0xx_HAL_Driver/Src/stm32f0xx_hal_uart_ex.c ****   */
 329:Drivers/STM32F0xx_HAL_Driver/Src/stm32f0xx_hal_uart_ex.c **** 
 330:Drivers/STM32F0xx_HAL_Driver/Src/stm32f0xx_hal_uart_ex.c **** /** @defgroup UARTEx_Exported_Functions_Group2 Extended IO operation function 
 331:Drivers/STM32F0xx_HAL_Driver/Src/stm32f0xx_hal_uart_ex.c ****   * @brief    Extended UART Interrupt handling function 
 332:Drivers/STM32F0xx_HAL_Driver/Src/stm32f0xx_hal_uart_ex.c ****   *
 333:Drivers/STM32F0xx_HAL_Driver/Src/stm32f0xx_hal_uart_ex.c **** @verbatim
 334:Drivers/STM32F0xx_HAL_Driver/Src/stm32f0xx_hal_uart_ex.c ****  ===============================================================================
 335:Drivers/STM32F0xx_HAL_Driver/Src/stm32f0xx_hal_uart_ex.c ****                       ##### IO operation function #####
 336:Drivers/STM32F0xx_HAL_Driver/Src/stm32f0xx_hal_uart_ex.c ****  ===============================================================================
 337:Drivers/STM32F0xx_HAL_Driver/Src/stm32f0xx_hal_uart_ex.c ****     [..]
 338:Drivers/STM32F0xx_HAL_Driver/Src/stm32f0xx_hal_uart_ex.c ****     This subsection provides function to handle Wake up interrupt call-back.
 339:Drivers/STM32F0xx_HAL_Driver/Src/stm32f0xx_hal_uart_ex.c ****         
 340:Drivers/STM32F0xx_HAL_Driver/Src/stm32f0xx_hal_uart_ex.c ****     (#) Callback provided in No_Blocking mode:
 341:Drivers/STM32F0xx_HAL_Driver/Src/stm32f0xx_hal_uart_ex.c ****         (++) HAL_UARTEx_WakeupCallback()
 342:Drivers/STM32F0xx_HAL_Driver/Src/stm32f0xx_hal_uart_ex.c **** 
 343:Drivers/STM32F0xx_HAL_Driver/Src/stm32f0xx_hal_uart_ex.c **** @endverbatim
 344:Drivers/STM32F0xx_HAL_Driver/Src/stm32f0xx_hal_uart_ex.c ****   * @{
 345:Drivers/STM32F0xx_HAL_Driver/Src/stm32f0xx_hal_uart_ex.c ****   */
 346:Drivers/STM32F0xx_HAL_Driver/Src/stm32f0xx_hal_uart_ex.c **** 
 347:Drivers/STM32F0xx_HAL_Driver/Src/stm32f0xx_hal_uart_ex.c **** #if !defined(STM32F030x6) && !defined(STM32F030x8)&& !defined(STM32F070xB)&& !defined(STM32F070x6)&
 348:Drivers/STM32F0xx_HAL_Driver/Src/stm32f0xx_hal_uart_ex.c **** /**
 349:Drivers/STM32F0xx_HAL_Driver/Src/stm32f0xx_hal_uart_ex.c ****   * @brief  UART wakeup from Stop mode callback.
 350:Drivers/STM32F0xx_HAL_Driver/Src/stm32f0xx_hal_uart_ex.c ****   * @param  huart UART handle.
 351:Drivers/STM32F0xx_HAL_Driver/Src/stm32f0xx_hal_uart_ex.c ****   * @retval None
 352:Drivers/STM32F0xx_HAL_Driver/Src/stm32f0xx_hal_uart_ex.c ****   */
 353:Drivers/STM32F0xx_HAL_Driver/Src/stm32f0xx_hal_uart_ex.c **** __weak void HAL_UARTEx_WakeupCallback(UART_HandleTypeDef *huart)
 354:Drivers/STM32F0xx_HAL_Driver/Src/stm32f0xx_hal_uart_ex.c **** {
 355:Drivers/STM32F0xx_HAL_Driver/Src/stm32f0xx_hal_uart_ex.c ****   /* Prevent unused argument(s) compilation warning */
 356:Drivers/STM32F0xx_HAL_Driver/Src/stm32f0xx_hal_uart_ex.c ****   UNUSED(huart);
ARM GAS  /var/folders/vr/85797ndx6jd_r3n_lsprlrj40000gn/T//cc3Bs3r8.s 			page 11


 357:Drivers/STM32F0xx_HAL_Driver/Src/stm32f0xx_hal_uart_ex.c **** 
 358:Drivers/STM32F0xx_HAL_Driver/Src/stm32f0xx_hal_uart_ex.c ****   /* NOTE : This function should not be modified, when the callback is needed,
 359:Drivers/STM32F0xx_HAL_Driver/Src/stm32f0xx_hal_uart_ex.c ****             the HAL_UARTEx_WakeupCallback can be implemented in the user file.
 360:Drivers/STM32F0xx_HAL_Driver/Src/stm32f0xx_hal_uart_ex.c ****    */
 361:Drivers/STM32F0xx_HAL_Driver/Src/stm32f0xx_hal_uart_ex.c **** }
 362:Drivers/STM32F0xx_HAL_Driver/Src/stm32f0xx_hal_uart_ex.c **** #endif /*!defined(STM32F030x6) && !defined(STM32F030x8)&& !defined(STM32F070xB)&& !defined(STM32F07
 363:Drivers/STM32F0xx_HAL_Driver/Src/stm32f0xx_hal_uart_ex.c **** 
 364:Drivers/STM32F0xx_HAL_Driver/Src/stm32f0xx_hal_uart_ex.c **** /**
 365:Drivers/STM32F0xx_HAL_Driver/Src/stm32f0xx_hal_uart_ex.c ****   * @}
 366:Drivers/STM32F0xx_HAL_Driver/Src/stm32f0xx_hal_uart_ex.c ****   */
 367:Drivers/STM32F0xx_HAL_Driver/Src/stm32f0xx_hal_uart_ex.c **** 
 368:Drivers/STM32F0xx_HAL_Driver/Src/stm32f0xx_hal_uart_ex.c **** 
 369:Drivers/STM32F0xx_HAL_Driver/Src/stm32f0xx_hal_uart_ex.c **** /** @defgroup UARTEx_Exported_Functions_Group3 Extended Peripheral Control functions
 370:Drivers/STM32F0xx_HAL_Driver/Src/stm32f0xx_hal_uart_ex.c ****   * @brief    Extended Peripheral Control functions
 371:Drivers/STM32F0xx_HAL_Driver/Src/stm32f0xx_hal_uart_ex.c ****   *
 372:Drivers/STM32F0xx_HAL_Driver/Src/stm32f0xx_hal_uart_ex.c **** @verbatim
 373:Drivers/STM32F0xx_HAL_Driver/Src/stm32f0xx_hal_uart_ex.c ****  ===============================================================================
 374:Drivers/STM32F0xx_HAL_Driver/Src/stm32f0xx_hal_uart_ex.c ****                       ##### Peripheral Control functions #####
 375:Drivers/STM32F0xx_HAL_Driver/Src/stm32f0xx_hal_uart_ex.c ****  ===============================================================================
 376:Drivers/STM32F0xx_HAL_Driver/Src/stm32f0xx_hal_uart_ex.c ****     [..]
 377:Drivers/STM32F0xx_HAL_Driver/Src/stm32f0xx_hal_uart_ex.c ****     This subsection provides extended functions allowing to control the UART.         
 378:Drivers/STM32F0xx_HAL_Driver/Src/stm32f0xx_hal_uart_ex.c ****      (+) HAL_UARTEx_StopModeWakeUpSourceConfig() API sets Wakeup from Stop mode interrupt flag sele
 379:Drivers/STM32F0xx_HAL_Driver/Src/stm32f0xx_hal_uart_ex.c ****      (+) HAL_UARTEx_EnableStopMode() API allows the UART to wake up the MCU from Stop mode as 
 380:Drivers/STM32F0xx_HAL_Driver/Src/stm32f0xx_hal_uart_ex.c ****          long as UART clock is HSI or LSE 
 381:Drivers/STM32F0xx_HAL_Driver/Src/stm32f0xx_hal_uart_ex.c ****      (+) HAL_UARTEx_DisableStopMode() API disables the above feature 
 382:Drivers/STM32F0xx_HAL_Driver/Src/stm32f0xx_hal_uart_ex.c ****      (+) HAL_MultiProcessorEx_AddressLength_Set() API optionally sets the UART node address
 383:Drivers/STM32F0xx_HAL_Driver/Src/stm32f0xx_hal_uart_ex.c ****          detection length to more than 4 bits for multiprocessor address mark wake up.
 384:Drivers/STM32F0xx_HAL_Driver/Src/stm32f0xx_hal_uart_ex.c ****      (+) HAL_LIN_SendBreak() API transmits the break characters
 385:Drivers/STM32F0xx_HAL_Driver/Src/stm32f0xx_hal_uart_ex.c **** 
 386:Drivers/STM32F0xx_HAL_Driver/Src/stm32f0xx_hal_uart_ex.c **** 
 387:Drivers/STM32F0xx_HAL_Driver/Src/stm32f0xx_hal_uart_ex.c **** @endverbatim
 388:Drivers/STM32F0xx_HAL_Driver/Src/stm32f0xx_hal_uart_ex.c ****   * @{
 389:Drivers/STM32F0xx_HAL_Driver/Src/stm32f0xx_hal_uart_ex.c ****   */
 390:Drivers/STM32F0xx_HAL_Driver/Src/stm32f0xx_hal_uart_ex.c **** 
 391:Drivers/STM32F0xx_HAL_Driver/Src/stm32f0xx_hal_uart_ex.c **** #if !defined(STM32F030x6) && !defined(STM32F030x8)&& !defined(STM32F070xB)&& !defined(STM32F070x6)&
 392:Drivers/STM32F0xx_HAL_Driver/Src/stm32f0xx_hal_uart_ex.c **** /**
 393:Drivers/STM32F0xx_HAL_Driver/Src/stm32f0xx_hal_uart_ex.c ****   * @brief Set Wakeup from Stop mode interrupt flag selection.
 394:Drivers/STM32F0xx_HAL_Driver/Src/stm32f0xx_hal_uart_ex.c ****   * @param huart UART handle.
 395:Drivers/STM32F0xx_HAL_Driver/Src/stm32f0xx_hal_uart_ex.c ****   * @param WakeUpSelection address match, Start Bit detection or RXNE bit status.
 396:Drivers/STM32F0xx_HAL_Driver/Src/stm32f0xx_hal_uart_ex.c ****   * This parameter can be one of the following values:
 397:Drivers/STM32F0xx_HAL_Driver/Src/stm32f0xx_hal_uart_ex.c ****   *      @arg @ref UART_WAKEUP_ON_ADDRESS
 398:Drivers/STM32F0xx_HAL_Driver/Src/stm32f0xx_hal_uart_ex.c ****   *      @arg @ref UART_WAKEUP_ON_STARTBIT
 399:Drivers/STM32F0xx_HAL_Driver/Src/stm32f0xx_hal_uart_ex.c ****   *      @arg @ref UART_WAKEUP_ON_READDATA_NONEMPTY
 400:Drivers/STM32F0xx_HAL_Driver/Src/stm32f0xx_hal_uart_ex.c ****   * @retval HAL status
 401:Drivers/STM32F0xx_HAL_Driver/Src/stm32f0xx_hal_uart_ex.c ****   */
 402:Drivers/STM32F0xx_HAL_Driver/Src/stm32f0xx_hal_uart_ex.c **** HAL_StatusTypeDef HAL_UARTEx_StopModeWakeUpSourceConfig(UART_HandleTypeDef *huart, UART_WakeUpTypeD
 403:Drivers/STM32F0xx_HAL_Driver/Src/stm32f0xx_hal_uart_ex.c **** {
 404:Drivers/STM32F0xx_HAL_Driver/Src/stm32f0xx_hal_uart_ex.c ****   HAL_StatusTypeDef status = HAL_OK;
 405:Drivers/STM32F0xx_HAL_Driver/Src/stm32f0xx_hal_uart_ex.c ****   uint32_t tickstart = 0U;
 406:Drivers/STM32F0xx_HAL_Driver/Src/stm32f0xx_hal_uart_ex.c **** 
 407:Drivers/STM32F0xx_HAL_Driver/Src/stm32f0xx_hal_uart_ex.c ****   /* check the wake-up from stop mode UART instance */
 408:Drivers/STM32F0xx_HAL_Driver/Src/stm32f0xx_hal_uart_ex.c ****   assert_param(IS_UART_WAKEUP_FROMSTOP_INSTANCE(huart->Instance));
 409:Drivers/STM32F0xx_HAL_Driver/Src/stm32f0xx_hal_uart_ex.c ****   /* check the wake-up selection parameter */
 410:Drivers/STM32F0xx_HAL_Driver/Src/stm32f0xx_hal_uart_ex.c ****   assert_param(IS_UART_WAKEUP_SELECTION(WakeUpSelection.WakeUpEvent));
 411:Drivers/STM32F0xx_HAL_Driver/Src/stm32f0xx_hal_uart_ex.c **** 
 412:Drivers/STM32F0xx_HAL_Driver/Src/stm32f0xx_hal_uart_ex.c ****   /* Process Locked */
 413:Drivers/STM32F0xx_HAL_Driver/Src/stm32f0xx_hal_uart_ex.c ****   __HAL_LOCK(huart);
ARM GAS  /var/folders/vr/85797ndx6jd_r3n_lsprlrj40000gn/T//cc3Bs3r8.s 			page 12


 414:Drivers/STM32F0xx_HAL_Driver/Src/stm32f0xx_hal_uart_ex.c **** 
 415:Drivers/STM32F0xx_HAL_Driver/Src/stm32f0xx_hal_uart_ex.c ****   huart->gState = HAL_UART_STATE_BUSY;
 416:Drivers/STM32F0xx_HAL_Driver/Src/stm32f0xx_hal_uart_ex.c **** 
 417:Drivers/STM32F0xx_HAL_Driver/Src/stm32f0xx_hal_uart_ex.c ****   /* Disable the Peripheral */
 418:Drivers/STM32F0xx_HAL_Driver/Src/stm32f0xx_hal_uart_ex.c ****   __HAL_UART_DISABLE(huart);
 419:Drivers/STM32F0xx_HAL_Driver/Src/stm32f0xx_hal_uart_ex.c **** 
 420:Drivers/STM32F0xx_HAL_Driver/Src/stm32f0xx_hal_uart_ex.c ****   /* Set the wake-up selection scheme */
 421:Drivers/STM32F0xx_HAL_Driver/Src/stm32f0xx_hal_uart_ex.c ****   MODIFY_REG(huart->Instance->CR3, USART_CR3_WUS, WakeUpSelection.WakeUpEvent);
 422:Drivers/STM32F0xx_HAL_Driver/Src/stm32f0xx_hal_uart_ex.c **** 
 423:Drivers/STM32F0xx_HAL_Driver/Src/stm32f0xx_hal_uart_ex.c ****   if (WakeUpSelection.WakeUpEvent == UART_WAKEUP_ON_ADDRESS)
 424:Drivers/STM32F0xx_HAL_Driver/Src/stm32f0xx_hal_uart_ex.c ****   {
 425:Drivers/STM32F0xx_HAL_Driver/Src/stm32f0xx_hal_uart_ex.c ****     UARTEx_Wakeup_AddressConfig(huart, WakeUpSelection);
 426:Drivers/STM32F0xx_HAL_Driver/Src/stm32f0xx_hal_uart_ex.c ****   }
 427:Drivers/STM32F0xx_HAL_Driver/Src/stm32f0xx_hal_uart_ex.c **** 
 428:Drivers/STM32F0xx_HAL_Driver/Src/stm32f0xx_hal_uart_ex.c ****   /* Enable the Peripheral */
 429:Drivers/STM32F0xx_HAL_Driver/Src/stm32f0xx_hal_uart_ex.c ****   __HAL_UART_ENABLE(huart);
 430:Drivers/STM32F0xx_HAL_Driver/Src/stm32f0xx_hal_uart_ex.c **** 
 431:Drivers/STM32F0xx_HAL_Driver/Src/stm32f0xx_hal_uart_ex.c ****   /* Init tickstart for timeout managment*/
 432:Drivers/STM32F0xx_HAL_Driver/Src/stm32f0xx_hal_uart_ex.c ****   tickstart = HAL_GetTick();
 433:Drivers/STM32F0xx_HAL_Driver/Src/stm32f0xx_hal_uart_ex.c **** 
 434:Drivers/STM32F0xx_HAL_Driver/Src/stm32f0xx_hal_uart_ex.c ****   /* Wait until REACK flag is set */
 435:Drivers/STM32F0xx_HAL_Driver/Src/stm32f0xx_hal_uart_ex.c ****   if(UART_WaitOnFlagUntilTimeout(huart, USART_ISR_REACK, RESET, tickstart, HAL_UART_TIMEOUT_VALUE) 
 436:Drivers/STM32F0xx_HAL_Driver/Src/stm32f0xx_hal_uart_ex.c ****   {
 437:Drivers/STM32F0xx_HAL_Driver/Src/stm32f0xx_hal_uart_ex.c ****     status = HAL_TIMEOUT;
 438:Drivers/STM32F0xx_HAL_Driver/Src/stm32f0xx_hal_uart_ex.c ****   }
 439:Drivers/STM32F0xx_HAL_Driver/Src/stm32f0xx_hal_uart_ex.c ****   else
 440:Drivers/STM32F0xx_HAL_Driver/Src/stm32f0xx_hal_uart_ex.c ****   {
 441:Drivers/STM32F0xx_HAL_Driver/Src/stm32f0xx_hal_uart_ex.c ****     /* Initialize the UART State */
 442:Drivers/STM32F0xx_HAL_Driver/Src/stm32f0xx_hal_uart_ex.c ****     huart->gState = HAL_UART_STATE_READY;
 443:Drivers/STM32F0xx_HAL_Driver/Src/stm32f0xx_hal_uart_ex.c ****   }
 444:Drivers/STM32F0xx_HAL_Driver/Src/stm32f0xx_hal_uart_ex.c **** 
 445:Drivers/STM32F0xx_HAL_Driver/Src/stm32f0xx_hal_uart_ex.c ****   /* Process Unlocked */
 446:Drivers/STM32F0xx_HAL_Driver/Src/stm32f0xx_hal_uart_ex.c ****   __HAL_UNLOCK(huart);
 447:Drivers/STM32F0xx_HAL_Driver/Src/stm32f0xx_hal_uart_ex.c **** 
 448:Drivers/STM32F0xx_HAL_Driver/Src/stm32f0xx_hal_uart_ex.c ****   return status;
 449:Drivers/STM32F0xx_HAL_Driver/Src/stm32f0xx_hal_uart_ex.c **** }
 450:Drivers/STM32F0xx_HAL_Driver/Src/stm32f0xx_hal_uart_ex.c **** 
 451:Drivers/STM32F0xx_HAL_Driver/Src/stm32f0xx_hal_uart_ex.c **** 
 452:Drivers/STM32F0xx_HAL_Driver/Src/stm32f0xx_hal_uart_ex.c **** /**
 453:Drivers/STM32F0xx_HAL_Driver/Src/stm32f0xx_hal_uart_ex.c ****   * @brief Enable UART Stop Mode.
 454:Drivers/STM32F0xx_HAL_Driver/Src/stm32f0xx_hal_uart_ex.c ****   * @note  The UART is able to wake up the MCU from Stop 1 mode as long as UART clock is HSI or LSE
 455:Drivers/STM32F0xx_HAL_Driver/Src/stm32f0xx_hal_uart_ex.c ****   * @param huart UART handle.
 456:Drivers/STM32F0xx_HAL_Driver/Src/stm32f0xx_hal_uart_ex.c ****   * @retval HAL status
 457:Drivers/STM32F0xx_HAL_Driver/Src/stm32f0xx_hal_uart_ex.c ****   */
 458:Drivers/STM32F0xx_HAL_Driver/Src/stm32f0xx_hal_uart_ex.c **** HAL_StatusTypeDef HAL_UARTEx_EnableStopMode(UART_HandleTypeDef *huart)
 459:Drivers/STM32F0xx_HAL_Driver/Src/stm32f0xx_hal_uart_ex.c **** {
 460:Drivers/STM32F0xx_HAL_Driver/Src/stm32f0xx_hal_uart_ex.c ****   /* Check parameter */
 461:Drivers/STM32F0xx_HAL_Driver/Src/stm32f0xx_hal_uart_ex.c ****   assert_param(IS_UART_WAKEUP_FROMSTOP_INSTANCE(huart->Instance));
 462:Drivers/STM32F0xx_HAL_Driver/Src/stm32f0xx_hal_uart_ex.c **** 
 463:Drivers/STM32F0xx_HAL_Driver/Src/stm32f0xx_hal_uart_ex.c ****   /* Process Locked */
 464:Drivers/STM32F0xx_HAL_Driver/Src/stm32f0xx_hal_uart_ex.c ****   __HAL_LOCK(huart);
 465:Drivers/STM32F0xx_HAL_Driver/Src/stm32f0xx_hal_uart_ex.c **** 
 466:Drivers/STM32F0xx_HAL_Driver/Src/stm32f0xx_hal_uart_ex.c ****   huart->gState = HAL_UART_STATE_BUSY;
 467:Drivers/STM32F0xx_HAL_Driver/Src/stm32f0xx_hal_uart_ex.c **** 
 468:Drivers/STM32F0xx_HAL_Driver/Src/stm32f0xx_hal_uart_ex.c ****   /* Set UESM bit */
 469:Drivers/STM32F0xx_HAL_Driver/Src/stm32f0xx_hal_uart_ex.c ****   SET_BIT(huart->Instance->CR1, USART_CR1_UESM);
 470:Drivers/STM32F0xx_HAL_Driver/Src/stm32f0xx_hal_uart_ex.c **** 
ARM GAS  /var/folders/vr/85797ndx6jd_r3n_lsprlrj40000gn/T//cc3Bs3r8.s 			page 13


 471:Drivers/STM32F0xx_HAL_Driver/Src/stm32f0xx_hal_uart_ex.c ****   huart->gState = HAL_UART_STATE_READY;
 472:Drivers/STM32F0xx_HAL_Driver/Src/stm32f0xx_hal_uart_ex.c **** 
 473:Drivers/STM32F0xx_HAL_Driver/Src/stm32f0xx_hal_uart_ex.c ****   /* Process Unlocked */
 474:Drivers/STM32F0xx_HAL_Driver/Src/stm32f0xx_hal_uart_ex.c ****   __HAL_UNLOCK(huart);
 475:Drivers/STM32F0xx_HAL_Driver/Src/stm32f0xx_hal_uart_ex.c **** 
 476:Drivers/STM32F0xx_HAL_Driver/Src/stm32f0xx_hal_uart_ex.c ****   return HAL_OK;
 477:Drivers/STM32F0xx_HAL_Driver/Src/stm32f0xx_hal_uart_ex.c **** }
 478:Drivers/STM32F0xx_HAL_Driver/Src/stm32f0xx_hal_uart_ex.c **** 
 479:Drivers/STM32F0xx_HAL_Driver/Src/stm32f0xx_hal_uart_ex.c **** /**
 480:Drivers/STM32F0xx_HAL_Driver/Src/stm32f0xx_hal_uart_ex.c ****   * @brief Disable UART Stop Mode.
 481:Drivers/STM32F0xx_HAL_Driver/Src/stm32f0xx_hal_uart_ex.c ****   * @param huart UART handle.
 482:Drivers/STM32F0xx_HAL_Driver/Src/stm32f0xx_hal_uart_ex.c ****   * @retval HAL status
 483:Drivers/STM32F0xx_HAL_Driver/Src/stm32f0xx_hal_uart_ex.c ****   */
 484:Drivers/STM32F0xx_HAL_Driver/Src/stm32f0xx_hal_uart_ex.c **** HAL_StatusTypeDef HAL_UARTEx_DisableStopMode(UART_HandleTypeDef *huart)
 485:Drivers/STM32F0xx_HAL_Driver/Src/stm32f0xx_hal_uart_ex.c **** {
 486:Drivers/STM32F0xx_HAL_Driver/Src/stm32f0xx_hal_uart_ex.c ****   /* Check parameter */
 487:Drivers/STM32F0xx_HAL_Driver/Src/stm32f0xx_hal_uart_ex.c ****   assert_param(IS_UART_WAKEUP_FROMSTOP_INSTANCE(huart->Instance));
 488:Drivers/STM32F0xx_HAL_Driver/Src/stm32f0xx_hal_uart_ex.c **** 
 489:Drivers/STM32F0xx_HAL_Driver/Src/stm32f0xx_hal_uart_ex.c ****   /* Process Locked */
 490:Drivers/STM32F0xx_HAL_Driver/Src/stm32f0xx_hal_uart_ex.c ****   __HAL_LOCK(huart);
 491:Drivers/STM32F0xx_HAL_Driver/Src/stm32f0xx_hal_uart_ex.c **** 
 492:Drivers/STM32F0xx_HAL_Driver/Src/stm32f0xx_hal_uart_ex.c ****   huart->gState = HAL_UART_STATE_BUSY;
 493:Drivers/STM32F0xx_HAL_Driver/Src/stm32f0xx_hal_uart_ex.c **** 
 494:Drivers/STM32F0xx_HAL_Driver/Src/stm32f0xx_hal_uart_ex.c ****   /* Clear UESM bit */
 495:Drivers/STM32F0xx_HAL_Driver/Src/stm32f0xx_hal_uart_ex.c ****   CLEAR_BIT(huart->Instance->CR1, USART_CR1_UESM);
 496:Drivers/STM32F0xx_HAL_Driver/Src/stm32f0xx_hal_uart_ex.c **** 
 497:Drivers/STM32F0xx_HAL_Driver/Src/stm32f0xx_hal_uart_ex.c ****   huart->gState = HAL_UART_STATE_READY;
 498:Drivers/STM32F0xx_HAL_Driver/Src/stm32f0xx_hal_uart_ex.c **** 
 499:Drivers/STM32F0xx_HAL_Driver/Src/stm32f0xx_hal_uart_ex.c ****   /* Process Unlocked */
 500:Drivers/STM32F0xx_HAL_Driver/Src/stm32f0xx_hal_uart_ex.c ****   __HAL_UNLOCK(huart);
 501:Drivers/STM32F0xx_HAL_Driver/Src/stm32f0xx_hal_uart_ex.c **** 
 502:Drivers/STM32F0xx_HAL_Driver/Src/stm32f0xx_hal_uart_ex.c ****   return HAL_OK;
 503:Drivers/STM32F0xx_HAL_Driver/Src/stm32f0xx_hal_uart_ex.c **** }
 504:Drivers/STM32F0xx_HAL_Driver/Src/stm32f0xx_hal_uart_ex.c **** #endif /* !defined(STM32F030x6) && !defined(STM32F030x8)&& !defined(STM32F070xB)&& !defined(STM32F0
 505:Drivers/STM32F0xx_HAL_Driver/Src/stm32f0xx_hal_uart_ex.c **** 
 506:Drivers/STM32F0xx_HAL_Driver/Src/stm32f0xx_hal_uart_ex.c **** /**
 507:Drivers/STM32F0xx_HAL_Driver/Src/stm32f0xx_hal_uart_ex.c ****   * @brief By default in multiprocessor mode, when the wake up method is set
 508:Drivers/STM32F0xx_HAL_Driver/Src/stm32f0xx_hal_uart_ex.c ****   *        to address mark, the UART handles only 4-bit long addresses detection;
 509:Drivers/STM32F0xx_HAL_Driver/Src/stm32f0xx_hal_uart_ex.c ****   *        this API allows to enable longer addresses detection (6-, 7- or 8-bit
 510:Drivers/STM32F0xx_HAL_Driver/Src/stm32f0xx_hal_uart_ex.c ****   *        long).
 511:Drivers/STM32F0xx_HAL_Driver/Src/stm32f0xx_hal_uart_ex.c ****   * @note  Addresses detection lengths are: 6-bit address detection in 7-bit data mode, 
 512:Drivers/STM32F0xx_HAL_Driver/Src/stm32f0xx_hal_uart_ex.c ****   *        7-bit address detection in 8-bit data mode, 8-bit address detection in 9-bit data mode.
 513:Drivers/STM32F0xx_HAL_Driver/Src/stm32f0xx_hal_uart_ex.c ****   * @param huart UART handle.
 514:Drivers/STM32F0xx_HAL_Driver/Src/stm32f0xx_hal_uart_ex.c ****   * @param AddressLength this parameter can be one of the following values:
 515:Drivers/STM32F0xx_HAL_Driver/Src/stm32f0xx_hal_uart_ex.c ****   *          @arg @ref UART_ADDRESS_DETECT_4B 4-bit long address
 516:Drivers/STM32F0xx_HAL_Driver/Src/stm32f0xx_hal_uart_ex.c ****   *          @arg @ref UART_ADDRESS_DETECT_7B 6-, 7- or 8-bit long address
 517:Drivers/STM32F0xx_HAL_Driver/Src/stm32f0xx_hal_uart_ex.c ****   * @retval HAL status
 518:Drivers/STM32F0xx_HAL_Driver/Src/stm32f0xx_hal_uart_ex.c ****   */
 519:Drivers/STM32F0xx_HAL_Driver/Src/stm32f0xx_hal_uart_ex.c **** HAL_StatusTypeDef HAL_MultiProcessorEx_AddressLength_Set(UART_HandleTypeDef *huart, uint32_t Addres
 520:Drivers/STM32F0xx_HAL_Driver/Src/stm32f0xx_hal_uart_ex.c **** {
 198              		.loc 1 520 1 is_stmt 1 view -0
 199              		.cfi_startproc
 200              		@ args = 0, pretend = 0, frame = 0
 201              		@ frame_needed = 0, uses_anonymous_args = 0
 521:Drivers/STM32F0xx_HAL_Driver/Src/stm32f0xx_hal_uart_ex.c ****   /* Check the UART handle allocation */
 522:Drivers/STM32F0xx_HAL_Driver/Src/stm32f0xx_hal_uart_ex.c ****   if(huart == NULL)
 202              		.loc 1 522 3 view .LVU54
ARM GAS  /var/folders/vr/85797ndx6jd_r3n_lsprlrj40000gn/T//cc3Bs3r8.s 			page 14


 520:Drivers/STM32F0xx_HAL_Driver/Src/stm32f0xx_hal_uart_ex.c ****   /* Check the UART handle allocation */
 203              		.loc 1 520 1 is_stmt 0 view .LVU55
 204 0000 70B5     		push	{r4, r5, r6, lr}
 205              	.LCFI1:
 206              		.cfi_def_cfa_offset 16
 207              		.cfi_offset 4, -16
 208              		.cfi_offset 5, -12
 209              		.cfi_offset 6, -8
 210              		.cfi_offset 14, -4
 211              		.loc 1 522 5 view .LVU56
 212 0002 0028     		cmp	r0, #0
 213 0004 12D0     		beq	.L20
 523:Drivers/STM32F0xx_HAL_Driver/Src/stm32f0xx_hal_uart_ex.c ****   {
 524:Drivers/STM32F0xx_HAL_Driver/Src/stm32f0xx_hal_uart_ex.c ****     return HAL_ERROR;
 525:Drivers/STM32F0xx_HAL_Driver/Src/stm32f0xx_hal_uart_ex.c ****   }
 526:Drivers/STM32F0xx_HAL_Driver/Src/stm32f0xx_hal_uart_ex.c **** 
 527:Drivers/STM32F0xx_HAL_Driver/Src/stm32f0xx_hal_uart_ex.c ****   /* Check the address length parameter */
 528:Drivers/STM32F0xx_HAL_Driver/Src/stm32f0xx_hal_uart_ex.c ****   assert_param(IS_UART_ADDRESSLENGTH_DETECT(AddressLength));
 214              		.loc 1 528 3 is_stmt 1 view .LVU57
 529:Drivers/STM32F0xx_HAL_Driver/Src/stm32f0xx_hal_uart_ex.c **** 
 530:Drivers/STM32F0xx_HAL_Driver/Src/stm32f0xx_hal_uart_ex.c ****   huart->gState = HAL_UART_STATE_BUSY;
 215              		.loc 1 530 3 view .LVU58
 216              		.loc 1 530 17 is_stmt 0 view .LVU59
 217 0006 6923     		movs	r3, #105
 218 0008 2422     		movs	r2, #36
 531:Drivers/STM32F0xx_HAL_Driver/Src/stm32f0xx_hal_uart_ex.c **** 
 532:Drivers/STM32F0xx_HAL_Driver/Src/stm32f0xx_hal_uart_ex.c ****   /* Disable the Peripheral */
 533:Drivers/STM32F0xx_HAL_Driver/Src/stm32f0xx_hal_uart_ex.c ****   __HAL_UART_DISABLE(huart);
 219              		.loc 1 533 3 view .LVU60
 220 000a 0125     		movs	r5, #1
 530:Drivers/STM32F0xx_HAL_Driver/Src/stm32f0xx_hal_uart_ex.c **** 
 221              		.loc 1 530 17 view .LVU61
 222 000c C254     		strb	r2, [r0, r3]
 223              		.loc 1 533 3 is_stmt 1 view .LVU62
 224 000e 0368     		ldr	r3, [r0]
 225 0010 1C68     		ldr	r4, [r3]
 226 0012 AC43     		bics	r4, r5
 227 0014 1C60     		str	r4, [r3]
 534:Drivers/STM32F0xx_HAL_Driver/Src/stm32f0xx_hal_uart_ex.c **** 
 535:Drivers/STM32F0xx_HAL_Driver/Src/stm32f0xx_hal_uart_ex.c ****   /* Set the address length */
 536:Drivers/STM32F0xx_HAL_Driver/Src/stm32f0xx_hal_uart_ex.c ****   MODIFY_REG(huart->Instance->CR2, USART_CR2_ADDM7, AddressLength);
 228              		.loc 1 536 3 view .LVU63
 229 0016 1024     		movs	r4, #16
 230 0018 5A68     		ldr	r2, [r3, #4]
 231 001a A243     		bics	r2, r4
 232 001c 0A43     		orrs	r2, r1
 233 001e 5A60     		str	r2, [r3, #4]
 537:Drivers/STM32F0xx_HAL_Driver/Src/stm32f0xx_hal_uart_ex.c **** 
 538:Drivers/STM32F0xx_HAL_Driver/Src/stm32f0xx_hal_uart_ex.c ****   /* Enable the Peripheral */
 539:Drivers/STM32F0xx_HAL_Driver/Src/stm32f0xx_hal_uart_ex.c ****   __HAL_UART_ENABLE(huart);
 234              		.loc 1 539 3 view .LVU64
 235 0020 1A68     		ldr	r2, [r3]
 236 0022 2A43     		orrs	r2, r5
 237 0024 1A60     		str	r2, [r3]
 540:Drivers/STM32F0xx_HAL_Driver/Src/stm32f0xx_hal_uart_ex.c **** 
 541:Drivers/STM32F0xx_HAL_Driver/Src/stm32f0xx_hal_uart_ex.c ****   /* TEACK and/or REACK to check before moving huart->gState to Ready */
 542:Drivers/STM32F0xx_HAL_Driver/Src/stm32f0xx_hal_uart_ex.c ****   return (UART_CheckIdleState(huart));
ARM GAS  /var/folders/vr/85797ndx6jd_r3n_lsprlrj40000gn/T//cc3Bs3r8.s 			page 15


 238              		.loc 1 542 3 view .LVU65
 239              		.loc 1 542 11 is_stmt 0 view .LVU66
 240 0026 FFF7FEFF 		bl	UART_CheckIdleState
 241              	.LVL18:
 242              	.L19:
 543:Drivers/STM32F0xx_HAL_Driver/Src/stm32f0xx_hal_uart_ex.c **** }
 243              		.loc 1 543 1 view .LVU67
 244              		@ sp needed
 245 002a 70BD     		pop	{r4, r5, r6, pc}
 246              	.LVL19:
 247              	.L20:
 524:Drivers/STM32F0xx_HAL_Driver/Src/stm32f0xx_hal_uart_ex.c ****   }
 248              		.loc 1 524 12 view .LVU68
 249 002c 0120     		movs	r0, #1
 250              	.LVL20:
 524:Drivers/STM32F0xx_HAL_Driver/Src/stm32f0xx_hal_uart_ex.c ****   }
 251              		.loc 1 524 12 view .LVU69
 252 002e FCE7     		b	.L19
 253              		.cfi_endproc
 254              	.LFE38:
 256              		.text
 257              	.Letext0:
 258              		.file 2 "/usr/local/Cellar/arm-gcc-bin/8-2018-q4-major/arm-none-eabi/include/machine/_default_type
 259              		.file 3 "/usr/local/Cellar/arm-gcc-bin/8-2018-q4-major/arm-none-eabi/include/sys/_stdint.h"
 260              		.file 4 "Drivers/CMSIS/Device/ST/STM32F0xx/Include/system_stm32f0xx.h"
 261              		.file 5 "Drivers/CMSIS/Device/ST/STM32F0xx/Include/stm32f030xc.h"
 262              		.file 6 "/usr/local/Cellar/arm-gcc-bin/8-2018-q4-major/arm-none-eabi/include/sys/lock.h"
 263              		.file 7 "/usr/local/Cellar/arm-gcc-bin/8-2018-q4-major/arm-none-eabi/include/sys/_types.h"
 264              		.file 8 "/usr/local/Cellar/arm-gcc-bin/8-2018-q4-major/lib/gcc/arm-none-eabi/8.2.1/include/stddef.
 265              		.file 9 "/usr/local/Cellar/arm-gcc-bin/8-2018-q4-major/arm-none-eabi/include/sys/reent.h"
 266              		.file 10 "Drivers/STM32F0xx_HAL_Driver/Inc/stm32f0xx_hal_def.h"
 267              		.file 11 "Drivers/STM32F0xx_HAL_Driver/Inc/stm32f0xx_hal_dma.h"
 268              		.file 12 "Drivers/STM32F0xx_HAL_Driver/Inc/stm32f0xx_hal_uart.h"
ARM GAS  /var/folders/vr/85797ndx6jd_r3n_lsprlrj40000gn/T//cc3Bs3r8.s 			page 16


DEFINED SYMBOLS
                            *ABS*:0000000000000000 stm32f0xx_hal_uart_ex.c
/var/folders/vr/85797ndx6jd_r3n_lsprlrj40000gn/T//cc3Bs3r8.s:16     .text.HAL_RS485Ex_Init:0000000000000000 $t
/var/folders/vr/85797ndx6jd_r3n_lsprlrj40000gn/T//cc3Bs3r8.s:25     .text.HAL_RS485Ex_Init:0000000000000000 HAL_RS485Ex_Init
/var/folders/vr/85797ndx6jd_r3n_lsprlrj40000gn/T//cc3Bs3r8.s:181    .text.HAL_RS485Ex_Init:0000000000000084 $d
/var/folders/vr/85797ndx6jd_r3n_lsprlrj40000gn/T//cc3Bs3r8.s:187    .text.HAL_MultiProcessorEx_AddressLength_Set:0000000000000000 $t
/var/folders/vr/85797ndx6jd_r3n_lsprlrj40000gn/T//cc3Bs3r8.s:195    .text.HAL_MultiProcessorEx_AddressLength_Set:0000000000000000 HAL_MultiProcessorEx_AddressLength_Set

UNDEFINED SYMBOLS
UART_SetConfig
UART_CheckIdleState
UART_AdvFeatureConfig
HAL_UART_MspInit
