ARM GAS  /var/folders/vr/85797ndx6jd_r3n_lsprlrj40000gn/T//ccToRQbQ.s 			page 1


   1              		.cpu cortex-m0
   2              		.eabi_attribute 20, 1
   3              		.eabi_attribute 21, 1
   4              		.eabi_attribute 23, 3
   5              		.eabi_attribute 24, 1
   6              		.eabi_attribute 25, 1
   7              		.eabi_attribute 26, 1
   8              		.eabi_attribute 30, 2
   9              		.eabi_attribute 34, 0
  10              		.eabi_attribute 18, 4
  11              		.file	"stm32f0xx_hal_msp.c"
  12              		.text
  13              	.Ltext0:
  14              		.cfi_sections	.debug_frame
  15              		.section	.text.HAL_MspInit,"ax",%progbits
  16              		.align	1
  17              		.p2align 2,,3
  18              		.global	HAL_MspInit
  19              		.arch armv6s-m
  20              		.syntax unified
  21              		.code	16
  22              		.thumb_func
  23              		.fpu softvfp
  25              	HAL_MspInit:
  26              	.LFB37:
  27              		.file 1 "Core/Src/stm32f0xx_hal_msp.c"
   1:Core/Src/stm32f0xx_hal_msp.c **** /* USER CODE BEGIN Header */
   2:Core/Src/stm32f0xx_hal_msp.c **** /**
   3:Core/Src/stm32f0xx_hal_msp.c ****   ******************************************************************************
   4:Core/Src/stm32f0xx_hal_msp.c ****   * File Name          : stm32f0xx_hal_msp.c
   5:Core/Src/stm32f0xx_hal_msp.c ****   * Description        : This file provides code for the MSP Initialization 
   6:Core/Src/stm32f0xx_hal_msp.c ****   *                      and de-Initialization codes.
   7:Core/Src/stm32f0xx_hal_msp.c ****   ******************************************************************************
   8:Core/Src/stm32f0xx_hal_msp.c ****   * @attention
   9:Core/Src/stm32f0xx_hal_msp.c ****   *
  10:Core/Src/stm32f0xx_hal_msp.c ****   * <h2><center>&copy; Copyright (c) 2019 STMicroelectronics.
  11:Core/Src/stm32f0xx_hal_msp.c ****   * All rights reserved.</center></h2>
  12:Core/Src/stm32f0xx_hal_msp.c ****   *
  13:Core/Src/stm32f0xx_hal_msp.c ****   * This software component is licensed by ST under BSD 3-Clause license,
  14:Core/Src/stm32f0xx_hal_msp.c ****   * the "License"; You may not use this file except in compliance with the
  15:Core/Src/stm32f0xx_hal_msp.c ****   * License. You may obtain a copy of the License at:
  16:Core/Src/stm32f0xx_hal_msp.c ****   *                        opensource.org/licenses/BSD-3-Clause
  17:Core/Src/stm32f0xx_hal_msp.c ****   *
  18:Core/Src/stm32f0xx_hal_msp.c ****   ******************************************************************************
  19:Core/Src/stm32f0xx_hal_msp.c ****   */
  20:Core/Src/stm32f0xx_hal_msp.c **** /* USER CODE END Header */
  21:Core/Src/stm32f0xx_hal_msp.c **** 
  22:Core/Src/stm32f0xx_hal_msp.c **** /* Includes ------------------------------------------------------------------*/
  23:Core/Src/stm32f0xx_hal_msp.c **** #include "main.h"
  24:Core/Src/stm32f0xx_hal_msp.c **** /* USER CODE BEGIN Includes */
  25:Core/Src/stm32f0xx_hal_msp.c **** 
  26:Core/Src/stm32f0xx_hal_msp.c **** /* USER CODE END Includes */
  27:Core/Src/stm32f0xx_hal_msp.c **** 
  28:Core/Src/stm32f0xx_hal_msp.c **** /* Private typedef -----------------------------------------------------------*/
  29:Core/Src/stm32f0xx_hal_msp.c **** /* USER CODE BEGIN TD */
  30:Core/Src/stm32f0xx_hal_msp.c **** 
  31:Core/Src/stm32f0xx_hal_msp.c **** /* USER CODE END TD */
ARM GAS  /var/folders/vr/85797ndx6jd_r3n_lsprlrj40000gn/T//ccToRQbQ.s 			page 2


  32:Core/Src/stm32f0xx_hal_msp.c **** 
  33:Core/Src/stm32f0xx_hal_msp.c **** /* Private define ------------------------------------------------------------*/
  34:Core/Src/stm32f0xx_hal_msp.c **** /* USER CODE BEGIN Define */
  35:Core/Src/stm32f0xx_hal_msp.c ****  
  36:Core/Src/stm32f0xx_hal_msp.c **** /* USER CODE END Define */
  37:Core/Src/stm32f0xx_hal_msp.c **** 
  38:Core/Src/stm32f0xx_hal_msp.c **** /* Private macro -------------------------------------------------------------*/
  39:Core/Src/stm32f0xx_hal_msp.c **** /* USER CODE BEGIN Macro */
  40:Core/Src/stm32f0xx_hal_msp.c **** 
  41:Core/Src/stm32f0xx_hal_msp.c **** /* USER CODE END Macro */
  42:Core/Src/stm32f0xx_hal_msp.c **** 
  43:Core/Src/stm32f0xx_hal_msp.c **** /* Private variables ---------------------------------------------------------*/
  44:Core/Src/stm32f0xx_hal_msp.c **** /* USER CODE BEGIN PV */
  45:Core/Src/stm32f0xx_hal_msp.c **** 
  46:Core/Src/stm32f0xx_hal_msp.c **** /* USER CODE END PV */
  47:Core/Src/stm32f0xx_hal_msp.c **** 
  48:Core/Src/stm32f0xx_hal_msp.c **** /* Private function prototypes -----------------------------------------------*/
  49:Core/Src/stm32f0xx_hal_msp.c **** /* USER CODE BEGIN PFP */
  50:Core/Src/stm32f0xx_hal_msp.c **** 
  51:Core/Src/stm32f0xx_hal_msp.c **** /* USER CODE END PFP */
  52:Core/Src/stm32f0xx_hal_msp.c **** 
  53:Core/Src/stm32f0xx_hal_msp.c **** /* External functions --------------------------------------------------------*/
  54:Core/Src/stm32f0xx_hal_msp.c **** /* USER CODE BEGIN ExternalFunctions */
  55:Core/Src/stm32f0xx_hal_msp.c **** 
  56:Core/Src/stm32f0xx_hal_msp.c **** /* USER CODE END ExternalFunctions */
  57:Core/Src/stm32f0xx_hal_msp.c **** 
  58:Core/Src/stm32f0xx_hal_msp.c **** /* USER CODE BEGIN 0 */
  59:Core/Src/stm32f0xx_hal_msp.c **** 
  60:Core/Src/stm32f0xx_hal_msp.c **** /* USER CODE END 0 */
  61:Core/Src/stm32f0xx_hal_msp.c **** /**
  62:Core/Src/stm32f0xx_hal_msp.c ****   * Initializes the Global MSP.
  63:Core/Src/stm32f0xx_hal_msp.c ****   */
  64:Core/Src/stm32f0xx_hal_msp.c **** void HAL_MspInit(void)
  65:Core/Src/stm32f0xx_hal_msp.c **** {
  28              		.loc 1 65 1 view -0
  29              		.cfi_startproc
  30              		@ args = 0, pretend = 0, frame = 8
  31              		@ frame_needed = 0, uses_anonymous_args = 0
  32              		@ link register save eliminated.
  66:Core/Src/stm32f0xx_hal_msp.c ****   /* USER CODE BEGIN MspInit 0 */
  67:Core/Src/stm32f0xx_hal_msp.c **** 
  68:Core/Src/stm32f0xx_hal_msp.c ****   /* USER CODE END MspInit 0 */
  69:Core/Src/stm32f0xx_hal_msp.c **** 
  70:Core/Src/stm32f0xx_hal_msp.c ****   __HAL_RCC_SYSCFG_CLK_ENABLE();
  33              		.loc 1 70 3 view .LVU1
  34              	.LBB2:
  35              		.loc 1 70 3 view .LVU2
  36              		.loc 1 70 3 view .LVU3
  37 0000 0122     		movs	r2, #1
  38 0002 0A4B     		ldr	r3, .L3
  39              	.LBE2:
  65:Core/Src/stm32f0xx_hal_msp.c ****   /* USER CODE BEGIN MspInit 0 */
  40              		.loc 1 65 1 is_stmt 0 view .LVU4
  41 0004 82B0     		sub	sp, sp, #8
  42              	.LCFI0:
  43              		.cfi_def_cfa_offset 8
  44              	.LBB3:
ARM GAS  /var/folders/vr/85797ndx6jd_r3n_lsprlrj40000gn/T//ccToRQbQ.s 			page 3


  45              		.loc 1 70 3 view .LVU5
  46 0006 9969     		ldr	r1, [r3, #24]
  47 0008 1143     		orrs	r1, r2
  48 000a 9961     		str	r1, [r3, #24]
  49              		.loc 1 70 3 is_stmt 1 view .LVU6
  50 000c 9969     		ldr	r1, [r3, #24]
  51 000e 0A40     		ands	r2, r1
  52              	.LBE3:
  53              	.LBB4:
  71:Core/Src/stm32f0xx_hal_msp.c ****   __HAL_RCC_PWR_CLK_ENABLE();
  54              		.loc 1 71 3 is_stmt 0 view .LVU7
  55 0010 8021     		movs	r1, #128
  56              	.LBE4:
  57              	.LBB5:
  70:Core/Src/stm32f0xx_hal_msp.c ****   __HAL_RCC_PWR_CLK_ENABLE();
  58              		.loc 1 70 3 view .LVU8
  59 0012 0092     		str	r2, [sp]
  70:Core/Src/stm32f0xx_hal_msp.c ****   __HAL_RCC_PWR_CLK_ENABLE();
  60              		.loc 1 70 3 is_stmt 1 view .LVU9
  61 0014 009A     		ldr	r2, [sp]
  62              	.LBE5:
  63              		.loc 1 71 3 view .LVU10
  64              	.LBB6:
  65              		.loc 1 71 3 view .LVU11
  66              		.loc 1 71 3 view .LVU12
  67 0016 DA69     		ldr	r2, [r3, #28]
  68 0018 4905     		lsls	r1, r1, #21
  69 001a 0A43     		orrs	r2, r1
  70 001c DA61     		str	r2, [r3, #28]
  71              		.loc 1 71 3 view .LVU13
  72 001e DB69     		ldr	r3, [r3, #28]
  73 0020 0B40     		ands	r3, r1
  74 0022 0193     		str	r3, [sp, #4]
  75              		.loc 1 71 3 view .LVU14
  76 0024 019B     		ldr	r3, [sp, #4]
  77              	.LBE6:
  72:Core/Src/stm32f0xx_hal_msp.c **** 
  73:Core/Src/stm32f0xx_hal_msp.c ****   /* System interrupt init*/
  74:Core/Src/stm32f0xx_hal_msp.c **** 
  75:Core/Src/stm32f0xx_hal_msp.c ****   /* USER CODE BEGIN MspInit 1 */
  76:Core/Src/stm32f0xx_hal_msp.c **** 
  77:Core/Src/stm32f0xx_hal_msp.c ****   /* USER CODE END MspInit 1 */
  78:Core/Src/stm32f0xx_hal_msp.c **** }
  78              		.loc 1 78 1 is_stmt 0 view .LVU15
  79 0026 02B0     		add	sp, sp, #8
  80              		@ sp needed
  81 0028 7047     		bx	lr
  82              	.L4:
  83 002a C046     		.align	2
  84              	.L3:
  85 002c 00100240 		.word	1073876992
  86              		.cfi_endproc
  87              	.LFE37:
  89              		.text
  90              	.Letext0:
  91              		.file 2 "/usr/local/Cellar/arm-gcc-bin/8-2018-q4-major/arm-none-eabi/include/machine/_default_type
  92              		.file 3 "/usr/local/Cellar/arm-gcc-bin/8-2018-q4-major/arm-none-eabi/include/sys/_stdint.h"
ARM GAS  /var/folders/vr/85797ndx6jd_r3n_lsprlrj40000gn/T//ccToRQbQ.s 			page 4


  93              		.file 4 "Drivers/CMSIS/Device/ST/STM32F0xx/Include/system_stm32f0xx.h"
  94              		.file 5 "Drivers/CMSIS/Device/ST/STM32F0xx/Include/stm32f030xc.h"
  95              		.file 6 "/usr/local/Cellar/arm-gcc-bin/8-2018-q4-major/arm-none-eabi/include/sys/lock.h"
  96              		.file 7 "/usr/local/Cellar/arm-gcc-bin/8-2018-q4-major/arm-none-eabi/include/sys/_types.h"
  97              		.file 8 "/usr/local/Cellar/arm-gcc-bin/8-2018-q4-major/lib/gcc/arm-none-eabi/8.2.1/include/stddef.
  98              		.file 9 "/usr/local/Cellar/arm-gcc-bin/8-2018-q4-major/arm-none-eabi/include/sys/reent.h"
ARM GAS  /var/folders/vr/85797ndx6jd_r3n_lsprlrj40000gn/T//ccToRQbQ.s 			page 5


DEFINED SYMBOLS
                            *ABS*:0000000000000000 stm32f0xx_hal_msp.c
/var/folders/vr/85797ndx6jd_r3n_lsprlrj40000gn/T//ccToRQbQ.s:16     .text.HAL_MspInit:0000000000000000 $t
/var/folders/vr/85797ndx6jd_r3n_lsprlrj40000gn/T//ccToRQbQ.s:25     .text.HAL_MspInit:0000000000000000 HAL_MspInit
/var/folders/vr/85797ndx6jd_r3n_lsprlrj40000gn/T//ccToRQbQ.s:85     .text.HAL_MspInit:000000000000002c $d

NO UNDEFINED SYMBOLS
