ARM GAS  /var/folders/vr/85797ndx6jd_r3n_lsprlrj40000gn/T//ccL8fpfq.s 			page 1


   1              		.cpu cortex-m0
   2              		.eabi_attribute 20, 1
   3              		.eabi_attribute 21, 1
   4              		.eabi_attribute 23, 3
   5              		.eabi_attribute 24, 1
   6              		.eabi_attribute 25, 1
   7              		.eabi_attribute 26, 1
   8              		.eabi_attribute 30, 2
   9              		.eabi_attribute 34, 0
  10              		.eabi_attribute 18, 4
  11              		.file	"usart.c"
  12              		.text
  13              	.Ltext0:
  14              		.cfi_sections	.debug_frame
  15              		.section	.text.MX_USART1_UART_Init,"ax",%progbits
  16              		.align	1
  17              		.p2align 2,,3
  18              		.global	MX_USART1_UART_Init
  19              		.arch armv6s-m
  20              		.syntax unified
  21              		.code	16
  22              		.thumb_func
  23              		.fpu softvfp
  25              	MX_USART1_UART_Init:
  26              	.LFB37:
  27              		.file 1 "Core/Src/usart.c"
   1:Core/Src/usart.c **** /**
   2:Core/Src/usart.c ****   ******************************************************************************
   3:Core/Src/usart.c ****   * File Name          : USART.c
   4:Core/Src/usart.c ****   * Description        : This file provides code for the configuration
   5:Core/Src/usart.c ****   *                      of the USART instances.
   6:Core/Src/usart.c ****   ******************************************************************************
   7:Core/Src/usart.c ****   * @attention
   8:Core/Src/usart.c ****   *
   9:Core/Src/usart.c ****   * <h2><center>&copy; Copyright (c) 2019 STMicroelectronics.
  10:Core/Src/usart.c ****   * All rights reserved.</center></h2>
  11:Core/Src/usart.c ****   *
  12:Core/Src/usart.c ****   * This software component is licensed by ST under BSD 3-Clause license,
  13:Core/Src/usart.c ****   * the "License"; You may not use this file except in compliance with the
  14:Core/Src/usart.c ****   * License. You may obtain a copy of the License at:
  15:Core/Src/usart.c ****   *                        opensource.org/licenses/BSD-3-Clause
  16:Core/Src/usart.c ****   *
  17:Core/Src/usart.c ****   ******************************************************************************
  18:Core/Src/usart.c ****   */
  19:Core/Src/usart.c **** 
  20:Core/Src/usart.c **** /* Includes ------------------------------------------------------------------*/
  21:Core/Src/usart.c **** #include "usart.h"
  22:Core/Src/usart.c **** 
  23:Core/Src/usart.c **** /* USER CODE BEGIN 0 */
  24:Core/Src/usart.c **** 
  25:Core/Src/usart.c **** /* USER CODE END 0 */
  26:Core/Src/usart.c **** 
  27:Core/Src/usart.c **** UART_HandleTypeDef huart1;
  28:Core/Src/usart.c **** UART_HandleTypeDef huart2;
  29:Core/Src/usart.c **** DMA_HandleTypeDef hdma_usart2_rx;
  30:Core/Src/usart.c **** 
  31:Core/Src/usart.c **** /* USART1 init function */
ARM GAS  /var/folders/vr/85797ndx6jd_r3n_lsprlrj40000gn/T//ccL8fpfq.s 			page 2


  32:Core/Src/usart.c **** 
  33:Core/Src/usart.c **** void MX_USART1_UART_Init(void)
  34:Core/Src/usart.c **** {
  28              		.loc 1 34 1 view -0
  29              		.cfi_startproc
  30              		@ args = 0, pretend = 0, frame = 0
  31              		@ frame_needed = 0, uses_anonymous_args = 0
  35:Core/Src/usart.c **** 
  36:Core/Src/usart.c ****   huart1.Instance = USART1;
  32              		.loc 1 36 3 view .LVU1
  33              		.loc 1 36 19 is_stmt 0 view .LVU2
  34 0000 0E48     		ldr	r0, .L8
  35 0002 0F4B     		ldr	r3, .L8+4
  34:Core/Src/usart.c **** 
  36              		.loc 1 34 1 view .LVU3
  37 0004 10B5     		push	{r4, lr}
  38              	.LCFI0:
  39              		.cfi_def_cfa_offset 8
  40              		.cfi_offset 4, -8
  41              		.cfi_offset 14, -4
  42              		.loc 1 36 19 view .LVU4
  43 0006 0360     		str	r3, [r0]
  37:Core/Src/usart.c ****   huart1.Init.BaudRate = 115200;
  44              		.loc 1 37 3 is_stmt 1 view .LVU5
  45              		.loc 1 37 24 is_stmt 0 view .LVU6
  46 0008 E123     		movs	r3, #225
  47 000a 5B02     		lsls	r3, r3, #9
  48 000c 4360     		str	r3, [r0, #4]
  38:Core/Src/usart.c ****   huart1.Init.WordLength = UART_WORDLENGTH_8B;
  49              		.loc 1 38 3 is_stmt 1 view .LVU7
  50              		.loc 1 38 26 is_stmt 0 view .LVU8
  51 000e 0023     		movs	r3, #0
  52 0010 8360     		str	r3, [r0, #8]
  39:Core/Src/usart.c ****   huart1.Init.StopBits = UART_STOPBITS_1;
  53              		.loc 1 39 3 is_stmt 1 view .LVU9
  54              		.loc 1 39 24 is_stmt 0 view .LVU10
  55 0012 C360     		str	r3, [r0, #12]
  40:Core/Src/usart.c ****   huart1.Init.Parity = UART_PARITY_NONE;
  56              		.loc 1 40 3 is_stmt 1 view .LVU11
  57              		.loc 1 40 22 is_stmt 0 view .LVU12
  58 0014 0361     		str	r3, [r0, #16]
  41:Core/Src/usart.c ****   huart1.Init.Mode = UART_MODE_TX_RX;
  59              		.loc 1 41 3 is_stmt 1 view .LVU13
  42:Core/Src/usart.c ****   huart1.Init.HwFlowCtl = UART_HWCONTROL_NONE;
  60              		.loc 1 42 25 is_stmt 0 view .LVU14
  61 0016 8361     		str	r3, [r0, #24]
  43:Core/Src/usart.c ****   huart1.Init.OverSampling = UART_OVERSAMPLING_16;
  62              		.loc 1 43 28 view .LVU15
  63 0018 C361     		str	r3, [r0, #28]
  44:Core/Src/usart.c ****   huart1.Init.OneBitSampling = UART_ONE_BIT_SAMPLE_DISABLE;
  64              		.loc 1 44 30 view .LVU16
  65 001a 0362     		str	r3, [r0, #32]
  45:Core/Src/usart.c ****   huart1.AdvancedInit.AdvFeatureInit = UART_ADVFEATURE_SWAP_INIT;
  66              		.loc 1 45 38 view .LVU17
  67 001c 0833     		adds	r3, r3, #8
  68 001e 4362     		str	r3, [r0, #36]
  46:Core/Src/usart.c ****   huart1.AdvancedInit.Swap = UART_ADVFEATURE_SWAP_ENABLE;
ARM GAS  /var/folders/vr/85797ndx6jd_r3n_lsprlrj40000gn/T//ccL8fpfq.s 			page 3


  69              		.loc 1 46 28 view .LVU18
  70 0020 8023     		movs	r3, #128
  41:Core/Src/usart.c ****   huart1.Init.HwFlowCtl = UART_HWCONTROL_NONE;
  71              		.loc 1 41 20 view .LVU19
  72 0022 0C22     		movs	r2, #12
  73              		.loc 1 46 28 view .LVU20
  74 0024 1B02     		lsls	r3, r3, #8
  41:Core/Src/usart.c ****   huart1.Init.HwFlowCtl = UART_HWCONTROL_NONE;
  75              		.loc 1 41 20 view .LVU21
  76 0026 4261     		str	r2, [r0, #20]
  42:Core/Src/usart.c ****   huart1.Init.OverSampling = UART_OVERSAMPLING_16;
  77              		.loc 1 42 3 is_stmt 1 view .LVU22
  43:Core/Src/usart.c ****   huart1.Init.OneBitSampling = UART_ONE_BIT_SAMPLE_DISABLE;
  78              		.loc 1 43 3 view .LVU23
  44:Core/Src/usart.c ****   huart1.AdvancedInit.AdvFeatureInit = UART_ADVFEATURE_SWAP_INIT;
  79              		.loc 1 44 3 view .LVU24
  45:Core/Src/usart.c ****   huart1.AdvancedInit.Swap = UART_ADVFEATURE_SWAP_ENABLE;
  80              		.loc 1 45 3 view .LVU25
  81              		.loc 1 46 3 view .LVU26
  82              		.loc 1 46 28 is_stmt 0 view .LVU27
  83 0028 4363     		str	r3, [r0, #52]
  47:Core/Src/usart.c ****   if (HAL_UART_Init(&huart1) != HAL_OK)
  84              		.loc 1 47 3 is_stmt 1 view .LVU28
  85              		.loc 1 47 7 is_stmt 0 view .LVU29
  86 002a FFF7FEFF 		bl	HAL_UART_Init
  87              	.LVL0:
  88              		.loc 1 47 6 view .LVU30
  89 002e 0028     		cmp	r0, #0
  90 0030 00D1     		bne	.L7
  91              	.L1:
  48:Core/Src/usart.c ****   {
  49:Core/Src/usart.c ****     Error_Handler();
  50:Core/Src/usart.c ****   }
  51:Core/Src/usart.c **** 
  52:Core/Src/usart.c **** }
  92              		.loc 1 52 1 view .LVU31
  93              		@ sp needed
  94 0032 10BD     		pop	{r4, pc}
  95              	.L7:
  49:Core/Src/usart.c ****   }
  96              		.loc 1 49 5 is_stmt 1 view .LVU32
  97 0034 FFF7FEFF 		bl	Error_Handler
  98              	.LVL1:
  99              		.loc 1 52 1 is_stmt 0 view .LVU33
 100 0038 FBE7     		b	.L1
 101              	.L9:
 102 003a C046     		.align	2
 103              	.L8:
 104 003c 00000000 		.word	huart1
 105 0040 00380140 		.word	1073821696
 106              		.cfi_endproc
 107              	.LFE37:
 109              		.section	.text.MX_USART2_UART_Init,"ax",%progbits
 110              		.align	1
 111              		.p2align 2,,3
 112              		.global	MX_USART2_UART_Init
 113              		.syntax unified
ARM GAS  /var/folders/vr/85797ndx6jd_r3n_lsprlrj40000gn/T//ccL8fpfq.s 			page 4


 114              		.code	16
 115              		.thumb_func
 116              		.fpu softvfp
 118              	MX_USART2_UART_Init:
 119              	.LFB38:
  53:Core/Src/usart.c **** /* USART2 init function */
  54:Core/Src/usart.c **** 
  55:Core/Src/usart.c **** void MX_USART2_UART_Init(void)
  56:Core/Src/usart.c **** {
 120              		.loc 1 56 1 is_stmt 1 view -0
 121              		.cfi_startproc
 122              		@ args = 0, pretend = 0, frame = 0
 123              		@ frame_needed = 0, uses_anonymous_args = 0
  57:Core/Src/usart.c **** 
  58:Core/Src/usart.c ****   huart2.Instance = USART2;
 124              		.loc 1 58 3 view .LVU35
 125              		.loc 1 58 19 is_stmt 0 view .LVU36
 126 0000 0C48     		ldr	r0, .L16
 127 0002 0D4B     		ldr	r3, .L16+4
  56:Core/Src/usart.c **** 
 128              		.loc 1 56 1 view .LVU37
 129 0004 10B5     		push	{r4, lr}
 130              	.LCFI1:
 131              		.cfi_def_cfa_offset 8
 132              		.cfi_offset 4, -8
 133              		.cfi_offset 14, -4
 134              		.loc 1 58 19 view .LVU38
 135 0006 0360     		str	r3, [r0]
  59:Core/Src/usart.c ****   huart2.Init.BaudRate = 115200;
 136              		.loc 1 59 3 is_stmt 1 view .LVU39
 137              		.loc 1 59 24 is_stmt 0 view .LVU40
 138 0008 E123     		movs	r3, #225
 139 000a 5B02     		lsls	r3, r3, #9
 140 000c 4360     		str	r3, [r0, #4]
  60:Core/Src/usart.c ****   huart2.Init.WordLength = UART_WORDLENGTH_8B;
 141              		.loc 1 60 3 is_stmt 1 view .LVU41
  61:Core/Src/usart.c ****   huart2.Init.StopBits = UART_STOPBITS_1;
  62:Core/Src/usart.c ****   huart2.Init.Parity = UART_PARITY_NONE;
  63:Core/Src/usart.c ****   huart2.Init.Mode = UART_MODE_TX_RX;
 142              		.loc 1 63 20 is_stmt 0 view .LVU42
 143 000e 0C22     		movs	r2, #12
  60:Core/Src/usart.c ****   huart2.Init.WordLength = UART_WORDLENGTH_8B;
 144              		.loc 1 60 26 view .LVU43
 145 0010 0023     		movs	r3, #0
 146              		.loc 1 63 20 view .LVU44
 147 0012 4261     		str	r2, [r0, #20]
  60:Core/Src/usart.c ****   huart2.Init.WordLength = UART_WORDLENGTH_8B;
 148              		.loc 1 60 26 view .LVU45
 149 0014 8360     		str	r3, [r0, #8]
  61:Core/Src/usart.c ****   huart2.Init.StopBits = UART_STOPBITS_1;
 150              		.loc 1 61 3 is_stmt 1 view .LVU46
  61:Core/Src/usart.c ****   huart2.Init.StopBits = UART_STOPBITS_1;
 151              		.loc 1 61 24 is_stmt 0 view .LVU47
 152 0016 C360     		str	r3, [r0, #12]
  62:Core/Src/usart.c ****   huart2.Init.Mode = UART_MODE_TX_RX;
 153              		.loc 1 62 3 is_stmt 1 view .LVU48
  62:Core/Src/usart.c ****   huart2.Init.Mode = UART_MODE_TX_RX;
ARM GAS  /var/folders/vr/85797ndx6jd_r3n_lsprlrj40000gn/T//ccL8fpfq.s 			page 5


 154              		.loc 1 62 22 is_stmt 0 view .LVU49
 155 0018 0361     		str	r3, [r0, #16]
 156              		.loc 1 63 3 is_stmt 1 view .LVU50
  64:Core/Src/usart.c ****   huart2.Init.HwFlowCtl = UART_HWCONTROL_NONE;
 157              		.loc 1 64 3 view .LVU51
 158              		.loc 1 64 25 is_stmt 0 view .LVU52
 159 001a 8361     		str	r3, [r0, #24]
  65:Core/Src/usart.c ****   huart2.Init.OverSampling = UART_OVERSAMPLING_16;
 160              		.loc 1 65 3 is_stmt 1 view .LVU53
 161              		.loc 1 65 28 is_stmt 0 view .LVU54
 162 001c C361     		str	r3, [r0, #28]
  66:Core/Src/usart.c ****   huart2.Init.OneBitSampling = UART_ONE_BIT_SAMPLE_DISABLE;
 163              		.loc 1 66 3 is_stmt 1 view .LVU55
 164              		.loc 1 66 30 is_stmt 0 view .LVU56
 165 001e 0362     		str	r3, [r0, #32]
  67:Core/Src/usart.c ****   huart2.AdvancedInit.AdvFeatureInit = UART_ADVFEATURE_NO_INIT;
 166              		.loc 1 67 3 is_stmt 1 view .LVU57
 167              		.loc 1 67 38 is_stmt 0 view .LVU58
 168 0020 4362     		str	r3, [r0, #36]
  68:Core/Src/usart.c ****   if (HAL_UART_Init(&huart2) != HAL_OK)
 169              		.loc 1 68 3 is_stmt 1 view .LVU59
 170              		.loc 1 68 7 is_stmt 0 view .LVU60
 171 0022 FFF7FEFF 		bl	HAL_UART_Init
 172              	.LVL2:
 173              		.loc 1 68 6 view .LVU61
 174 0026 0028     		cmp	r0, #0
 175 0028 00D1     		bne	.L15
 176              	.L10:
  69:Core/Src/usart.c ****   {
  70:Core/Src/usart.c ****     Error_Handler();
  71:Core/Src/usart.c ****   }
  72:Core/Src/usart.c **** 
  73:Core/Src/usart.c **** }
 177              		.loc 1 73 1 view .LVU62
 178              		@ sp needed
 179 002a 10BD     		pop	{r4, pc}
 180              	.L15:
  70:Core/Src/usart.c ****   }
 181              		.loc 1 70 5 is_stmt 1 view .LVU63
 182 002c FFF7FEFF 		bl	Error_Handler
 183              	.LVL3:
 184              		.loc 1 73 1 is_stmt 0 view .LVU64
 185 0030 FBE7     		b	.L10
 186              	.L17:
 187 0032 C046     		.align	2
 188              	.L16:
 189 0034 00000000 		.word	huart2
 190 0038 00440040 		.word	1073759232
 191              		.cfi_endproc
 192              	.LFE38:
 194              		.section	.text.HAL_UART_MspInit,"ax",%progbits
 195              		.align	1
 196              		.p2align 2,,3
 197              		.global	HAL_UART_MspInit
 198              		.syntax unified
 199              		.code	16
 200              		.thumb_func
ARM GAS  /var/folders/vr/85797ndx6jd_r3n_lsprlrj40000gn/T//ccL8fpfq.s 			page 6


 201              		.fpu softvfp
 203              	HAL_UART_MspInit:
 204              	.LVL4:
 205              	.LFB39:
  74:Core/Src/usart.c **** 
  75:Core/Src/usart.c **** void HAL_UART_MspInit(UART_HandleTypeDef* uartHandle)
  76:Core/Src/usart.c **** {
 206              		.loc 1 76 1 is_stmt 1 view -0
 207              		.cfi_startproc
 208              		@ args = 0, pretend = 0, frame = 40
 209              		@ frame_needed = 0, uses_anonymous_args = 0
  77:Core/Src/usart.c **** 
  78:Core/Src/usart.c ****   GPIO_InitTypeDef GPIO_InitStruct = {0};
 210              		.loc 1 78 3 view .LVU66
  76:Core/Src/usart.c **** 
 211              		.loc 1 76 1 is_stmt 0 view .LVU67
 212 0000 30B5     		push	{r4, r5, lr}
 213              	.LCFI2:
 214              		.cfi_def_cfa_offset 12
 215              		.cfi_offset 4, -12
 216              		.cfi_offset 5, -8
 217              		.cfi_offset 14, -4
 218 0002 0400     		movs	r4, r0
 219 0004 8BB0     		sub	sp, sp, #44
 220              	.LCFI3:
 221              		.cfi_def_cfa_offset 56
 222              		.loc 1 78 20 view .LVU68
 223 0006 1422     		movs	r2, #20
 224 0008 0021     		movs	r1, #0
 225 000a 05A8     		add	r0, sp, #20
 226              	.LVL5:
 227              		.loc 1 78 20 view .LVU69
 228 000c FFF7FEFF 		bl	memset
 229              	.LVL6:
  79:Core/Src/usart.c ****   if(uartHandle->Instance==USART1)
 230              		.loc 1 79 3 is_stmt 1 view .LVU70
 231              		.loc 1 79 16 is_stmt 0 view .LVU71
 232 0010 2368     		ldr	r3, [r4]
 233              		.loc 1 79 5 view .LVU72
 234 0012 334A     		ldr	r2, .L28
 235 0014 9342     		cmp	r3, r2
 236 0016 04D0     		beq	.L25
  80:Core/Src/usart.c ****   {
  81:Core/Src/usart.c ****   /* USER CODE BEGIN USART1_MspInit 0 */
  82:Core/Src/usart.c **** 
  83:Core/Src/usart.c ****   /* USER CODE END USART1_MspInit 0 */
  84:Core/Src/usart.c ****     /* USART1 clock enable */
  85:Core/Src/usart.c ****     __HAL_RCC_USART1_CLK_ENABLE();
  86:Core/Src/usart.c ****   
  87:Core/Src/usart.c ****     __HAL_RCC_GPIOB_CLK_ENABLE();
  88:Core/Src/usart.c ****     /**USART1 GPIO Configuration    
  89:Core/Src/usart.c ****     PB6     ------> USART1_TX
  90:Core/Src/usart.c ****     PB7     ------> USART1_RX 
  91:Core/Src/usart.c ****     */
  92:Core/Src/usart.c ****     GPIO_InitStruct.Pin = DBG_UART_TX_Pin|DBG_UART_RX_Pin;
  93:Core/Src/usart.c ****     GPIO_InitStruct.Mode = GPIO_MODE_AF_PP;
  94:Core/Src/usart.c ****     GPIO_InitStruct.Pull = GPIO_NOPULL;
ARM GAS  /var/folders/vr/85797ndx6jd_r3n_lsprlrj40000gn/T//ccL8fpfq.s 			page 7


  95:Core/Src/usart.c ****     GPIO_InitStruct.Speed = GPIO_SPEED_FREQ_HIGH;
  96:Core/Src/usart.c ****     GPIO_InitStruct.Alternate = GPIO_AF0_USART1;
  97:Core/Src/usart.c ****     HAL_GPIO_Init(GPIOB, &GPIO_InitStruct);
  98:Core/Src/usart.c **** 
  99:Core/Src/usart.c ****   /* USER CODE BEGIN USART1_MspInit 1 */
 100:Core/Src/usart.c **** 
 101:Core/Src/usart.c ****   /* USER CODE END USART1_MspInit 1 */
 102:Core/Src/usart.c ****   }
 103:Core/Src/usart.c ****   else if(uartHandle->Instance==USART2)
 237              		.loc 1 103 8 is_stmt 1 view .LVU73
 238              		.loc 1 103 10 is_stmt 0 view .LVU74
 239 0018 324A     		ldr	r2, .L28+4
 240 001a 9342     		cmp	r3, r2
 241 001c 1FD0     		beq	.L26
 242              	.L18:
 104:Core/Src/usart.c ****   {
 105:Core/Src/usart.c ****   /* USER CODE BEGIN USART2_MspInit 0 */
 106:Core/Src/usart.c **** 
 107:Core/Src/usart.c ****   /* USER CODE END USART2_MspInit 0 */
 108:Core/Src/usart.c ****     /* USART2 clock enable */
 109:Core/Src/usart.c ****     __HAL_RCC_USART2_CLK_ENABLE();
 110:Core/Src/usart.c ****   
 111:Core/Src/usart.c ****     __HAL_RCC_GPIOA_CLK_ENABLE();
 112:Core/Src/usart.c ****     /**USART2 GPIO Configuration    
 113:Core/Src/usart.c ****     PA2     ------> USART2_TX
 114:Core/Src/usart.c ****     PA3     ------> USART2_RX 
 115:Core/Src/usart.c ****     */
 116:Core/Src/usart.c ****     GPIO_InitStruct.Pin = REC_UART_TX_Pin|REC_UART_RX_Pin;
 117:Core/Src/usart.c ****     GPIO_InitStruct.Mode = GPIO_MODE_AF_PP;
 118:Core/Src/usart.c ****     GPIO_InitStruct.Pull = GPIO_NOPULL;
 119:Core/Src/usart.c ****     GPIO_InitStruct.Speed = GPIO_SPEED_FREQ_HIGH;
 120:Core/Src/usart.c ****     GPIO_InitStruct.Alternate = GPIO_AF1_USART2;
 121:Core/Src/usart.c ****     HAL_GPIO_Init(GPIOA, &GPIO_InitStruct);
 122:Core/Src/usart.c **** 
 123:Core/Src/usart.c ****     /* USART2 DMA Init */
 124:Core/Src/usart.c ****     /* USART2_RX Init */
 125:Core/Src/usart.c ****     hdma_usart2_rx.Instance = DMA1_Channel5;
 126:Core/Src/usart.c ****     hdma_usart2_rx.Init.Direction = DMA_PERIPH_TO_MEMORY;
 127:Core/Src/usart.c ****     hdma_usart2_rx.Init.PeriphInc = DMA_PINC_DISABLE;
 128:Core/Src/usart.c ****     hdma_usart2_rx.Init.MemInc = DMA_MINC_ENABLE;
 129:Core/Src/usart.c ****     hdma_usart2_rx.Init.PeriphDataAlignment = DMA_PDATAALIGN_BYTE;
 130:Core/Src/usart.c ****     hdma_usart2_rx.Init.MemDataAlignment = DMA_MDATAALIGN_BYTE;
 131:Core/Src/usart.c ****     hdma_usart2_rx.Init.Mode = DMA_CIRCULAR;
 132:Core/Src/usart.c ****     hdma_usart2_rx.Init.Priority = DMA_PRIORITY_LOW;
 133:Core/Src/usart.c ****     if (HAL_DMA_Init(&hdma_usart2_rx) != HAL_OK)
 134:Core/Src/usart.c ****     {
 135:Core/Src/usart.c ****       Error_Handler();
 136:Core/Src/usart.c ****     }
 137:Core/Src/usart.c **** 
 138:Core/Src/usart.c ****     __HAL_DMA1_REMAP(HAL_DMA1_CH5_USART2_RX);
 139:Core/Src/usart.c **** 
 140:Core/Src/usart.c ****     __HAL_LINKDMA(uartHandle,hdmarx,hdma_usart2_rx);
 141:Core/Src/usart.c **** 
 142:Core/Src/usart.c ****   /* USER CODE BEGIN USART2_MspInit 1 */
 143:Core/Src/usart.c **** 
 144:Core/Src/usart.c ****   /* USER CODE END USART2_MspInit 1 */
 145:Core/Src/usart.c ****   }
ARM GAS  /var/folders/vr/85797ndx6jd_r3n_lsprlrj40000gn/T//ccL8fpfq.s 			page 8


 146:Core/Src/usart.c **** }
 243              		.loc 1 146 1 view .LVU75
 244 001e 0BB0     		add	sp, sp, #44
 245              		@ sp needed
 246              	.LVL7:
 247              		.loc 1 146 1 view .LVU76
 248 0020 30BD     		pop	{r4, r5, pc}
 249              	.LVL8:
 250              	.L25:
  85:Core/Src/usart.c ****   
 251              		.loc 1 85 5 is_stmt 1 view .LVU77
 252              	.LBB2:
  85:Core/Src/usart.c ****   
 253              		.loc 1 85 5 view .LVU78
  85:Core/Src/usart.c ****   
 254              		.loc 1 85 5 view .LVU79
 255 0022 8020     		movs	r0, #128
 256 0024 304B     		ldr	r3, .L28+8
 257 0026 C001     		lsls	r0, r0, #7
 258 0028 9969     		ldr	r1, [r3, #24]
 259 002a 0143     		orrs	r1, r0
 260 002c 9961     		str	r1, [r3, #24]
  85:Core/Src/usart.c ****   
 261              		.loc 1 85 5 view .LVU80
 262              	.LBE2:
 263              	.LBB3:
  87:Core/Src/usart.c ****     /**USART1 GPIO Configuration    
 264              		.loc 1 87 5 is_stmt 0 view .LVU81
 265 002e 8021     		movs	r1, #128
 266              	.LBE3:
 267              	.LBB4:
  85:Core/Src/usart.c ****   
 268              		.loc 1 85 5 view .LVU82
 269 0030 9A69     		ldr	r2, [r3, #24]
 270              	.LBE4:
 271              	.LBB5:
  87:Core/Src/usart.c ****     /**USART1 GPIO Configuration    
 272              		.loc 1 87 5 view .LVU83
 273 0032 C902     		lsls	r1, r1, #11
 274              	.LBE5:
 275              	.LBB6:
  85:Core/Src/usart.c ****   
 276              		.loc 1 85 5 view .LVU84
 277 0034 0240     		ands	r2, r0
 278 0036 0192     		str	r2, [sp, #4]
  85:Core/Src/usart.c ****   
 279              		.loc 1 85 5 is_stmt 1 view .LVU85
 280 0038 019A     		ldr	r2, [sp, #4]
 281              	.LBE6:
  87:Core/Src/usart.c ****     /**USART1 GPIO Configuration    
 282              		.loc 1 87 5 view .LVU86
 283              	.LBB7:
  87:Core/Src/usart.c ****     /**USART1 GPIO Configuration    
 284              		.loc 1 87 5 view .LVU87
  87:Core/Src/usart.c ****     /**USART1 GPIO Configuration    
 285              		.loc 1 87 5 view .LVU88
 286 003a 5A69     		ldr	r2, [r3, #20]
ARM GAS  /var/folders/vr/85797ndx6jd_r3n_lsprlrj40000gn/T//ccL8fpfq.s 			page 9


 287              	.LBE7:
  97:Core/Src/usart.c **** 
 288              		.loc 1 97 5 is_stmt 0 view .LVU89
 289 003c 2B48     		ldr	r0, .L28+12
 290              	.LBB8:
  87:Core/Src/usart.c ****     /**USART1 GPIO Configuration    
 291              		.loc 1 87 5 view .LVU90
 292 003e 0A43     		orrs	r2, r1
 293 0040 5A61     		str	r2, [r3, #20]
  87:Core/Src/usart.c ****     /**USART1 GPIO Configuration    
 294              		.loc 1 87 5 is_stmt 1 view .LVU91
 295 0042 5B69     		ldr	r3, [r3, #20]
 296 0044 0B40     		ands	r3, r1
 297 0046 0293     		str	r3, [sp, #8]
  87:Core/Src/usart.c ****     /**USART1 GPIO Configuration    
 298              		.loc 1 87 5 view .LVU92
 299 0048 029B     		ldr	r3, [sp, #8]
 300              	.LBE8:
  92:Core/Src/usart.c ****     GPIO_InitStruct.Mode = GPIO_MODE_AF_PP;
 301              		.loc 1 92 5 view .LVU93
  92:Core/Src/usart.c ****     GPIO_InitStruct.Mode = GPIO_MODE_AF_PP;
 302              		.loc 1 92 25 is_stmt 0 view .LVU94
 303 004a C023     		movs	r3, #192
 304 004c 0593     		str	r3, [sp, #20]
  93:Core/Src/usart.c ****     GPIO_InitStruct.Pull = GPIO_NOPULL;
 305              		.loc 1 93 5 is_stmt 1 view .LVU95
  93:Core/Src/usart.c ****     GPIO_InitStruct.Pull = GPIO_NOPULL;
 306              		.loc 1 93 26 is_stmt 0 view .LVU96
 307 004e BE3B     		subs	r3, r3, #190
 308 0050 0693     		str	r3, [sp, #24]
  94:Core/Src/usart.c ****     GPIO_InitStruct.Speed = GPIO_SPEED_FREQ_HIGH;
 309              		.loc 1 94 5 is_stmt 1 view .LVU97
  95:Core/Src/usart.c ****     GPIO_InitStruct.Alternate = GPIO_AF0_USART1;
 310              		.loc 1 95 5 view .LVU98
  97:Core/Src/usart.c **** 
 311              		.loc 1 97 5 is_stmt 0 view .LVU99
 312 0052 05A9     		add	r1, sp, #20
  95:Core/Src/usart.c ****     GPIO_InitStruct.Alternate = GPIO_AF0_USART1;
 313              		.loc 1 95 27 view .LVU100
 314 0054 0133     		adds	r3, r3, #1
 315 0056 0893     		str	r3, [sp, #32]
  96:Core/Src/usart.c ****     HAL_GPIO_Init(GPIOB, &GPIO_InitStruct);
 316              		.loc 1 96 5 is_stmt 1 view .LVU101
  97:Core/Src/usart.c **** 
 317              		.loc 1 97 5 view .LVU102
 318 0058 FFF7FEFF 		bl	HAL_GPIO_Init
 319              	.LVL9:
 320 005c DFE7     		b	.L18
 321              	.L26:
 109:Core/Src/usart.c ****   
 322              		.loc 1 109 5 view .LVU103
 323              	.LBB9:
 109:Core/Src/usart.c ****   
 324              		.loc 1 109 5 view .LVU104
 109:Core/Src/usart.c ****   
 325              		.loc 1 109 5 view .LVU105
 326 005e 8022     		movs	r2, #128
ARM GAS  /var/folders/vr/85797ndx6jd_r3n_lsprlrj40000gn/T//ccL8fpfq.s 			page 10


 327 0060 214B     		ldr	r3, .L28+8
 328 0062 9202     		lsls	r2, r2, #10
 329 0064 D969     		ldr	r1, [r3, #28]
 330              	.LBE9:
 121:Core/Src/usart.c **** 
 331              		.loc 1 121 5 is_stmt 0 view .LVU106
 332 0066 9020     		movs	r0, #144
 333              	.LBB10:
 109:Core/Src/usart.c ****   
 334              		.loc 1 109 5 view .LVU107
 335 0068 1143     		orrs	r1, r2
 336 006a D961     		str	r1, [r3, #28]
 109:Core/Src/usart.c ****   
 337              		.loc 1 109 5 is_stmt 1 view .LVU108
 338 006c D969     		ldr	r1, [r3, #28]
 339              	.LBE10:
 121:Core/Src/usart.c **** 
 340              		.loc 1 121 5 is_stmt 0 view .LVU109
 341 006e C005     		lsls	r0, r0, #23
 342              	.LBB11:
 109:Core/Src/usart.c ****   
 343              		.loc 1 109 5 view .LVU110
 344 0070 1140     		ands	r1, r2
 345 0072 0391     		str	r1, [sp, #12]
 109:Core/Src/usart.c ****   
 346              		.loc 1 109 5 is_stmt 1 view .LVU111
 347 0074 0399     		ldr	r1, [sp, #12]
 348              	.LBE11:
 111:Core/Src/usart.c ****     /**USART2 GPIO Configuration    
 349              		.loc 1 111 5 view .LVU112
 350              	.LBB12:
 111:Core/Src/usart.c ****     /**USART2 GPIO Configuration    
 351              		.loc 1 111 5 view .LVU113
 111:Core/Src/usart.c ****     /**USART2 GPIO Configuration    
 352              		.loc 1 111 5 view .LVU114
 353 0076 5969     		ldr	r1, [r3, #20]
 354 0078 1143     		orrs	r1, r2
 355 007a 5961     		str	r1, [r3, #20]
 111:Core/Src/usart.c ****     /**USART2 GPIO Configuration    
 356              		.loc 1 111 5 view .LVU115
 357 007c 5B69     		ldr	r3, [r3, #20]
 358              	.LBE12:
 121:Core/Src/usart.c **** 
 359              		.loc 1 121 5 is_stmt 0 view .LVU116
 360 007e 05A9     		add	r1, sp, #20
 361              	.LBB13:
 111:Core/Src/usart.c ****     /**USART2 GPIO Configuration    
 362              		.loc 1 111 5 view .LVU117
 363 0080 1A40     		ands	r2, r3
 364 0082 0492     		str	r2, [sp, #16]
 111:Core/Src/usart.c ****     /**USART2 GPIO Configuration    
 365              		.loc 1 111 5 is_stmt 1 view .LVU118
 366 0084 049B     		ldr	r3, [sp, #16]
 367              	.LBE13:
 116:Core/Src/usart.c ****     GPIO_InitStruct.Mode = GPIO_MODE_AF_PP;
 368              		.loc 1 116 5 view .LVU119
 116:Core/Src/usart.c ****     GPIO_InitStruct.Mode = GPIO_MODE_AF_PP;
ARM GAS  /var/folders/vr/85797ndx6jd_r3n_lsprlrj40000gn/T//ccL8fpfq.s 			page 11


 369              		.loc 1 116 25 is_stmt 0 view .LVU120
 370 0086 0C23     		movs	r3, #12
 371 0088 0593     		str	r3, [sp, #20]
 117:Core/Src/usart.c ****     GPIO_InitStruct.Pull = GPIO_NOPULL;
 372              		.loc 1 117 5 is_stmt 1 view .LVU121
 117:Core/Src/usart.c ****     GPIO_InitStruct.Pull = GPIO_NOPULL;
 373              		.loc 1 117 26 is_stmt 0 view .LVU122
 374 008a 0A3B     		subs	r3, r3, #10
 375 008c 0693     		str	r3, [sp, #24]
 118:Core/Src/usart.c ****     GPIO_InitStruct.Speed = GPIO_SPEED_FREQ_HIGH;
 376              		.loc 1 118 5 is_stmt 1 view .LVU123
 119:Core/Src/usart.c ****     GPIO_InitStruct.Alternate = GPIO_AF1_USART2;
 377              		.loc 1 119 5 view .LVU124
 119:Core/Src/usart.c ****     GPIO_InitStruct.Alternate = GPIO_AF1_USART2;
 378              		.loc 1 119 27 is_stmt 0 view .LVU125
 379 008e 0133     		adds	r3, r3, #1
 380 0090 0893     		str	r3, [sp, #32]
 120:Core/Src/usart.c ****     HAL_GPIO_Init(GPIOA, &GPIO_InitStruct);
 381              		.loc 1 120 5 is_stmt 1 view .LVU126
 120:Core/Src/usart.c ****     HAL_GPIO_Init(GPIOA, &GPIO_InitStruct);
 382              		.loc 1 120 31 is_stmt 0 view .LVU127
 383 0092 023B     		subs	r3, r3, #2
 384 0094 0993     		str	r3, [sp, #36]
 121:Core/Src/usart.c **** 
 385              		.loc 1 121 5 is_stmt 1 view .LVU128
 386 0096 FFF7FEFF 		bl	HAL_GPIO_Init
 387              	.LVL10:
 125:Core/Src/usart.c ****     hdma_usart2_rx.Init.Direction = DMA_PERIPH_TO_MEMORY;
 388              		.loc 1 125 5 view .LVU129
 125:Core/Src/usart.c ****     hdma_usart2_rx.Init.Direction = DMA_PERIPH_TO_MEMORY;
 389              		.loc 1 125 29 is_stmt 0 view .LVU130
 390 009a 154D     		ldr	r5, .L28+16
 391 009c 154B     		ldr	r3, .L28+20
 128:Core/Src/usart.c ****     hdma_usart2_rx.Init.PeriphDataAlignment = DMA_PDATAALIGN_BYTE;
 392              		.loc 1 128 32 view .LVU131
 393 009e 8022     		movs	r2, #128
 125:Core/Src/usart.c ****     hdma_usart2_rx.Init.Direction = DMA_PERIPH_TO_MEMORY;
 394              		.loc 1 125 29 view .LVU132
 395 00a0 2B60     		str	r3, [r5]
 126:Core/Src/usart.c ****     hdma_usart2_rx.Init.PeriphInc = DMA_PINC_DISABLE;
 396              		.loc 1 126 5 is_stmt 1 view .LVU133
 126:Core/Src/usart.c ****     hdma_usart2_rx.Init.PeriphInc = DMA_PINC_DISABLE;
 397              		.loc 1 126 35 is_stmt 0 view .LVU134
 398 00a2 0023     		movs	r3, #0
 128:Core/Src/usart.c ****     hdma_usart2_rx.Init.PeriphDataAlignment = DMA_PDATAALIGN_BYTE;
 399              		.loc 1 128 32 view .LVU135
 400 00a4 EA60     		str	r2, [r5, #12]
 133:Core/Src/usart.c ****     {
 401              		.loc 1 133 9 view .LVU136
 402 00a6 2800     		movs	r0, r5
 131:Core/Src/usart.c ****     hdma_usart2_rx.Init.Priority = DMA_PRIORITY_LOW;
 403              		.loc 1 131 30 view .LVU137
 404 00a8 603A     		subs	r2, r2, #96
 126:Core/Src/usart.c ****     hdma_usart2_rx.Init.PeriphInc = DMA_PINC_DISABLE;
 405              		.loc 1 126 35 view .LVU138
 406 00aa 6B60     		str	r3, [r5, #4]
 127:Core/Src/usart.c ****     hdma_usart2_rx.Init.MemInc = DMA_MINC_ENABLE;
ARM GAS  /var/folders/vr/85797ndx6jd_r3n_lsprlrj40000gn/T//ccL8fpfq.s 			page 12


 407              		.loc 1 127 5 is_stmt 1 view .LVU139
 127:Core/Src/usart.c ****     hdma_usart2_rx.Init.MemInc = DMA_MINC_ENABLE;
 408              		.loc 1 127 35 is_stmt 0 view .LVU140
 409 00ac AB60     		str	r3, [r5, #8]
 128:Core/Src/usart.c ****     hdma_usart2_rx.Init.PeriphDataAlignment = DMA_PDATAALIGN_BYTE;
 410              		.loc 1 128 5 is_stmt 1 view .LVU141
 129:Core/Src/usart.c ****     hdma_usart2_rx.Init.MemDataAlignment = DMA_MDATAALIGN_BYTE;
 411              		.loc 1 129 5 view .LVU142
 129:Core/Src/usart.c ****     hdma_usart2_rx.Init.MemDataAlignment = DMA_MDATAALIGN_BYTE;
 412              		.loc 1 129 45 is_stmt 0 view .LVU143
 413 00ae 2B61     		str	r3, [r5, #16]
 130:Core/Src/usart.c ****     hdma_usart2_rx.Init.Mode = DMA_CIRCULAR;
 414              		.loc 1 130 5 is_stmt 1 view .LVU144
 130:Core/Src/usart.c ****     hdma_usart2_rx.Init.Mode = DMA_CIRCULAR;
 415              		.loc 1 130 42 is_stmt 0 view .LVU145
 416 00b0 6B61     		str	r3, [r5, #20]
 131:Core/Src/usart.c ****     hdma_usart2_rx.Init.Priority = DMA_PRIORITY_LOW;
 417              		.loc 1 131 5 is_stmt 1 view .LVU146
 131:Core/Src/usart.c ****     hdma_usart2_rx.Init.Priority = DMA_PRIORITY_LOW;
 418              		.loc 1 131 30 is_stmt 0 view .LVU147
 419 00b2 AA61     		str	r2, [r5, #24]
 132:Core/Src/usart.c ****     if (HAL_DMA_Init(&hdma_usart2_rx) != HAL_OK)
 420              		.loc 1 132 5 is_stmt 1 view .LVU148
 132:Core/Src/usart.c ****     if (HAL_DMA_Init(&hdma_usart2_rx) != HAL_OK)
 421              		.loc 1 132 34 is_stmt 0 view .LVU149
 422 00b4 EB61     		str	r3, [r5, #28]
 133:Core/Src/usart.c ****     {
 423              		.loc 1 133 5 is_stmt 1 view .LVU150
 133:Core/Src/usart.c ****     {
 424              		.loc 1 133 9 is_stmt 0 view .LVU151
 425 00b6 FFF7FEFF 		bl	HAL_DMA_Init
 426              	.LVL11:
 133:Core/Src/usart.c ****     {
 427              		.loc 1 133 8 view .LVU152
 428 00ba 0028     		cmp	r0, #0
 429 00bc 0DD1     		bne	.L27
 430              	.L21:
 138:Core/Src/usart.c **** 
 431              		.loc 1 138 5 is_stmt 1 view .LVU153
 138:Core/Src/usart.c **** 
 432              		.loc 1 138 5 view .LVU154
 138:Core/Src/usart.c **** 
 433              		.loc 1 138 5 view .LVU155
 434 00be A823     		movs	r3, #168
 435 00c0 0D4A     		ldr	r2, .L28+24
 436 00c2 0E48     		ldr	r0, .L28+28
 437 00c4 D158     		ldr	r1, [r2, r3]
 438 00c6 0140     		ands	r1, r0
 439 00c8 D150     		str	r1, [r2, r3]
 138:Core/Src/usart.c **** 
 440              		.loc 1 138 5 view .LVU156
 441 00ca 9021     		movs	r1, #144
 442 00cc D058     		ldr	r0, [r2, r3]
 443 00ce 0903     		lsls	r1, r1, #12
 444 00d0 0143     		orrs	r1, r0
 445 00d2 D150     		str	r1, [r2, r3]
 140:Core/Src/usart.c **** 
ARM GAS  /var/folders/vr/85797ndx6jd_r3n_lsprlrj40000gn/T//ccL8fpfq.s 			page 13


 446              		.loc 1 140 5 view .LVU157
 140:Core/Src/usart.c **** 
 447              		.loc 1 140 5 view .LVU158
 448 00d4 6566     		str	r5, [r4, #100]
 140:Core/Src/usart.c **** 
 449              		.loc 1 140 5 view .LVU159
 450 00d6 6C62     		str	r4, [r5, #36]
 451              		.loc 1 146 1 is_stmt 0 view .LVU160
 452 00d8 A1E7     		b	.L18
 453              	.L27:
 135:Core/Src/usart.c ****     }
 454              		.loc 1 135 7 is_stmt 1 view .LVU161
 455 00da FFF7FEFF 		bl	Error_Handler
 456              	.LVL12:
 457 00de EEE7     		b	.L21
 458              	.L29:
 459              		.align	2
 460              	.L28:
 461 00e0 00380140 		.word	1073821696
 462 00e4 00440040 		.word	1073759232
 463 00e8 00100240 		.word	1073876992
 464 00ec 00040048 		.word	1207960576
 465 00f0 00000000 		.word	hdma_usart2_rx
 466 00f4 58000240 		.word	1073872984
 467 00f8 00000240 		.word	1073872896
 468 00fc FFFFF0FF 		.word	-983041
 469              		.cfi_endproc
 470              	.LFE39:
 472              		.section	.text.HAL_UART_MspDeInit,"ax",%progbits
 473              		.align	1
 474              		.p2align 2,,3
 475              		.global	HAL_UART_MspDeInit
 476              		.syntax unified
 477              		.code	16
 478              		.thumb_func
 479              		.fpu softvfp
 481              	HAL_UART_MspDeInit:
 482              	.LVL13:
 483              	.LFB40:
 147:Core/Src/usart.c **** 
 148:Core/Src/usart.c **** void HAL_UART_MspDeInit(UART_HandleTypeDef* uartHandle)
 149:Core/Src/usart.c **** {
 484              		.loc 1 149 1 view -0
 485              		.cfi_startproc
 486              		@ args = 0, pretend = 0, frame = 0
 487              		@ frame_needed = 0, uses_anonymous_args = 0
 150:Core/Src/usart.c **** 
 151:Core/Src/usart.c ****   if(uartHandle->Instance==USART1)
 488              		.loc 1 151 3 view .LVU163
 489              		.loc 1 151 16 is_stmt 0 view .LVU164
 490 0000 0368     		ldr	r3, [r0]
 491              		.loc 1 151 5 view .LVU165
 492 0002 104A     		ldr	r2, .L35
 149:Core/Src/usart.c **** 
 493              		.loc 1 149 1 view .LVU166
 494 0004 10B5     		push	{r4, lr}
 495              	.LCFI4:
ARM GAS  /var/folders/vr/85797ndx6jd_r3n_lsprlrj40000gn/T//ccL8fpfq.s 			page 14


 496              		.cfi_def_cfa_offset 8
 497              		.cfi_offset 4, -8
 498              		.cfi_offset 14, -4
 149:Core/Src/usart.c **** 
 499              		.loc 1 149 1 view .LVU167
 500 0006 0400     		movs	r4, r0
 501              		.loc 1 151 5 view .LVU168
 502 0008 9342     		cmp	r3, r2
 503 000a 03D0     		beq	.L33
 152:Core/Src/usart.c ****   {
 153:Core/Src/usart.c ****   /* USER CODE BEGIN USART1_MspDeInit 0 */
 154:Core/Src/usart.c **** 
 155:Core/Src/usart.c ****   /* USER CODE END USART1_MspDeInit 0 */
 156:Core/Src/usart.c ****     /* Peripheral clock disable */
 157:Core/Src/usart.c ****     __HAL_RCC_USART1_CLK_DISABLE();
 158:Core/Src/usart.c ****   
 159:Core/Src/usart.c ****     /**USART1 GPIO Configuration    
 160:Core/Src/usart.c ****     PB6     ------> USART1_TX
 161:Core/Src/usart.c ****     PB7     ------> USART1_RX 
 162:Core/Src/usart.c ****     */
 163:Core/Src/usart.c ****     HAL_GPIO_DeInit(GPIOB, DBG_UART_TX_Pin|DBG_UART_RX_Pin);
 164:Core/Src/usart.c **** 
 165:Core/Src/usart.c ****   /* USER CODE BEGIN USART1_MspDeInit 1 */
 166:Core/Src/usart.c **** 
 167:Core/Src/usart.c ****   /* USER CODE END USART1_MspDeInit 1 */
 168:Core/Src/usart.c ****   }
 169:Core/Src/usart.c ****   else if(uartHandle->Instance==USART2)
 504              		.loc 1 169 8 is_stmt 1 view .LVU169
 505              		.loc 1 169 10 is_stmt 0 view .LVU170
 506 000c 0E4A     		ldr	r2, .L35+4
 507 000e 9342     		cmp	r3, r2
 508 0010 0AD0     		beq	.L34
 509              	.LVL14:
 510              	.L30:
 170:Core/Src/usart.c ****   {
 171:Core/Src/usart.c ****   /* USER CODE BEGIN USART2_MspDeInit 0 */
 172:Core/Src/usart.c **** 
 173:Core/Src/usart.c ****   /* USER CODE END USART2_MspDeInit 0 */
 174:Core/Src/usart.c ****     /* Peripheral clock disable */
 175:Core/Src/usart.c ****     __HAL_RCC_USART2_CLK_DISABLE();
 176:Core/Src/usart.c ****   
 177:Core/Src/usart.c ****     /**USART2 GPIO Configuration    
 178:Core/Src/usart.c ****     PA2     ------> USART2_TX
 179:Core/Src/usart.c ****     PA3     ------> USART2_RX 
 180:Core/Src/usart.c ****     */
 181:Core/Src/usart.c ****     HAL_GPIO_DeInit(GPIOA, REC_UART_TX_Pin|REC_UART_RX_Pin);
 182:Core/Src/usart.c **** 
 183:Core/Src/usart.c ****     /* USART2 DMA DeInit */
 184:Core/Src/usart.c ****     HAL_DMA_DeInit(uartHandle->hdmarx);
 185:Core/Src/usart.c ****   /* USER CODE BEGIN USART2_MspDeInit 1 */
 186:Core/Src/usart.c **** 
 187:Core/Src/usart.c ****   /* USER CODE END USART2_MspDeInit 1 */
 188:Core/Src/usart.c ****   }
 189:Core/Src/usart.c **** } 
 511              		.loc 1 189 1 view .LVU171
 512              		@ sp needed
 513              	.LVL15:
ARM GAS  /var/folders/vr/85797ndx6jd_r3n_lsprlrj40000gn/T//ccL8fpfq.s 			page 15


 514              		.loc 1 189 1 view .LVU172
 515 0012 10BD     		pop	{r4, pc}
 516              	.LVL16:
 517              	.L33:
 157:Core/Src/usart.c ****   
 518              		.loc 1 157 5 is_stmt 1 view .LVU173
 519 0014 0D4A     		ldr	r2, .L35+8
 520 0016 0E49     		ldr	r1, .L35+12
 521 0018 9369     		ldr	r3, [r2, #24]
 163:Core/Src/usart.c **** 
 522              		.loc 1 163 5 is_stmt 0 view .LVU174
 523 001a 0E48     		ldr	r0, .L35+16
 524              	.LVL17:
 157:Core/Src/usart.c ****   
 525              		.loc 1 157 5 view .LVU175
 526 001c 0B40     		ands	r3, r1
 527 001e 9361     		str	r3, [r2, #24]
 163:Core/Src/usart.c **** 
 528              		.loc 1 163 5 is_stmt 1 view .LVU176
 529 0020 C021     		movs	r1, #192
 530 0022 FFF7FEFF 		bl	HAL_GPIO_DeInit
 531              	.LVL18:
 532 0026 F4E7     		b	.L30
 533              	.LVL19:
 534              	.L34:
 175:Core/Src/usart.c ****   
 535              		.loc 1 175 5 view .LVU177
 181:Core/Src/usart.c **** 
 536              		.loc 1 181 5 is_stmt 0 view .LVU178
 537 0028 9020     		movs	r0, #144
 538              	.LVL20:
 175:Core/Src/usart.c ****   
 539              		.loc 1 175 5 view .LVU179
 540 002a 084A     		ldr	r2, .L35+8
 541 002c 0A49     		ldr	r1, .L35+20
 542 002e D369     		ldr	r3, [r2, #28]
 181:Core/Src/usart.c **** 
 543              		.loc 1 181 5 view .LVU180
 544 0030 C005     		lsls	r0, r0, #23
 175:Core/Src/usart.c ****   
 545              		.loc 1 175 5 view .LVU181
 546 0032 0B40     		ands	r3, r1
 547 0034 D361     		str	r3, [r2, #28]
 181:Core/Src/usart.c **** 
 548              		.loc 1 181 5 is_stmt 1 view .LVU182
 549 0036 0C21     		movs	r1, #12
 550 0038 FFF7FEFF 		bl	HAL_GPIO_DeInit
 551              	.LVL21:
 184:Core/Src/usart.c ****   /* USER CODE BEGIN USART2_MspDeInit 1 */
 552              		.loc 1 184 5 view .LVU183
 553 003c 606E     		ldr	r0, [r4, #100]
 554 003e FFF7FEFF 		bl	HAL_DMA_DeInit
 555              	.LVL22:
 556              		.loc 1 189 1 is_stmt 0 view .LVU184
 557 0042 E6E7     		b	.L30
 558              	.L36:
 559              		.align	2
ARM GAS  /var/folders/vr/85797ndx6jd_r3n_lsprlrj40000gn/T//ccL8fpfq.s 			page 16


 560              	.L35:
 561 0044 00380140 		.word	1073821696
 562 0048 00440040 		.word	1073759232
 563 004c 00100240 		.word	1073876992
 564 0050 FFBFFFFF 		.word	-16385
 565 0054 00040048 		.word	1207960576
 566 0058 FFFFFDFF 		.word	-131073
 567              		.cfi_endproc
 568              	.LFE40:
 570              		.comm	hdma_usart2_rx,68,4
 571              		.comm	huart2,112,4
 572              		.comm	huart1,112,4
 573              		.text
 574              	.Letext0:
 575              		.file 2 "/usr/local/Cellar/arm-gcc-bin/8-2018-q4-major/arm-none-eabi/include/machine/_default_type
 576              		.file 3 "/usr/local/Cellar/arm-gcc-bin/8-2018-q4-major/arm-none-eabi/include/sys/_stdint.h"
 577              		.file 4 "Drivers/CMSIS/Device/ST/STM32F0xx/Include/system_stm32f0xx.h"
 578              		.file 5 "Drivers/CMSIS/Device/ST/STM32F0xx/Include/stm32f030xc.h"
 579              		.file 6 "/usr/local/Cellar/arm-gcc-bin/8-2018-q4-major/arm-none-eabi/include/sys/lock.h"
 580              		.file 7 "/usr/local/Cellar/arm-gcc-bin/8-2018-q4-major/arm-none-eabi/include/sys/_types.h"
 581              		.file 8 "/usr/local/Cellar/arm-gcc-bin/8-2018-q4-major/lib/gcc/arm-none-eabi/8.2.1/include/stddef.
 582              		.file 9 "/usr/local/Cellar/arm-gcc-bin/8-2018-q4-major/arm-none-eabi/include/sys/reent.h"
 583              		.file 10 "Drivers/STM32F0xx_HAL_Driver/Inc/stm32f0xx_hal_def.h"
 584              		.file 11 "Drivers/STM32F0xx_HAL_Driver/Inc/stm32f0xx_hal_gpio.h"
 585              		.file 12 "Drivers/STM32F0xx_HAL_Driver/Inc/stm32f0xx_hal_dma.h"
 586              		.file 13 "Drivers/STM32F0xx_HAL_Driver/Inc/stm32f0xx_hal_uart.h"
 587              		.file 14 "Core/Inc/usart.h"
 588              		.file 15 "Core/Inc/main.h"
 589              		.file 16 "<built-in>"
ARM GAS  /var/folders/vr/85797ndx6jd_r3n_lsprlrj40000gn/T//ccL8fpfq.s 			page 17


DEFINED SYMBOLS
                            *ABS*:0000000000000000 usart.c
/var/folders/vr/85797ndx6jd_r3n_lsprlrj40000gn/T//ccL8fpfq.s:16     .text.MX_USART1_UART_Init:0000000000000000 $t
/var/folders/vr/85797ndx6jd_r3n_lsprlrj40000gn/T//ccL8fpfq.s:25     .text.MX_USART1_UART_Init:0000000000000000 MX_USART1_UART_Init
/var/folders/vr/85797ndx6jd_r3n_lsprlrj40000gn/T//ccL8fpfq.s:104    .text.MX_USART1_UART_Init:000000000000003c $d
                            *COM*:0000000000000070 huart1
/var/folders/vr/85797ndx6jd_r3n_lsprlrj40000gn/T//ccL8fpfq.s:110    .text.MX_USART2_UART_Init:0000000000000000 $t
/var/folders/vr/85797ndx6jd_r3n_lsprlrj40000gn/T//ccL8fpfq.s:118    .text.MX_USART2_UART_Init:0000000000000000 MX_USART2_UART_Init
/var/folders/vr/85797ndx6jd_r3n_lsprlrj40000gn/T//ccL8fpfq.s:189    .text.MX_USART2_UART_Init:0000000000000034 $d
                            *COM*:0000000000000070 huart2
/var/folders/vr/85797ndx6jd_r3n_lsprlrj40000gn/T//ccL8fpfq.s:195    .text.HAL_UART_MspInit:0000000000000000 $t
/var/folders/vr/85797ndx6jd_r3n_lsprlrj40000gn/T//ccL8fpfq.s:203    .text.HAL_UART_MspInit:0000000000000000 HAL_UART_MspInit
/var/folders/vr/85797ndx6jd_r3n_lsprlrj40000gn/T//ccL8fpfq.s:461    .text.HAL_UART_MspInit:00000000000000e0 $d
                            *COM*:0000000000000044 hdma_usart2_rx
/var/folders/vr/85797ndx6jd_r3n_lsprlrj40000gn/T//ccL8fpfq.s:473    .text.HAL_UART_MspDeInit:0000000000000000 $t
/var/folders/vr/85797ndx6jd_r3n_lsprlrj40000gn/T//ccL8fpfq.s:481    .text.HAL_UART_MspDeInit:0000000000000000 HAL_UART_MspDeInit
/var/folders/vr/85797ndx6jd_r3n_lsprlrj40000gn/T//ccL8fpfq.s:561    .text.HAL_UART_MspDeInit:0000000000000044 $d

UNDEFINED SYMBOLS
HAL_UART_Init
Error_Handler
memset
HAL_GPIO_Init
HAL_DMA_Init
HAL_GPIO_DeInit
HAL_DMA_DeInit
